2026-02-26 14:41:47,000 - INFO - Лог-файл этой симуляции: logs\sim_20260226_144146.log
2026-02-26 14:41:47,001 - INFO - ============================================================
2026-02-26 14:41:47,001 - INFO - НАЧАЛО СИМУЛЯЦИИ
2026-02-26 14:41:47,001 - INFO - Режим: random
2026-02-26 14:41:47,001 - INFO - Модуляция: PSK-8, Код Грея: True
2026-02-26 14:41:47,001 - INFO - Кодирование: отключено
2026-02-26 14:41:47,001 - INFO - Диапазон Eb/N0: 0.0..10.0 дБ, шаг 1.0
2026-02-26 14:41:47,001 - INFO - ============================================================
2026-02-26 14:41:47,477 - INFO - Eb/N0=0.00 dB | Es/N0=4.77 dB | Mod=PSKModulator-8 | Gray=True | CodeRate=1.000 | Bits=100000 | BitErrors=50443 | BER=5.044e-01 | SER=8.874e-01 | CorrectedErrors=0 | DetectedErrors=0 | Blocks=0 | Channels=['Rayleigh Fading']
2026-02-26 14:41:47,949 - INFO - Eb/N0=0.00 dB | Es/N0=4.77 dB | Mod=PSKModulator-8 | Gray=True | CodeRate=1.000 | Bits=100000 | BitErrors=50494 | BER=5.049e-01 | SER=8.973e-01 | CorrectedErrors=0 | DetectedErrors=0 | Blocks=0 | Channels=['Rayleigh Fading']
2026-02-26 14:41:48,431 - INFO - Eb/N0=0.00 dB | Es/N0=4.77 dB | Mod=PSKModulator-8 | Gray=True | CodeRate=1.000 | Bits=100000 | BitErrors=49318 | BER=4.932e-01 | SER=8.514e-01 | CorrectedErrors=0 | DetectedErrors=0 | Blocks=0 | Channels=['Rayleigh Fading']
2026-02-26 14:41:48,901 - INFO - Eb/N0=0.00 dB | Es/N0=4.77 dB | Mod=PSKModulator-8 | Gray=True | CodeRate=1.000 | Bits=100000 | BitErrors=49983 | BER=4.998e-01 | SER=8.798e-01 | CorrectedErrors=0 | DetectedErrors=0 | Blocks=0 | Channels=['Rayleigh Fading']
2026-02-26 14:41:49,377 - INFO - Eb/N0=0.00 dB | Es/N0=4.77 dB | Mod=PSKModulator-8 | Gray=True | CodeRate=1.000 | Bits=100000 | BitErrors=49970 | BER=4.997e-01 | SER=8.739e-01 | CorrectedErrors=0 | DetectedErrors=0 | Blocks=0 | Channels=['Rayleigh Fading']
2026-02-26 14:41:49,849 - INFO - Eb/N0=1.00 dB | Es/N0=5.77 dB | Mod=PSKModulator-8 | Gray=True | CodeRate=1.000 | Bits=100000 | BitErrors=50378 | BER=5.038e-01 | SER=9.006e-01 | CorrectedErrors=0 | DetectedErrors=0 | Blocks=0 | Channels=['Rayleigh Fading']
2026-02-26 14:41:50,320 - INFO - Eb/N0=1.00 dB | Es/N0=5.77 dB | Mod=PSKModulator-8 | Gray=True | CodeRate=1.000 | Bits=100000 | BitErrors=50009 | BER=5.001e-01 | SER=8.848e-01 | CorrectedErrors=0 | DetectedErrors=0 | Blocks=0 | Channels=['Rayleigh Fading']
2026-02-26 14:41:50,789 - INFO - Eb/N0=1.00 dB | Es/N0=5.77 dB | Mod=PSKModulator-8 | Gray=True | CodeRate=1.000 | Bits=100000 | BitErrors=50007 | BER=5.001e-01 | SER=8.764e-01 | CorrectedErrors=0 | DetectedErrors=0 | Blocks=0 | Channels=['Rayleigh Fading']
2026-02-26 14:41:51,265 - INFO - Eb/N0=1.00 dB | Es/N0=5.77 dB | Mod=PSKModulator-8 | Gray=True | CodeRate=1.000 | Bits=100000 | BitErrors=49900 | BER=4.990e-01 | SER=8.774e-01 | CorrectedErrors=0 | DetectedErrors=0 | Blocks=0 | Channels=['Rayleigh Fading']
2026-02-26 14:41:51,736 - INFO - Eb/N0=1.00 dB | Es/N0=5.77 dB | Mod=PSKModulator-8 | Gray=True | CodeRate=1.000 | Bits=100000 | BitErrors=49131 | BER=4.913e-01 | SER=8.356e-01 | CorrectedErrors=0 | DetectedErrors=0 | Blocks=0 | Channels=['Rayleigh Fading']
2026-02-26 14:41:52,215 - INFO - Eb/N0=2.00 dB | Es/N0=6.77 dB | Mod=PSKModulator-8 | Gray=True | CodeRate=1.000 | Bits=100000 | BitErrors=50522 | BER=5.052e-01 | SER=8.886e-01 | CorrectedErrors=0 | DetectedErrors=0 | Blocks=0 | Channels=['Rayleigh Fading']
2026-02-26 14:41:52,673 - INFO - Eb/N0=2.00 dB | Es/N0=6.77 dB | Mod=PSKModulator-8 | Gray=True | CodeRate=1.000 | Bits=100000 | BitErrors=50234 | BER=5.023e-01 | SER=8.831e-01 | CorrectedErrors=0 | DetectedErrors=0 | Blocks=0 | Channels=['Rayleigh Fading']
2026-02-26 14:41:53,142 - INFO - Eb/N0=2.00 dB | Es/N0=6.77 dB | Mod=PSKModulator-8 | Gray=True | CodeRate=1.000 | Bits=100000 | BitErrors=49968 | BER=4.997e-01 | SER=8.596e-01 | CorrectedErrors=0 | DetectedErrors=0 | Blocks=0 | Channels=['Rayleigh Fading']
2026-02-26 14:41:53,608 - INFO - Eb/N0=2.00 dB | Es/N0=6.77 dB | Mod=PSKModulator-8 | Gray=True | CodeRate=1.000 | Bits=100000 | BitErrors=49974 | BER=4.997e-01 | SER=8.730e-01 | CorrectedErrors=0 | DetectedErrors=0 | Blocks=0 | Channels=['Rayleigh Fading']
2026-02-26 14:41:54,081 - INFO - Eb/N0=2.00 dB | Es/N0=6.77 dB | Mod=PSKModulator-8 | Gray=True | CodeRate=1.000 | Bits=100000 | BitErrors=49830 | BER=4.983e-01 | SER=8.620e-01 | CorrectedErrors=0 | DetectedErrors=0 | Blocks=0 | Channels=['Rayleigh Fading']
2026-02-26 14:41:54,559 - INFO - Eb/N0=3.00 dB | Es/N0=7.77 dB | Mod=PSKModulator-8 | Gray=True | CodeRate=1.000 | Bits=100000 | BitErrors=49945 | BER=4.995e-01 | SER=8.769e-01 | CorrectedErrors=0 | DetectedErrors=0 | Blocks=0 | Channels=['Rayleigh Fading']
2026-02-26 14:41:55,047 - INFO - Eb/N0=3.00 dB | Es/N0=7.77 dB | Mod=PSKModulator-8 | Gray=True | CodeRate=1.000 | Bits=100000 | BitErrors=50523 | BER=5.052e-01 | SER=8.968e-01 | CorrectedErrors=0 | DetectedErrors=0 | Blocks=0 | Channels=['Rayleigh Fading']
2026-02-26 14:41:55,512 - INFO - Eb/N0=3.00 dB | Es/N0=7.77 dB | Mod=PSKModulator-8 | Gray=True | CodeRate=1.000 | Bits=100000 | BitErrors=49135 | BER=4.914e-01 | SER=8.360e-01 | CorrectedErrors=0 | DetectedErrors=0 | Blocks=0 | Channels=['Rayleigh Fading']
2026-02-26 14:41:55,974 - INFO - Eb/N0=3.00 dB | Es/N0=7.77 dB | Mod=PSKModulator-8 | Gray=True | CodeRate=1.000 | Bits=100000 | BitErrors=50677 | BER=5.068e-01 | SER=8.974e-01 | CorrectedErrors=0 | DetectedErrors=0 | Blocks=0 | Channels=['Rayleigh Fading']
2026-02-26 14:41:56,432 - INFO - Eb/N0=3.00 dB | Es/N0=7.77 dB | Mod=PSKModulator-8 | Gray=True | CodeRate=1.000 | Bits=100000 | BitErrors=49891 | BER=4.989e-01 | SER=8.640e-01 | CorrectedErrors=0 | DetectedErrors=0 | Blocks=0 | Channels=['Rayleigh Fading']
2026-02-26 14:41:56,899 - INFO - Eb/N0=4.00 dB | Es/N0=8.77 dB | Mod=PSKModulator-8 | Gray=True | CodeRate=1.000 | Bits=100000 | BitErrors=50265 | BER=5.027e-01 | SER=8.911e-01 | CorrectedErrors=0 | DetectedErrors=0 | Blocks=0 | Channels=['Rayleigh Fading']
2026-02-26 14:41:57,359 - INFO - Eb/N0=4.00 dB | Es/N0=8.77 dB | Mod=PSKModulator-8 | Gray=True | CodeRate=1.000 | Bits=100000 | BitErrors=49984 | BER=4.998e-01 | SER=8.684e-01 | CorrectedErrors=0 | DetectedErrors=0 | Blocks=0 | Channels=['Rayleigh Fading']
2026-02-26 14:41:57,816 - INFO - Eb/N0=4.00 dB | Es/N0=8.77 dB | Mod=PSKModulator-8 | Gray=True | CodeRate=1.000 | Bits=100000 | BitErrors=49519 | BER=4.952e-01 | SER=8.506e-01 | CorrectedErrors=0 | DetectedErrors=0 | Blocks=0 | Channels=['Rayleigh Fading']
2026-02-26 14:41:58,278 - INFO - Eb/N0=4.00 dB | Es/N0=8.77 dB | Mod=PSKModulator-8 | Gray=True | CodeRate=1.000 | Bits=100000 | BitErrors=50122 | BER=5.012e-01 | SER=8.906e-01 | CorrectedErrors=0 | DetectedErrors=0 | Blocks=0 | Channels=['Rayleigh Fading']
2026-02-26 14:41:58,739 - INFO - Eb/N0=4.00 dB | Es/N0=8.77 dB | Mod=PSKModulator-8 | Gray=True | CodeRate=1.000 | Bits=100000 | BitErrors=49028 | BER=4.903e-01 | SER=8.216e-01 | CorrectedErrors=0 | DetectedErrors=0 | Blocks=0 | Channels=['Rayleigh Fading']
2026-02-26 14:41:59,234 - INFO - Eb/N0=5.00 dB | Es/N0=9.77 dB | Mod=PSKModulator-8 | Gray=True | CodeRate=1.000 | Bits=100000 | BitErrors=50340 | BER=5.034e-01 | SER=8.781e-01 | CorrectedErrors=0 | DetectedErrors=0 | Blocks=0 | Channels=['Rayleigh Fading']
2026-02-26 14:41:59,699 - INFO - Eb/N0=5.00 dB | Es/N0=9.77 dB | Mod=PSKModulator-8 | Gray=True | CodeRate=1.000 | Bits=100000 | BitErrors=50323 | BER=5.032e-01 | SER=8.929e-01 | CorrectedErrors=0 | DetectedErrors=0 | Blocks=0 | Channels=['Rayleigh Fading']
2026-02-26 14:42:00,174 - INFO - Eb/N0=5.00 dB | Es/N0=9.77 dB | Mod=PSKModulator-8 | Gray=True | CodeRate=1.000 | Bits=100000 | BitErrors=49031 | BER=4.903e-01 | SER=8.371e-01 | CorrectedErrors=0 | DetectedErrors=0 | Blocks=0 | Channels=['Rayleigh Fading']
2026-02-26 14:42:00,643 - INFO - Eb/N0=5.00 dB | Es/N0=9.77 dB | Mod=PSKModulator-8 | Gray=True | CodeRate=1.000 | Bits=100000 | BitErrors=48984 | BER=4.898e-01 | SER=8.304e-01 | CorrectedErrors=0 | DetectedErrors=0 | Blocks=0 | Channels=['Rayleigh Fading']
2026-02-26 14:42:01,116 - INFO - Eb/N0=5.00 dB | Es/N0=9.77 dB | Mod=PSKModulator-8 | Gray=True | CodeRate=1.000 | Bits=100000 | BitErrors=49938 | BER=4.994e-01 | SER=8.820e-01 | CorrectedErrors=0 | DetectedErrors=0 | Blocks=0 | Channels=['Rayleigh Fading']
2026-02-26 14:42:01,588 - INFO - Eb/N0=6.00 dB | Es/N0=10.77 dB | Mod=PSKModulator-8 | Gray=True | CodeRate=1.000 | Bits=100000 | BitErrors=50074 | BER=5.007e-01 | SER=8.702e-01 | CorrectedErrors=0 | DetectedErrors=0 | Blocks=0 | Channels=['Rayleigh Fading']
2026-02-26 14:42:02,058 - INFO - Eb/N0=6.00 dB | Es/N0=10.77 dB | Mod=PSKModulator-8 | Gray=True | CodeRate=1.000 | Bits=100000 | BitErrors=49872 | BER=4.987e-01 | SER=8.681e-01 | CorrectedErrors=0 | DetectedErrors=0 | Blocks=0 | Channels=['Rayleigh Fading']
2026-02-26 14:42:02,528 - INFO - Eb/N0=6.00 dB | Es/N0=10.77 dB | Mod=PSKModulator-8 | Gray=True | CodeRate=1.000 | Bits=100000 | BitErrors=50005 | BER=5.000e-01 | SER=8.602e-01 | CorrectedErrors=0 | DetectedErrors=0 | Blocks=0 | Channels=['Rayleigh Fading']
2026-02-26 14:42:03,003 - INFO - Eb/N0=6.00 dB | Es/N0=10.77 dB | Mod=PSKModulator-8 | Gray=True | CodeRate=1.000 | Bits=100000 | BitErrors=49707 | BER=4.971e-01 | SER=8.566e-01 | CorrectedErrors=0 | DetectedErrors=0 | Blocks=0 | Channels=['Rayleigh Fading']
2026-02-26 14:42:03,480 - INFO - Eb/N0=6.00 dB | Es/N0=10.77 dB | Mod=PSKModulator-8 | Gray=True | CodeRate=1.000 | Bits=100000 | BitErrors=50862 | BER=5.086e-01 | SER=9.297e-01 | CorrectedErrors=0 | DetectedErrors=0 | Blocks=0 | Channels=['Rayleigh Fading']
2026-02-26 14:42:03,953 - INFO - Eb/N0=7.00 dB | Es/N0=11.77 dB | Mod=PSKModulator-8 | Gray=True | CodeRate=1.000 | Bits=100000 | BitErrors=50267 | BER=5.027e-01 | SER=8.916e-01 | CorrectedErrors=0 | DetectedErrors=0 | Blocks=0 | Channels=['Rayleigh Fading']
2026-02-26 14:42:04,426 - INFO - Eb/N0=7.00 dB | Es/N0=11.77 dB | Mod=PSKModulator-8 | Gray=True | CodeRate=1.000 | Bits=100000 | BitErrors=49869 | BER=4.987e-01 | SER=8.585e-01 | CorrectedErrors=0 | DetectedErrors=0 | Blocks=0 | Channels=['Rayleigh Fading']
2026-02-26 14:42:04,909 - INFO - Eb/N0=7.00 dB | Es/N0=11.77 dB | Mod=PSKModulator-8 | Gray=True | CodeRate=1.000 | Bits=100000 | BitErrors=50524 | BER=5.052e-01 | SER=9.057e-01 | CorrectedErrors=0 | DetectedErrors=0 | Blocks=0 | Channels=['Rayleigh Fading']
2026-02-26 14:42:05,381 - INFO - Eb/N0=7.00 dB | Es/N0=11.77 dB | Mod=PSKModulator-8 | Gray=True | CodeRate=1.000 | Bits=100000 | BitErrors=49991 | BER=4.999e-01 | SER=8.798e-01 | CorrectedErrors=0 | DetectedErrors=0 | Blocks=0 | Channels=['Rayleigh Fading']
2026-02-26 14:42:05,852 - INFO - Eb/N0=7.00 dB | Es/N0=11.77 dB | Mod=PSKModulator-8 | Gray=True | CodeRate=1.000 | Bits=100000 | BitErrors=49857 | BER=4.986e-01 | SER=8.644e-01 | CorrectedErrors=0 | DetectedErrors=0 | Blocks=0 | Channels=['Rayleigh Fading']
2026-02-26 14:42:06,326 - INFO - Eb/N0=8.00 dB | Es/N0=12.77 dB | Mod=PSKModulator-8 | Gray=True | CodeRate=1.000 | Bits=100000 | BitErrors=49283 | BER=4.928e-01 | SER=8.469e-01 | CorrectedErrors=0 | DetectedErrors=0 | Blocks=0 | Channels=['Rayleigh Fading']
2026-02-26 14:42:06,800 - INFO - Eb/N0=8.00 dB | Es/N0=12.77 dB | Mod=PSKModulator-8 | Gray=True | CodeRate=1.000 | Bits=100000 | BitErrors=50279 | BER=5.028e-01 | SER=8.878e-01 | CorrectedErrors=0 | DetectedErrors=0 | Blocks=0 | Channels=['Rayleigh Fading']
2026-02-26 14:42:07,279 - INFO - Eb/N0=8.00 dB | Es/N0=12.77 dB | Mod=PSKModulator-8 | Gray=True | CodeRate=1.000 | Bits=100000 | BitErrors=50871 | BER=5.087e-01 | SER=9.318e-01 | CorrectedErrors=0 | DetectedErrors=0 | Blocks=0 | Channels=['Rayleigh Fading']
2026-02-26 14:42:07,748 - INFO - Eb/N0=8.00 dB | Es/N0=12.77 dB | Mod=PSKModulator-8 | Gray=True | CodeRate=1.000 | Bits=100000 | BitErrors=50166 | BER=5.017e-01 | SER=8.774e-01 | CorrectedErrors=0 | DetectedErrors=0 | Blocks=0 | Channels=['Rayleigh Fading']
2026-02-26 14:42:08,215 - INFO - Eb/N0=8.00 dB | Es/N0=12.77 dB | Mod=PSKModulator-8 | Gray=True | CodeRate=1.000 | Bits=100000 | BitErrors=50266 | BER=5.027e-01 | SER=8.912e-01 | CorrectedErrors=0 | DetectedErrors=0 | Blocks=0 | Channels=['Rayleigh Fading']
2026-02-26 14:42:08,677 - INFO - Eb/N0=9.00 dB | Es/N0=13.77 dB | Mod=PSKModulator-8 | Gray=True | CodeRate=1.000 | Bits=100000 | BitErrors=50163 | BER=5.016e-01 | SER=8.773e-01 | CorrectedErrors=0 | DetectedErrors=0 | Blocks=0 | Channels=['Rayleigh Fading']
2026-02-26 14:42:09,147 - INFO - Eb/N0=9.00 dB | Es/N0=13.77 dB | Mod=PSKModulator-8 | Gray=True | CodeRate=1.000 | Bits=100000 | BitErrors=49930 | BER=4.993e-01 | SER=8.723e-01 | CorrectedErrors=0 | DetectedErrors=0 | Blocks=0 | Channels=['Rayleigh Fading']
2026-02-26 14:42:09,621 - INFO - Eb/N0=9.00 dB | Es/N0=13.77 dB | Mod=PSKModulator-8 | Gray=True | CodeRate=1.000 | Bits=100000 | BitErrors=49804 | BER=4.980e-01 | SER=8.684e-01 | CorrectedErrors=0 | DetectedErrors=0 | Blocks=0 | Channels=['Rayleigh Fading']
2026-02-26 14:42:10,097 - INFO - Eb/N0=9.00 dB | Es/N0=13.77 dB | Mod=PSKModulator-8 | Gray=True | CodeRate=1.000 | Bits=100000 | BitErrors=49169 | BER=4.917e-01 | SER=8.355e-01 | CorrectedErrors=0 | DetectedErrors=0 | Blocks=0 | Channels=['Rayleigh Fading']
2026-02-26 14:42:10,561 - INFO - Eb/N0=9.00 dB | Es/N0=13.77 dB | Mod=PSKModulator-8 | Gray=True | CodeRate=1.000 | Bits=100000 | BitErrors=50305 | BER=5.030e-01 | SER=8.838e-01 | CorrectedErrors=0 | DetectedErrors=0 | Blocks=0 | Channels=['Rayleigh Fading']
2026-02-26 14:42:11,023 - INFO - Eb/N0=10.00 dB | Es/N0=14.77 dB | Mod=PSKModulator-8 | Gray=True | CodeRate=1.000 | Bits=100000 | BitErrors=49710 | BER=4.971e-01 | SER=8.579e-01 | CorrectedErrors=0 | DetectedErrors=0 | Blocks=0 | Channels=['Rayleigh Fading']
2026-02-26 14:42:11,482 - INFO - Eb/N0=10.00 dB | Es/N0=14.77 dB | Mod=PSKModulator-8 | Gray=True | CodeRate=1.000 | Bits=100000 | BitErrors=49554 | BER=4.955e-01 | SER=8.490e-01 | CorrectedErrors=0 | DetectedErrors=0 | Blocks=0 | Channels=['Rayleigh Fading']
2026-02-26 14:42:11,941 - INFO - Eb/N0=10.00 dB | Es/N0=14.77 dB | Mod=PSKModulator-8 | Gray=True | CodeRate=1.000 | Bits=100000 | BitErrors=50401 | BER=5.040e-01 | SER=8.926e-01 | CorrectedErrors=0 | DetectedErrors=0 | Blocks=0 | Channels=['Rayleigh Fading']
2026-02-26 14:42:12,404 - INFO - Eb/N0=10.00 dB | Es/N0=14.77 dB | Mod=PSKModulator-8 | Gray=True | CodeRate=1.000 | Bits=100000 | BitErrors=49084 | BER=4.908e-01 | SER=8.288e-01 | CorrectedErrors=0 | DetectedErrors=0 | Blocks=0 | Channels=['Rayleigh Fading']
2026-02-26 14:42:12,875 - INFO - Eb/N0=10.00 dB | Es/N0=14.77 dB | Mod=PSKModulator-8 | Gray=True | CodeRate=1.000 | Bits=100000 | BitErrors=50465 | BER=5.047e-01 | SER=8.908e-01 | CorrectedErrors=0 | DetectedErrors=0 | Blocks=0 | Channels=['Rayleigh Fading']
2026-02-26 14:42:12,875 - INFO - Результаты сохранены в файл: results_PSK8_Random_20260226_144212.txt
2026-02-26 14:42:12,875 - INFO - ============================================================
2026-02-26 14:42:12,876 - INFO - СИМУЛЯЦИЯ ЗАВЕРШЕНА за 25.9 с
2026-02-26 14:42:12,876 - INFO - Результаты сохранены в results_PSK8_Random_20260226_144212.txt
2026-02-26 14:42:12,876 - INFO - ============================================================
2026-02-26 14:42:13,233 - INFO - График сохранён: Plot_PSK8_Random_20260226_144212.png
