2026-02-26 14:23:24,018 - INFO - Лог-файл этой симуляции: logs\sim_20260226_142324.log
2026-02-26 14:23:24,031 - INFO - ============================================================
2026-02-26 14:23:24,031 - INFO - НАЧАЛО СИМУЛЯЦИИ
2026-02-26 14:23:24,031 - INFO - Режим: random
2026-02-26 14:23:24,031 - INFO - Модуляция: PSK-8, Код Грея: True
2026-02-26 14:23:24,031 - INFO - Кодирование: отключено
2026-02-26 14:23:24,031 - INFO - Диапазон Eb/N0: 0.0..20.0 дБ, шаг 1.0
2026-02-26 14:23:24,031 - INFO - ============================================================
2026-02-26 14:23:24,507 - INFO - Eb/N0=0.00 dB | Es/N0=4.77 dB | Mod=PSKModulator-8 | Gray=True | CodeRate=1.000 | Bits=100000 | BitErrors=39554 | BER=3.955e-01 | SER=7.573e-01 | CorrectedErrors=0 | DetectedErrors=0 | Blocks=0 | Channels=['Rayleigh Fading']
2026-02-26 14:23:24,992 - INFO - Eb/N0=0.00 dB | Es/N0=4.77 dB | Mod=PSKModulator-8 | Gray=True | CodeRate=1.000 | Bits=100000 | BitErrors=42315 | BER=4.232e-01 | SER=7.892e-01 | CorrectedErrors=0 | DetectedErrors=0 | Blocks=0 | Channels=['Rayleigh Fading']
2026-02-26 14:23:25,488 - INFO - Eb/N0=0.00 dB | Es/N0=4.77 dB | Mod=PSKModulator-8 | Gray=True | CodeRate=1.000 | Bits=100000 | BitErrors=42362 | BER=4.236e-01 | SER=7.885e-01 | CorrectedErrors=0 | DetectedErrors=0 | Blocks=0 | Channels=['Rayleigh Fading']
2026-02-26 14:23:25,991 - INFO - Eb/N0=0.00 dB | Es/N0=4.77 dB | Mod=PSKModulator-8 | Gray=True | CodeRate=1.000 | Bits=100000 | BitErrors=43855 | BER=4.385e-01 | SER=8.028e-01 | CorrectedErrors=0 | DetectedErrors=0 | Blocks=0 | Channels=['Rayleigh Fading']
2026-02-26 14:23:26,487 - INFO - Eb/N0=0.00 dB | Es/N0=4.77 dB | Mod=PSKModulator-8 | Gray=True | CodeRate=1.000 | Bits=100000 | BitErrors=36823 | BER=3.682e-01 | SER=7.369e-01 | CorrectedErrors=0 | DetectedErrors=0 | Blocks=0 | Channels=['Rayleigh Fading']
2026-02-26 14:23:26,972 - INFO - Eb/N0=1.00 dB | Es/N0=5.77 dB | Mod=PSKModulator-8 | Gray=True | CodeRate=1.000 | Bits=100000 | BitErrors=38095 | BER=3.810e-01 | SER=7.373e-01 | CorrectedErrors=0 | DetectedErrors=0 | Blocks=0 | Channels=['Rayleigh Fading']
2026-02-26 14:23:27,476 - INFO - Eb/N0=1.00 dB | Es/N0=5.77 dB | Mod=PSKModulator-8 | Gray=True | CodeRate=1.000 | Bits=100000 | BitErrors=44597 | BER=4.460e-01 | SER=8.061e-01 | CorrectedErrors=0 | DetectedErrors=0 | Blocks=0 | Channels=['Rayleigh Fading']
2026-02-26 14:23:27,961 - INFO - Eb/N0=1.00 dB | Es/N0=5.77 dB | Mod=PSKModulator-8 | Gray=True | CodeRate=1.000 | Bits=100000 | BitErrors=41755 | BER=4.175e-01 | SER=7.729e-01 | CorrectedErrors=0 | DetectedErrors=0 | Blocks=0 | Channels=['Rayleigh Fading']
2026-02-26 14:23:28,469 - INFO - Eb/N0=1.00 dB | Es/N0=5.77 dB | Mod=PSKModulator-8 | Gray=True | CodeRate=1.000 | Bits=100000 | BitErrors=37849 | BER=3.785e-01 | SER=7.392e-01 | CorrectedErrors=0 | DetectedErrors=0 | Blocks=0 | Channels=['Rayleigh Fading']
2026-02-26 14:23:28,959 - INFO - Eb/N0=1.00 dB | Es/N0=5.77 dB | Mod=PSKModulator-8 | Gray=True | CodeRate=1.000 | Bits=100000 | BitErrors=41425 | BER=4.143e-01 | SER=7.771e-01 | CorrectedErrors=0 | DetectedErrors=0 | Blocks=0 | Channels=['Rayleigh Fading']
2026-02-26 14:23:29,457 - INFO - Eb/N0=2.00 dB | Es/N0=6.77 dB | Mod=PSKModulator-8 | Gray=True | CodeRate=1.000 | Bits=100000 | BitErrors=33337 | BER=3.334e-01 | SER=6.917e-01 | CorrectedErrors=0 | DetectedErrors=0 | Blocks=0 | Channels=['Rayleigh Fading']
2026-02-26 14:23:29,945 - INFO - Eb/N0=2.00 dB | Es/N0=6.77 dB | Mod=PSKModulator-8 | Gray=True | CodeRate=1.000 | Bits=100000 | BitErrors=38295 | BER=3.830e-01 | SER=7.378e-01 | CorrectedErrors=0 | DetectedErrors=0 | Blocks=0 | Channels=['Rayleigh Fading']
2026-02-26 14:23:30,462 - INFO - Eb/N0=2.00 dB | Es/N0=6.77 dB | Mod=PSKModulator-8 | Gray=True | CodeRate=1.000 | Bits=100000 | BitErrors=44753 | BER=4.475e-01 | SER=8.052e-01 | CorrectedErrors=0 | DetectedErrors=0 | Blocks=0 | Channels=['Rayleigh Fading']
2026-02-26 14:23:30,984 - INFO - Eb/N0=2.00 dB | Es/N0=6.77 dB | Mod=PSKModulator-8 | Gray=True | CodeRate=1.000 | Bits=100000 | BitErrors=42857 | BER=4.286e-01 | SER=7.833e-01 | CorrectedErrors=0 | DetectedErrors=0 | Blocks=0 | Channels=['Rayleigh Fading']
2026-02-26 14:23:31,466 - INFO - Eb/N0=2.00 dB | Es/N0=6.77 dB | Mod=PSKModulator-8 | Gray=True | CodeRate=1.000 | Bits=100000 | BitErrors=39052 | BER=3.905e-01 | SER=7.443e-01 | CorrectedErrors=0 | DetectedErrors=0 | Blocks=0 | Channels=['Rayleigh Fading']
2026-02-26 14:23:31,965 - INFO - Eb/N0=3.00 dB | Es/N0=7.77 dB | Mod=PSKModulator-8 | Gray=True | CodeRate=1.000 | Bits=100000 | BitErrors=35457 | BER=3.546e-01 | SER=7.036e-01 | CorrectedErrors=0 | DetectedErrors=0 | Blocks=0 | Channels=['Rayleigh Fading']
2026-02-26 14:23:32,463 - INFO - Eb/N0=3.00 dB | Es/N0=7.77 dB | Mod=PSKModulator-8 | Gray=True | CodeRate=1.000 | Bits=100000 | BitErrors=40768 | BER=4.077e-01 | SER=7.608e-01 | CorrectedErrors=0 | DetectedErrors=0 | Blocks=0 | Channels=['Rayleigh Fading']
2026-02-26 14:23:32,947 - INFO - Eb/N0=3.00 dB | Es/N0=7.77 dB | Mod=PSKModulator-8 | Gray=True | CodeRate=1.000 | Bits=100000 | BitErrors=39142 | BER=3.914e-01 | SER=7.355e-01 | CorrectedErrors=0 | DetectedErrors=0 | Blocks=0 | Channels=['Rayleigh Fading']
2026-02-26 14:23:33,430 - INFO - Eb/N0=3.00 dB | Es/N0=7.77 dB | Mod=PSKModulator-8 | Gray=True | CodeRate=1.000 | Bits=100000 | BitErrors=39516 | BER=3.952e-01 | SER=7.445e-01 | CorrectedErrors=0 | DetectedErrors=0 | Blocks=0 | Channels=['Rayleigh Fading']
2026-02-26 14:23:33,924 - INFO - Eb/N0=3.00 dB | Es/N0=7.77 dB | Mod=PSKModulator-8 | Gray=True | CodeRate=1.000 | Bits=100000 | BitErrors=36443 | BER=3.644e-01 | SER=7.163e-01 | CorrectedErrors=0 | DetectedErrors=0 | Blocks=0 | Channels=['Rayleigh Fading']
2026-02-26 14:23:34,413 - INFO - Eb/N0=4.00 dB | Es/N0=8.77 dB | Mod=PSKModulator-8 | Gray=True | CodeRate=1.000 | Bits=100000 | BitErrors=41618 | BER=4.162e-01 | SER=7.550e-01 | CorrectedErrors=0 | DetectedErrors=0 | Blocks=0 | Channels=['Rayleigh Fading']
2026-02-26 14:23:34,909 - INFO - Eb/N0=4.00 dB | Es/N0=8.77 dB | Mod=PSKModulator-8 | Gray=True | CodeRate=1.000 | Bits=100000 | BitErrors=35050 | BER=3.505e-01 | SER=6.632e-01 | CorrectedErrors=0 | DetectedErrors=0 | Blocks=0 | Channels=['Rayleigh Fading']
2026-02-26 14:23:35,540 - INFO - Eb/N0=4.00 dB | Es/N0=8.77 dB | Mod=PSKModulator-8 | Gray=True | CodeRate=1.000 | Bits=100000 | BitErrors=34423 | BER=3.442e-01 | SER=6.590e-01 | CorrectedErrors=0 | DetectedErrors=0 | Blocks=0 | Channels=['Rayleigh Fading']
2026-02-26 14:23:38,221 - INFO - Eb/N0=4.00 dB | Es/N0=8.77 dB | Mod=PSKModulator-8 | Gray=True | CodeRate=1.000 | Bits=100000 | BitErrors=35951 | BER=3.595e-01 | SER=6.762e-01 | CorrectedErrors=0 | DetectedErrors=0 | Blocks=0 | Channels=['Rayleigh Fading']
2026-02-26 14:23:40,774 - INFO - Eb/N0=4.00 dB | Es/N0=8.77 dB | Mod=PSKModulator-8 | Gray=True | CodeRate=1.000 | Bits=100000 | BitErrors=39954 | BER=3.995e-01 | SER=7.258e-01 | CorrectedErrors=0 | DetectedErrors=0 | Blocks=0 | Channels=['Rayleigh Fading']
2026-02-26 14:23:42,152 - INFO - Eb/N0=5.00 dB | Es/N0=9.77 dB | Mod=PSKModulator-8 | Gray=True | CodeRate=1.000 | Bits=100000 | BitErrors=29743 | BER=2.974e-01 | SER=5.918e-01 | CorrectedErrors=0 | DetectedErrors=0 | Blocks=0 | Channels=['Rayleigh Fading']
2026-02-26 14:23:43,515 - INFO - Eb/N0=5.00 dB | Es/N0=9.77 dB | Mod=PSKModulator-8 | Gray=True | CodeRate=1.000 | Bits=100000 | BitErrors=35463 | BER=3.546e-01 | SER=6.587e-01 | CorrectedErrors=0 | DetectedErrors=0 | Blocks=0 | Channels=['Rayleigh Fading']
2026-02-26 14:23:44,884 - INFO - Eb/N0=5.00 dB | Es/N0=9.77 dB | Mod=PSKModulator-8 | Gray=True | CodeRate=1.000 | Bits=100000 | BitErrors=36677 | BER=3.668e-01 | SER=6.765e-01 | CorrectedErrors=0 | DetectedErrors=0 | Blocks=0 | Channels=['Rayleigh Fading']
2026-02-26 14:23:46,267 - INFO - Eb/N0=5.00 dB | Es/N0=9.77 dB | Mod=PSKModulator-8 | Gray=True | CodeRate=1.000 | Bits=100000 | BitErrors=35075 | BER=3.508e-01 | SER=6.639e-01 | CorrectedErrors=0 | DetectedErrors=0 | Blocks=0 | Channels=['Rayleigh Fading']
2026-02-26 14:23:47,630 - INFO - Eb/N0=5.00 dB | Es/N0=9.77 dB | Mod=PSKModulator-8 | Gray=True | CodeRate=1.000 | Bits=100000 | BitErrors=37406 | BER=3.741e-01 | SER=6.838e-01 | CorrectedErrors=0 | DetectedErrors=0 | Blocks=0 | Channels=['Rayleigh Fading']
2026-02-26 14:23:48,999 - INFO - Eb/N0=6.00 dB | Es/N0=10.77 dB | Mod=PSKModulator-8 | Gray=True | CodeRate=1.000 | Bits=100000 | BitErrors=26262 | BER=2.626e-01 | SER=5.491e-01 | CorrectedErrors=0 | DetectedErrors=0 | Blocks=0 | Channels=['Rayleigh Fading']
2026-02-26 14:23:50,354 - INFO - Eb/N0=6.00 dB | Es/N0=10.77 dB | Mod=PSKModulator-8 | Gray=True | CodeRate=1.000 | Bits=100000 | BitErrors=33368 | BER=3.337e-01 | SER=5.988e-01 | CorrectedErrors=0 | DetectedErrors=0 | Blocks=0 | Channels=['Rayleigh Fading']
2026-02-26 14:23:52,643 - INFO - Eb/N0=6.00 dB | Es/N0=10.77 dB | Mod=PSKModulator-8 | Gray=True | CodeRate=1.000 | Bits=100000 | BitErrors=32862 | BER=3.286e-01 | SER=6.097e-01 | CorrectedErrors=0 | DetectedErrors=0 | Blocks=0 | Channels=['Rayleigh Fading']
2026-02-26 14:23:55,264 - INFO - Eb/N0=6.00 dB | Es/N0=10.77 dB | Mod=PSKModulator-8 | Gray=True | CodeRate=1.000 | Bits=100000 | BitErrors=37553 | BER=3.755e-01 | SER=6.753e-01 | CorrectedErrors=0 | DetectedErrors=0 | Blocks=0 | Channels=['Rayleigh Fading']
2026-02-26 14:23:56,624 - INFO - Eb/N0=6.00 dB | Es/N0=10.77 dB | Mod=PSKModulator-8 | Gray=True | CodeRate=1.000 | Bits=100000 | BitErrors=36419 | BER=3.642e-01 | SER=6.439e-01 | CorrectedErrors=0 | DetectedErrors=0 | Blocks=0 | Channels=['Rayleigh Fading']
2026-02-26 14:23:57,994 - INFO - Eb/N0=7.00 dB | Es/N0=11.77 dB | Mod=PSKModulator-8 | Gray=True | CodeRate=1.000 | Bits=100000 | BitErrors=28350 | BER=2.835e-01 | SER=5.349e-01 | CorrectedErrors=0 | DetectedErrors=0 | Blocks=0 | Channels=['Rayleigh Fading']
2026-02-26 14:23:59,363 - INFO - Eb/N0=7.00 dB | Es/N0=11.77 dB | Mod=PSKModulator-8 | Gray=True | CodeRate=1.000 | Bits=100000 | BitErrors=30401 | BER=3.040e-01 | SER=5.235e-01 | CorrectedErrors=0 | DetectedErrors=0 | Blocks=0 | Channels=['Rayleigh Fading']
2026-02-26 14:24:00,733 - INFO - Eb/N0=7.00 dB | Es/N0=11.77 dB | Mod=PSKModulator-8 | Gray=True | CodeRate=1.000 | Bits=100000 | BitErrors=25834 | BER=2.583e-01 | SER=4.868e-01 | CorrectedErrors=0 | DetectedErrors=0 | Blocks=0 | Channels=['Rayleigh Fading']
2026-02-26 14:24:02,098 - INFO - Eb/N0=7.00 dB | Es/N0=11.77 dB | Mod=PSKModulator-8 | Gray=True | CodeRate=1.000 | Bits=100000 | BitErrors=31436 | BER=3.144e-01 | SER=6.265e-01 | CorrectedErrors=0 | DetectedErrors=0 | Blocks=0 | Channels=['Rayleigh Fading']
2026-02-26 14:24:03,466 - INFO - Eb/N0=7.00 dB | Es/N0=11.77 dB | Mod=PSKModulator-8 | Gray=True | CodeRate=1.000 | Bits=100000 | BitErrors=29250 | BER=2.925e-01 | SER=5.668e-01 | CorrectedErrors=0 | DetectedErrors=0 | Blocks=0 | Channels=['Rayleigh Fading']
2026-02-26 14:24:04,843 - INFO - Eb/N0=8.00 dB | Es/N0=12.77 dB | Mod=PSKModulator-8 | Gray=True | CodeRate=1.000 | Bits=100000 | BitErrors=36713 | BER=3.671e-01 | SER=6.733e-01 | CorrectedErrors=0 | DetectedErrors=0 | Blocks=0 | Channels=['Rayleigh Fading']
2026-02-26 14:24:06,213 - INFO - Eb/N0=8.00 dB | Es/N0=12.77 dB | Mod=PSKModulator-8 | Gray=True | CodeRate=1.000 | Bits=100000 | BitErrors=39653 | BER=3.965e-01 | SER=7.407e-01 | CorrectedErrors=0 | DetectedErrors=0 | Blocks=0 | Channels=['Rayleigh Fading']
2026-02-26 14:24:09,985 - INFO - Eb/N0=8.00 dB | Es/N0=12.77 dB | Mod=PSKModulator-8 | Gray=True | CodeRate=1.000 | Bits=100000 | BitErrors=29912 | BER=2.991e-01 | SER=5.269e-01 | CorrectedErrors=0 | DetectedErrors=0 | Blocks=0 | Channels=['Rayleigh Fading']
2026-02-26 14:24:11,390 - INFO - Eb/N0=8.00 dB | Es/N0=12.77 dB | Mod=PSKModulator-8 | Gray=True | CodeRate=1.000 | Bits=100000 | BitErrors=32751 | BER=3.275e-01 | SER=5.867e-01 | CorrectedErrors=0 | DetectedErrors=0 | Blocks=0 | Channels=['Rayleigh Fading']
2026-02-26 14:24:12,779 - INFO - Eb/N0=8.00 dB | Es/N0=12.77 dB | Mod=PSKModulator-8 | Gray=True | CodeRate=1.000 | Bits=100000 | BitErrors=33245 | BER=3.325e-01 | SER=6.560e-01 | CorrectedErrors=0 | DetectedErrors=0 | Blocks=0 | Channels=['Rayleigh Fading']
2026-02-26 14:24:14,156 - INFO - Eb/N0=9.00 dB | Es/N0=13.77 dB | Mod=PSKModulator-8 | Gray=True | CodeRate=1.000 | Bits=100000 | BitErrors=23040 | BER=2.304e-01 | SER=4.253e-01 | CorrectedErrors=0 | DetectedErrors=0 | Blocks=0 | Channels=['Rayleigh Fading']
2026-02-26 14:24:15,517 - INFO - Eb/N0=9.00 dB | Es/N0=13.77 dB | Mod=PSKModulator-8 | Gray=True | CodeRate=1.000 | Bits=100000 | BitErrors=13938 | BER=1.394e-01 | SER=2.888e-01 | CorrectedErrors=0 | DetectedErrors=0 | Blocks=0 | Channels=['Rayleigh Fading']
2026-02-26 14:24:16,877 - INFO - Eb/N0=9.00 dB | Es/N0=13.77 dB | Mod=PSKModulator-8 | Gray=True | CodeRate=1.000 | Bits=100000 | BitErrors=26217 | BER=2.622e-01 | SER=4.484e-01 | CorrectedErrors=0 | DetectedErrors=0 | Blocks=0 | Channels=['Rayleigh Fading']
2026-02-26 14:24:18,242 - INFO - Eb/N0=9.00 dB | Es/N0=13.77 dB | Mod=PSKModulator-8 | Gray=True | CodeRate=1.000 | Bits=100000 | BitErrors=37170 | BER=3.717e-01 | SER=6.267e-01 | CorrectedErrors=0 | DetectedErrors=0 | Blocks=0 | Channels=['Rayleigh Fading']
2026-02-26 14:24:19,608 - INFO - Eb/N0=9.00 dB | Es/N0=13.77 dB | Mod=PSKModulator-8 | Gray=True | CodeRate=1.000 | Bits=100000 | BitErrors=28512 | BER=2.851e-01 | SER=4.824e-01 | CorrectedErrors=0 | DetectedErrors=0 | Blocks=0 | Channels=['Rayleigh Fading']
2026-02-26 14:24:21,002 - INFO - Eb/N0=10.00 dB | Es/N0=14.77 dB | Mod=PSKModulator-8 | Gray=True | CodeRate=1.000 | Bits=100000 | BitErrors=22919 | BER=2.292e-01 | SER=3.730e-01 | CorrectedErrors=0 | DetectedErrors=0 | Blocks=0 | Channels=['Rayleigh Fading']
2026-02-26 14:24:21,688 - INFO - Eb/N0=10.00 dB | Es/N0=14.77 dB | Mod=PSKModulator-8 | Gray=True | CodeRate=1.000 | Bits=100000 | BitErrors=8359 | BER=8.359e-02 | SER=2.145e-01 | CorrectedErrors=0 | DetectedErrors=0 | Blocks=0 | Channels=['Rayleigh Fading']
2026-02-26 14:24:22,159 - INFO - Eb/N0=10.00 dB | Es/N0=14.77 dB | Mod=PSKModulator-8 | Gray=True | CodeRate=1.000 | Bits=100000 | BitErrors=37416 | BER=3.742e-01 | SER=6.995e-01 | CorrectedErrors=0 | DetectedErrors=0 | Blocks=0 | Channels=['Rayleigh Fading']
2026-02-26 14:24:22,652 - INFO - Eb/N0=10.00 dB | Es/N0=14.77 dB | Mod=PSKModulator-8 | Gray=True | CodeRate=1.000 | Bits=100000 | BitErrors=29382 | BER=2.938e-01 | SER=4.963e-01 | CorrectedErrors=0 | DetectedErrors=0 | Blocks=0 | Channels=['Rayleigh Fading']
2026-02-26 14:24:23,139 - INFO - Eb/N0=10.00 dB | Es/N0=14.77 dB | Mod=PSKModulator-8 | Gray=True | CodeRate=1.000 | Bits=100000 | BitErrors=21566 | BER=2.157e-01 | SER=4.046e-01 | CorrectedErrors=0 | DetectedErrors=0 | Blocks=0 | Channels=['Rayleigh Fading']
2026-02-26 14:24:23,649 - INFO - Eb/N0=11.00 dB | Es/N0=15.77 dB | Mod=PSKModulator-8 | Gray=True | CodeRate=1.000 | Bits=100000 | BitErrors=19299 | BER=1.930e-01 | SER=3.502e-01 | CorrectedErrors=0 | DetectedErrors=0 | Blocks=0 | Channels=['Rayleigh Fading']
2026-02-26 14:24:24,166 - INFO - Eb/N0=11.00 dB | Es/N0=15.77 dB | Mod=PSKModulator-8 | Gray=True | CodeRate=1.000 | Bits=100000 | BitErrors=19251 | BER=1.925e-01 | SER=3.435e-01 | CorrectedErrors=0 | DetectedErrors=0 | Blocks=0 | Channels=['Rayleigh Fading']
2026-02-26 14:24:24,683 - INFO - Eb/N0=11.00 dB | Es/N0=15.77 dB | Mod=PSKModulator-8 | Gray=True | CodeRate=1.000 | Bits=100000 | BitErrors=32127 | BER=3.213e-01 | SER=6.311e-01 | CorrectedErrors=0 | DetectedErrors=0 | Blocks=0 | Channels=['Rayleigh Fading']
2026-02-26 14:24:25,172 - INFO - Eb/N0=11.00 dB | Es/N0=15.77 dB | Mod=PSKModulator-8 | Gray=True | CodeRate=1.000 | Bits=100000 | BitErrors=31879 | BER=3.188e-01 | SER=5.170e-01 | CorrectedErrors=0 | DetectedErrors=0 | Blocks=0 | Channels=['Rayleigh Fading']
2026-02-26 14:24:25,662 - INFO - Eb/N0=11.00 dB | Es/N0=15.77 dB | Mod=PSKModulator-8 | Gray=True | CodeRate=1.000 | Bits=100000 | BitErrors=28152 | BER=2.815e-01 | SER=4.817e-01 | CorrectedErrors=0 | DetectedErrors=0 | Blocks=0 | Channels=['Rayleigh Fading']
2026-02-26 14:24:26,151 - INFO - Eb/N0=12.00 dB | Es/N0=16.77 dB | Mod=PSKModulator-8 | Gray=True | CodeRate=1.000 | Bits=100000 | BitErrors=29352 | BER=2.935e-01 | SER=5.107e-01 | CorrectedErrors=0 | DetectedErrors=0 | Blocks=0 | Channels=['Rayleigh Fading']
2026-02-26 14:24:26,637 - INFO - Eb/N0=12.00 dB | Es/N0=16.77 dB | Mod=PSKModulator-8 | Gray=True | CodeRate=1.000 | Bits=100000 | BitErrors=25843 | BER=2.584e-01 | SER=4.587e-01 | CorrectedErrors=0 | DetectedErrors=0 | Blocks=0 | Channels=['Rayleigh Fading']
2026-02-26 14:24:27,122 - INFO - Eb/N0=12.00 dB | Es/N0=16.77 dB | Mod=PSKModulator-8 | Gray=True | CodeRate=1.000 | Bits=100000 | BitErrors=31527 | BER=3.153e-01 | SER=5.179e-01 | CorrectedErrors=0 | DetectedErrors=0 | Blocks=0 | Channels=['Rayleigh Fading']
2026-02-26 14:24:27,606 - INFO - Eb/N0=12.00 dB | Es/N0=16.77 dB | Mod=PSKModulator-8 | Gray=True | CodeRate=1.000 | Bits=100000 | BitErrors=38452 | BER=3.845e-01 | SER=7.262e-01 | CorrectedErrors=0 | DetectedErrors=0 | Blocks=0 | Channels=['Rayleigh Fading']
2026-02-26 14:24:28,088 - INFO - Eb/N0=12.00 dB | Es/N0=16.77 dB | Mod=PSKModulator-8 | Gray=True | CodeRate=1.000 | Bits=100000 | BitErrors=21537 | BER=2.154e-01 | SER=3.834e-01 | CorrectedErrors=0 | DetectedErrors=0 | Blocks=0 | Channels=['Rayleigh Fading']
2026-02-26 14:24:28,574 - INFO - Eb/N0=13.00 dB | Es/N0=17.77 dB | Mod=PSKModulator-8 | Gray=True | CodeRate=1.000 | Bits=100000 | BitErrors=27695 | BER=2.769e-01 | SER=5.306e-01 | CorrectedErrors=0 | DetectedErrors=0 | Blocks=0 | Channels=['Rayleigh Fading']
2026-02-26 14:24:29,053 - INFO - Eb/N0=13.00 dB | Es/N0=17.77 dB | Mod=PSKModulator-8 | Gray=True | CodeRate=1.000 | Bits=100000 | BitErrors=26878 | BER=2.688e-01 | SER=4.483e-01 | CorrectedErrors=0 | DetectedErrors=0 | Blocks=0 | Channels=['Rayleigh Fading']
2026-02-26 14:24:29,540 - INFO - Eb/N0=13.00 dB | Es/N0=17.77 dB | Mod=PSKModulator-8 | Gray=True | CodeRate=1.000 | Bits=100000 | BitErrors=33967 | BER=3.397e-01 | SER=5.804e-01 | CorrectedErrors=0 | DetectedErrors=0 | Blocks=0 | Channels=['Rayleigh Fading']
2026-02-26 14:24:30,034 - INFO - Eb/N0=13.00 dB | Es/N0=17.77 dB | Mod=PSKModulator-8 | Gray=True | CodeRate=1.000 | Bits=100000 | BitErrors=27270 | BER=2.727e-01 | SER=5.331e-01 | CorrectedErrors=0 | DetectedErrors=0 | Blocks=0 | Channels=['Rayleigh Fading']
2026-02-26 14:24:30,522 - INFO - Eb/N0=13.00 dB | Es/N0=17.77 dB | Mod=PSKModulator-8 | Gray=True | CodeRate=1.000 | Bits=100000 | BitErrors=18213 | BER=1.821e-01 | SER=3.243e-01 | CorrectedErrors=0 | DetectedErrors=0 | Blocks=0 | Channels=['Rayleigh Fading']
2026-02-26 14:24:31,005 - INFO - Eb/N0=14.00 dB | Es/N0=18.77 dB | Mod=PSKModulator-8 | Gray=True | CodeRate=1.000 | Bits=100000 | BitErrors=23518 | BER=2.352e-01 | SER=4.871e-01 | CorrectedErrors=0 | DetectedErrors=0 | Blocks=0 | Channels=['Rayleigh Fading']
2026-02-26 14:24:31,487 - INFO - Eb/N0=14.00 dB | Es/N0=18.77 dB | Mod=PSKModulator-8 | Gray=True | CodeRate=1.000 | Bits=100000 | BitErrors=40059 | BER=4.006e-01 | SER=7.005e-01 | CorrectedErrors=0 | DetectedErrors=0 | Blocks=0 | Channels=['Rayleigh Fading']
2026-02-26 14:24:31,977 - INFO - Eb/N0=14.00 dB | Es/N0=18.77 dB | Mod=PSKModulator-8 | Gray=True | CodeRate=1.000 | Bits=100000 | BitErrors=33570 | BER=3.357e-01 | SER=5.772e-01 | CorrectedErrors=0 | DetectedErrors=0 | Blocks=0 | Channels=['Rayleigh Fading']
2026-02-26 14:24:32,473 - INFO - Eb/N0=14.00 dB | Es/N0=18.77 dB | Mod=PSKModulator-8 | Gray=True | CodeRate=1.000 | Bits=100000 | BitErrors=37496 | BER=3.750e-01 | SER=6.342e-01 | CorrectedErrors=0 | DetectedErrors=0 | Blocks=0 | Channels=['Rayleigh Fading']
2026-02-26 14:24:32,991 - INFO - Eb/N0=14.00 dB | Es/N0=18.77 dB | Mod=PSKModulator-8 | Gray=True | CodeRate=1.000 | Bits=100000 | BitErrors=28829 | BER=2.883e-01 | SER=5.661e-01 | CorrectedErrors=0 | DetectedErrors=0 | Blocks=0 | Channels=['Rayleigh Fading']
2026-02-26 14:24:33,477 - INFO - Eb/N0=15.00 dB | Es/N0=19.77 dB | Mod=PSKModulator-8 | Gray=True | CodeRate=1.000 | Bits=100000 | BitErrors=26120 | BER=2.612e-01 | SER=5.305e-01 | CorrectedErrors=0 | DetectedErrors=0 | Blocks=0 | Channels=['Rayleigh Fading']
2026-02-26 14:24:33,990 - INFO - Eb/N0=15.00 dB | Es/N0=19.77 dB | Mod=PSKModulator-8 | Gray=True | CodeRate=1.000 | Bits=100000 | BitErrors=35115 | BER=3.512e-01 | SER=5.822e-01 | CorrectedErrors=0 | DetectedErrors=0 | Blocks=0 | Channels=['Rayleigh Fading']
2026-02-26 14:24:34,478 - INFO - Eb/N0=15.00 dB | Es/N0=19.77 dB | Mod=PSKModulator-8 | Gray=True | CodeRate=1.000 | Bits=100000 | BitErrors=32137 | BER=3.214e-01 | SER=5.351e-01 | CorrectedErrors=0 | DetectedErrors=0 | Blocks=0 | Channels=['Rayleigh Fading']
2026-02-26 14:24:34,958 - INFO - Eb/N0=15.00 dB | Es/N0=19.77 dB | Mod=PSKModulator-8 | Gray=True | CodeRate=1.000 | Bits=100000 | BitErrors=20892 | BER=2.089e-01 | SER=3.358e-01 | CorrectedErrors=0 | DetectedErrors=0 | Blocks=0 | Channels=['Rayleigh Fading']
2026-02-26 14:24:35,462 - INFO - Eb/N0=15.00 dB | Es/N0=19.77 dB | Mod=PSKModulator-8 | Gray=True | CodeRate=1.000 | Bits=100000 | BitErrors=16227 | BER=1.623e-01 | SER=3.426e-01 | CorrectedErrors=0 | DetectedErrors=0 | Blocks=0 | Channels=['Rayleigh Fading']
2026-02-26 14:24:35,979 - INFO - Eb/N0=16.00 dB | Es/N0=20.77 dB | Mod=PSKModulator-8 | Gray=True | CodeRate=1.000 | Bits=100000 | BitErrors=20155 | BER=2.016e-01 | SER=3.097e-01 | CorrectedErrors=0 | DetectedErrors=0 | Blocks=0 | Channels=['Rayleigh Fading']
2026-02-26 14:24:36,469 - INFO - Eb/N0=16.00 dB | Es/N0=20.77 dB | Mod=PSKModulator-8 | Gray=True | CodeRate=1.000 | Bits=100000 | BitErrors=34159 | BER=3.416e-01 | SER=6.012e-01 | CorrectedErrors=0 | DetectedErrors=0 | Blocks=0 | Channels=['Rayleigh Fading']
2026-02-26 14:24:36,950 - INFO - Eb/N0=16.00 dB | Es/N0=20.77 dB | Mod=PSKModulator-8 | Gray=True | CodeRate=1.000 | Bits=100000 | BitErrors=43618 | BER=4.362e-01 | SER=7.701e-01 | CorrectedErrors=0 | DetectedErrors=0 | Blocks=0 | Channels=['Rayleigh Fading']
2026-02-26 14:24:39,874 - INFO - Eb/N0=16.00 dB | Es/N0=20.77 dB | Mod=PSKModulator-8 | Gray=True | CodeRate=1.000 | Bits=100000 | BitErrors=30212 | BER=3.021e-01 | SER=4.793e-01 | CorrectedErrors=0 | DetectedErrors=0 | Blocks=0 | Channels=['Rayleigh Fading']
2026-02-26 14:24:41,274 - INFO - Eb/N0=16.00 dB | Es/N0=20.77 dB | Mod=PSKModulator-8 | Gray=True | CodeRate=1.000 | Bits=100000 | BitErrors=33301 | BER=3.330e-01 | SER=5.923e-01 | CorrectedErrors=0 | DetectedErrors=0 | Blocks=0 | Channels=['Rayleigh Fading']
2026-02-26 14:24:42,652 - INFO - Eb/N0=17.00 dB | Es/N0=21.77 dB | Mod=PSKModulator-8 | Gray=True | CodeRate=1.000 | Bits=100000 | BitErrors=23480 | BER=2.348e-01 | SER=4.419e-01 | CorrectedErrors=0 | DetectedErrors=0 | Blocks=0 | Channels=['Rayleigh Fading']
2026-02-26 14:24:44,033 - INFO - Eb/N0=17.00 dB | Es/N0=21.77 dB | Mod=PSKModulator-8 | Gray=True | CodeRate=1.000 | Bits=100000 | BitErrors=41307 | BER=4.131e-01 | SER=7.512e-01 | CorrectedErrors=0 | DetectedErrors=0 | Blocks=0 | Channels=['Rayleigh Fading']
2026-02-26 14:24:45,412 - INFO - Eb/N0=17.00 dB | Es/N0=21.77 dB | Mod=PSKModulator-8 | Gray=True | CodeRate=1.000 | Bits=100000 | BitErrors=30822 | BER=3.082e-01 | SER=5.501e-01 | CorrectedErrors=0 | DetectedErrors=0 | Blocks=0 | Channels=['Rayleigh Fading']
2026-02-26 14:24:46,793 - INFO - Eb/N0=17.00 dB | Es/N0=21.77 dB | Mod=PSKModulator-8 | Gray=True | CodeRate=1.000 | Bits=100000 | BitErrors=27195 | BER=2.720e-01 | SER=4.974e-01 | CorrectedErrors=0 | DetectedErrors=0 | Blocks=0 | Channels=['Rayleigh Fading']
2026-02-26 14:24:48,157 - INFO - Eb/N0=17.00 dB | Es/N0=21.77 dB | Mod=PSKModulator-8 | Gray=True | CodeRate=1.000 | Bits=100000 | BitErrors=18135 | BER=1.814e-01 | SER=3.060e-01 | CorrectedErrors=0 | DetectedErrors=0 | Blocks=0 | Channels=['Rayleigh Fading']
2026-02-26 14:24:49,524 - INFO - Eb/N0=18.00 dB | Es/N0=22.77 dB | Mod=PSKModulator-8 | Gray=True | CodeRate=1.000 | Bits=100000 | BitErrors=34739 | BER=3.474e-01 | SER=6.335e-01 | CorrectedErrors=0 | DetectedErrors=0 | Blocks=0 | Channels=['Rayleigh Fading']
2026-02-26 14:24:50,892 - INFO - Eb/N0=18.00 dB | Es/N0=22.77 dB | Mod=PSKModulator-8 | Gray=True | CodeRate=1.000 | Bits=100000 | BitErrors=36560 | BER=3.656e-01 | SER=6.573e-01 | CorrectedErrors=0 | DetectedErrors=0 | Blocks=0 | Channels=['Rayleigh Fading']
2026-02-26 14:24:54,496 - INFO - Eb/N0=18.00 dB | Es/N0=22.77 dB | Mod=PSKModulator-8 | Gray=True | CodeRate=1.000 | Bits=100000 | BitErrors=14892 | BER=1.489e-01 | SER=3.006e-01 | CorrectedErrors=0 | DetectedErrors=0 | Blocks=0 | Channels=['Rayleigh Fading']
2026-02-26 14:24:56,130 - INFO - Eb/N0=18.00 dB | Es/N0=22.77 dB | Mod=PSKModulator-8 | Gray=True | CodeRate=1.000 | Bits=100000 | BitErrors=18928 | BER=1.893e-01 | SER=3.682e-01 | CorrectedErrors=0 | DetectedErrors=0 | Blocks=0 | Channels=['Rayleigh Fading']
2026-02-26 14:24:57,502 - INFO - Eb/N0=18.00 dB | Es/N0=22.77 dB | Mod=PSKModulator-8 | Gray=True | CodeRate=1.000 | Bits=100000 | BitErrors=25646 | BER=2.565e-01 | SER=4.171e-01 | CorrectedErrors=0 | DetectedErrors=0 | Blocks=0 | Channels=['Rayleigh Fading']
2026-02-26 14:24:58,880 - INFO - Eb/N0=19.00 dB | Es/N0=23.77 dB | Mod=PSKModulator-8 | Gray=True | CodeRate=1.000 | Bits=100000 | BitErrors=18120 | BER=1.812e-01 | SER=3.048e-01 | CorrectedErrors=0 | DetectedErrors=0 | Blocks=0 | Channels=['Rayleigh Fading']
2026-02-26 14:25:00,251 - INFO - Eb/N0=19.00 dB | Es/N0=23.77 dB | Mod=PSKModulator-8 | Gray=True | CodeRate=1.000 | Bits=100000 | BitErrors=39968 | BER=3.997e-01 | SER=6.924e-01 | CorrectedErrors=0 | DetectedErrors=0 | Blocks=0 | Channels=['Rayleigh Fading']
2026-02-26 14:25:01,612 - INFO - Eb/N0=19.00 dB | Es/N0=23.77 dB | Mod=PSKModulator-8 | Gray=True | CodeRate=1.000 | Bits=100000 | BitErrors=38814 | BER=3.881e-01 | SER=7.446e-01 | CorrectedErrors=0 | DetectedErrors=0 | Blocks=0 | Channels=['Rayleigh Fading']
2026-02-26 14:25:02,977 - INFO - Eb/N0=19.00 dB | Es/N0=23.77 dB | Mod=PSKModulator-8 | Gray=True | CodeRate=1.000 | Bits=100000 | BitErrors=15403 | BER=1.540e-01 | SER=2.579e-01 | CorrectedErrors=0 | DetectedErrors=0 | Blocks=0 | Channels=['Rayleigh Fading']
2026-02-26 14:25:04,364 - INFO - Eb/N0=19.00 dB | Es/N0=23.77 dB | Mod=PSKModulator-8 | Gray=True | CodeRate=1.000 | Bits=100000 | BitErrors=31481 | BER=3.148e-01 | SER=5.563e-01 | CorrectedErrors=0 | DetectedErrors=0 | Blocks=0 | Channels=['Rayleigh Fading']
2026-02-26 14:25:05,740 - INFO - Eb/N0=20.00 dB | Es/N0=24.77 dB | Mod=PSKModulator-8 | Gray=True | CodeRate=1.000 | Bits=100000 | BitErrors=6190 | BER=6.190e-02 | SER=1.104e-01 | CorrectedErrors=0 | DetectedErrors=0 | Blocks=0 | Channels=['Rayleigh Fading']
2026-02-26 14:25:06,581 - INFO - Eb/N0=20.00 dB | Es/N0=24.77 dB | Mod=PSKModulator-8 | Gray=True | CodeRate=1.000 | Bits=100000 | BitErrors=37056 | BER=3.706e-01 | SER=6.532e-01 | CorrectedErrors=0 | DetectedErrors=0 | Blocks=0 | Channels=['Rayleigh Fading']
2026-02-26 14:25:07,053 - INFO - Eb/N0=20.00 dB | Es/N0=24.77 dB | Mod=PSKModulator-8 | Gray=True | CodeRate=1.000 | Bits=100000 | BitErrors=23909 | BER=2.391e-01 | SER=4.235e-01 | CorrectedErrors=0 | DetectedErrors=0 | Blocks=0 | Channels=['Rayleigh Fading']
2026-02-26 14:25:07,523 - INFO - Eb/N0=20.00 dB | Es/N0=24.77 dB | Mod=PSKModulator-8 | Gray=True | CodeRate=1.000 | Bits=100000 | BitErrors=33217 | BER=3.322e-01 | SER=5.345e-01 | CorrectedErrors=0 | DetectedErrors=0 | Blocks=0 | Channels=['Rayleigh Fading']
2026-02-26 14:25:08,037 - INFO - Eb/N0=20.00 dB | Es/N0=24.77 dB | Mod=PSKModulator-8 | Gray=True | CodeRate=1.000 | Bits=100000 | BitErrors=31019 | BER=3.102e-01 | SER=5.756e-01 | CorrectedErrors=0 | DetectedErrors=0 | Blocks=0 | Channels=['Rayleigh Fading']
2026-02-26 14:25:08,038 - INFO - Результаты сохранены в файл: results_PSK8_Random_20260226_142508.txt
2026-02-26 14:25:08,038 - INFO - ============================================================
2026-02-26 14:25:08,038 - INFO - СИМУЛЯЦИЯ ЗАВЕРШЕНА за 104.0 с
2026-02-26 14:25:08,038 - INFO - Результаты сохранены в results_PSK8_Random_20260226_142508.txt
2026-02-26 14:25:08,038 - INFO - ============================================================
2026-02-26 14:25:08,396 - INFO - График сохранён: Plot_PSK8_Random_20260226_142508.png
