2026-02-26 14:43:43,315 - INFO - Лог-файл этой симуляции: logs\sim_20260226_144343.log
2026-02-26 14:43:43,375 - INFO - ============================================================
2026-02-26 14:43:43,375 - INFO - НАЧАЛО СИМУЛЯЦИИ
2026-02-26 14:43:43,375 - INFO - Режим: random
2026-02-26 14:43:43,375 - INFO - Модуляция: PSK-8, Код Грея: True
2026-02-26 14:43:43,375 - INFO - Кодирование: отключено
2026-02-26 14:43:43,375 - INFO - Диапазон Eb/N0: 0.0..10.0 дБ, шаг 1.0
2026-02-26 14:43:43,375 - INFO - ============================================================
2026-02-26 14:43:43,550 - INFO - Eb/N0=0.00 dB | Es/N0=4.77 dB | Mod=PSKModulator-8 | Gray=True | CodeRate=1.000 | Bits=100000 | BitErrors=47008 | BER=4.701e-01 | SER=8.308e-01 | CorrectedErrors=0 | DetectedErrors=0 | Blocks=0 | Channels=['Rayleigh Fading']
2026-02-26 14:43:43,727 - INFO - Eb/N0=0.00 dB | Es/N0=4.77 dB | Mod=PSKModulator-8 | Gray=True | CodeRate=1.000 | Bits=100000 | BitErrors=50723 | BER=5.072e-01 | SER=9.104e-01 | CorrectedErrors=0 | DetectedErrors=0 | Blocks=0 | Channels=['Rayleigh Fading']
2026-02-26 14:43:43,905 - INFO - Eb/N0=0.00 dB | Es/N0=4.77 dB | Mod=PSKModulator-8 | Gray=True | CodeRate=1.000 | Bits=100000 | BitErrors=45817 | BER=4.582e-01 | SER=8.271e-01 | CorrectedErrors=0 | DetectedErrors=0 | Blocks=0 | Channels=['Rayleigh Fading']
2026-02-26 14:43:44,096 - INFO - Eb/N0=0.00 dB | Es/N0=4.77 dB | Mod=PSKModulator-8 | Gray=True | CodeRate=1.000 | Bits=100000 | BitErrors=47489 | BER=4.749e-01 | SER=8.338e-01 | CorrectedErrors=0 | DetectedErrors=0 | Blocks=0 | Channels=['Rayleigh Fading']
2026-02-26 14:43:44,275 - INFO - Eb/N0=0.00 dB | Es/N0=4.77 dB | Mod=PSKModulator-8 | Gray=True | CodeRate=1.000 | Bits=100000 | BitErrors=50991 | BER=5.099e-01 | SER=8.918e-01 | CorrectedErrors=0 | DetectedErrors=0 | Blocks=0 | Channels=['Rayleigh Fading']
2026-02-26 14:43:44,456 - INFO - Eb/N0=1.00 dB | Es/N0=5.77 dB | Mod=PSKModulator-8 | Gray=True | CodeRate=1.000 | Bits=100000 | BitErrors=52904 | BER=5.290e-01 | SER=9.211e-01 | CorrectedErrors=0 | DetectedErrors=0 | Blocks=0 | Channels=['Rayleigh Fading']
2026-02-26 14:43:44,642 - INFO - Eb/N0=1.00 dB | Es/N0=5.77 dB | Mod=PSKModulator-8 | Gray=True | CodeRate=1.000 | Bits=100000 | BitErrors=52517 | BER=5.252e-01 | SER=9.199e-01 | CorrectedErrors=0 | DetectedErrors=0 | Blocks=0 | Channels=['Rayleigh Fading']
2026-02-26 14:43:44,830 - INFO - Eb/N0=1.00 dB | Es/N0=5.77 dB | Mod=PSKModulator-8 | Gray=True | CodeRate=1.000 | Bits=100000 | BitErrors=55900 | BER=5.590e-01 | SER=9.431e-01 | CorrectedErrors=0 | DetectedErrors=0 | Blocks=0 | Channels=['Rayleigh Fading']
2026-02-26 14:43:45,018 - INFO - Eb/N0=1.00 dB | Es/N0=5.77 dB | Mod=PSKModulator-8 | Gray=True | CodeRate=1.000 | Bits=100000 | BitErrors=57407 | BER=5.741e-01 | SER=9.562e-01 | CorrectedErrors=0 | DetectedErrors=0 | Blocks=0 | Channels=['Rayleigh Fading']
2026-02-26 14:43:45,216 - INFO - Eb/N0=1.00 dB | Es/N0=5.77 dB | Mod=PSKModulator-8 | Gray=True | CodeRate=1.000 | Bits=100000 | BitErrors=54050 | BER=5.405e-01 | SER=9.362e-01 | CorrectedErrors=0 | DetectedErrors=0 | Blocks=0 | Channels=['Rayleigh Fading']
2026-02-26 14:43:45,408 - INFO - Eb/N0=2.00 dB | Es/N0=6.77 dB | Mod=PSKModulator-8 | Gray=True | CodeRate=1.000 | Bits=100000 | BitErrors=52704 | BER=5.270e-01 | SER=9.155e-01 | CorrectedErrors=0 | DetectedErrors=0 | Blocks=0 | Channels=['Rayleigh Fading']
2026-02-26 14:43:45,598 - INFO - Eb/N0=2.00 dB | Es/N0=6.77 dB | Mod=PSKModulator-8 | Gray=True | CodeRate=1.000 | Bits=100000 | BitErrors=39187 | BER=3.919e-01 | SER=6.515e-01 | CorrectedErrors=0 | DetectedErrors=0 | Blocks=0 | Channels=['Rayleigh Fading']
2026-02-26 14:43:45,785 - INFO - Eb/N0=2.00 dB | Es/N0=6.77 dB | Mod=PSKModulator-8 | Gray=True | CodeRate=1.000 | Bits=100000 | BitErrors=42095 | BER=4.209e-01 | SER=7.333e-01 | CorrectedErrors=0 | DetectedErrors=0 | Blocks=0 | Channels=['Rayleigh Fading']
2026-02-26 14:43:45,974 - INFO - Eb/N0=2.00 dB | Es/N0=6.77 dB | Mod=PSKModulator-8 | Gray=True | CodeRate=1.000 | Bits=100000 | BitErrors=46864 | BER=4.686e-01 | SER=8.203e-01 | CorrectedErrors=0 | DetectedErrors=0 | Blocks=0 | Channels=['Rayleigh Fading']
2026-02-26 14:43:46,168 - INFO - Eb/N0=2.00 dB | Es/N0=6.77 dB | Mod=PSKModulator-8 | Gray=True | CodeRate=1.000 | Bits=100000 | BitErrors=55929 | BER=5.593e-01 | SER=9.432e-01 | CorrectedErrors=0 | DetectedErrors=0 | Blocks=0 | Channels=['Rayleigh Fading']
2026-02-26 14:43:46,361 - INFO - Eb/N0=3.00 dB | Es/N0=7.77 dB | Mod=PSKModulator-8 | Gray=True | CodeRate=1.000 | Bits=100000 | BitErrors=48664 | BER=4.866e-01 | SER=8.588e-01 | CorrectedErrors=0 | DetectedErrors=0 | Blocks=0 | Channels=['Rayleigh Fading']
2026-02-26 14:43:46,577 - INFO - Eb/N0=3.00 dB | Es/N0=7.77 dB | Mod=PSKModulator-8 | Gray=True | CodeRate=1.000 | Bits=100000 | BitErrors=56585 | BER=5.658e-01 | SER=9.525e-01 | CorrectedErrors=0 | DetectedErrors=0 | Blocks=0 | Channels=['Rayleigh Fading']
2026-02-26 14:43:46,764 - INFO - Eb/N0=3.00 dB | Es/N0=7.77 dB | Mod=PSKModulator-8 | Gray=True | CodeRate=1.000 | Bits=100000 | BitErrors=48904 | BER=4.890e-01 | SER=8.585e-01 | CorrectedErrors=0 | DetectedErrors=0 | Blocks=0 | Channels=['Rayleigh Fading']
2026-02-26 14:43:46,959 - INFO - Eb/N0=3.00 dB | Es/N0=7.77 dB | Mod=PSKModulator-8 | Gray=True | CodeRate=1.000 | Bits=100000 | BitErrors=63582 | BER=6.358e-01 | SER=9.874e-01 | CorrectedErrors=0 | DetectedErrors=0 | Blocks=0 | Channels=['Rayleigh Fading']
2026-02-26 14:43:47,150 - INFO - Eb/N0=3.00 dB | Es/N0=7.77 dB | Mod=PSKModulator-8 | Gray=True | CodeRate=1.000 | Bits=100000 | BitErrors=48074 | BER=4.807e-01 | SER=8.436e-01 | CorrectedErrors=0 | DetectedErrors=0 | Blocks=0 | Channels=['Rayleigh Fading']
2026-02-26 14:43:47,342 - INFO - Eb/N0=4.00 dB | Es/N0=8.77 dB | Mod=PSKModulator-8 | Gray=True | CodeRate=1.000 | Bits=100000 | BitErrors=63297 | BER=6.330e-01 | SER=9.880e-01 | CorrectedErrors=0 | DetectedErrors=0 | Blocks=0 | Channels=['Rayleigh Fading']
2026-02-26 14:43:47,529 - INFO - Eb/N0=4.00 dB | Es/N0=8.77 dB | Mod=PSKModulator-8 | Gray=True | CodeRate=1.000 | Bits=100000 | BitErrors=58632 | BER=5.863e-01 | SER=9.746e-01 | CorrectedErrors=0 | DetectedErrors=0 | Blocks=0 | Channels=['Rayleigh Fading']
2026-02-26 14:43:47,713 - INFO - Eb/N0=4.00 dB | Es/N0=8.77 dB | Mod=PSKModulator-8 | Gray=True | CodeRate=1.000 | Bits=100000 | BitErrors=52763 | BER=5.276e-01 | SER=9.153e-01 | CorrectedErrors=0 | DetectedErrors=0 | Blocks=0 | Channels=['Rayleigh Fading']
2026-02-26 14:43:47,901 - INFO - Eb/N0=4.00 dB | Es/N0=8.77 dB | Mod=PSKModulator-8 | Gray=True | CodeRate=1.000 | Bits=100000 | BitErrors=54252 | BER=5.425e-01 | SER=9.719e-01 | CorrectedErrors=0 | DetectedErrors=0 | Blocks=0 | Channels=['Rayleigh Fading']
2026-02-26 14:43:48,089 - INFO - Eb/N0=4.00 dB | Es/N0=8.77 dB | Mod=PSKModulator-8 | Gray=True | CodeRate=1.000 | Bits=100000 | BitErrors=55014 | BER=5.501e-01 | SER=9.655e-01 | CorrectedErrors=0 | DetectedErrors=0 | Blocks=0 | Channels=['Rayleigh Fading']
2026-02-26 14:43:48,277 - INFO - Eb/N0=5.00 dB | Es/N0=9.77 dB | Mod=PSKModulator-8 | Gray=True | CodeRate=1.000 | Bits=100000 | BitErrors=45299 | BER=4.530e-01 | SER=7.931e-01 | CorrectedErrors=0 | DetectedErrors=0 | Blocks=0 | Channels=['Rayleigh Fading']
2026-02-26 14:43:48,472 - INFO - Eb/N0=5.00 dB | Es/N0=9.77 dB | Mod=PSKModulator-8 | Gray=True | CodeRate=1.000 | Bits=100000 | BitErrors=38960 | BER=3.896e-01 | SER=6.518e-01 | CorrectedErrors=0 | DetectedErrors=0 | Blocks=0 | Channels=['Rayleigh Fading']
2026-02-26 14:43:48,674 - INFO - Eb/N0=5.00 dB | Es/N0=9.77 dB | Mod=PSKModulator-8 | Gray=True | CodeRate=1.000 | Bits=100000 | BitErrors=50051 | BER=5.005e-01 | SER=9.014e-01 | CorrectedErrors=0 | DetectedErrors=0 | Blocks=0 | Channels=['Rayleigh Fading']
2026-02-26 14:43:48,867 - INFO - Eb/N0=5.00 dB | Es/N0=9.77 dB | Mod=PSKModulator-8 | Gray=True | CodeRate=1.000 | Bits=100000 | BitErrors=54126 | BER=5.413e-01 | SER=9.443e-01 | CorrectedErrors=0 | DetectedErrors=0 | Blocks=0 | Channels=['Rayleigh Fading']
2026-02-26 14:43:49,053 - INFO - Eb/N0=5.00 dB | Es/N0=9.77 dB | Mod=PSKModulator-8 | Gray=True | CodeRate=1.000 | Bits=100000 | BitErrors=57107 | BER=5.711e-01 | SER=9.584e-01 | CorrectedErrors=0 | DetectedErrors=0 | Blocks=0 | Channels=['Rayleigh Fading']
2026-02-26 14:43:49,244 - INFO - Eb/N0=6.00 dB | Es/N0=10.77 dB | Mod=PSKModulator-8 | Gray=True | CodeRate=1.000 | Bits=100000 | BitErrors=41366 | BER=4.137e-01 | SER=7.034e-01 | CorrectedErrors=0 | DetectedErrors=0 | Blocks=0 | Channels=['Rayleigh Fading']
2026-02-26 14:43:49,432 - INFO - Eb/N0=6.00 dB | Es/N0=10.77 dB | Mod=PSKModulator-8 | Gray=True | CodeRate=1.000 | Bits=100000 | BitErrors=50027 | BER=5.003e-01 | SER=9.429e-01 | CorrectedErrors=0 | DetectedErrors=0 | Blocks=0 | Channels=['Rayleigh Fading']
2026-02-26 14:43:49,619 - INFO - Eb/N0=6.00 dB | Es/N0=10.77 dB | Mod=PSKModulator-8 | Gray=True | CodeRate=1.000 | Bits=100000 | BitErrors=54531 | BER=5.453e-01 | SER=9.293e-01 | CorrectedErrors=0 | DetectedErrors=0 | Blocks=0 | Channels=['Rayleigh Fading']
2026-02-26 14:43:49,840 - INFO - Eb/N0=6.00 dB | Es/N0=10.77 dB | Mod=PSKModulator-8 | Gray=True | CodeRate=1.000 | Bits=100000 | BitErrors=49414 | BER=4.941e-01 | SER=9.037e-01 | CorrectedErrors=0 | DetectedErrors=0 | Blocks=0 | Channels=['Rayleigh Fading']
2026-02-26 14:43:50,335 - INFO - Eb/N0=6.00 dB | Es/N0=10.77 dB | Mod=PSKModulator-8 | Gray=True | CodeRate=1.000 | Bits=100000 | BitErrors=52396 | BER=5.240e-01 | SER=9.258e-01 | CorrectedErrors=0 | DetectedErrors=0 | Blocks=0 | Channels=['Rayleigh Fading']
2026-02-26 14:43:50,827 - INFO - Eb/N0=7.00 dB | Es/N0=11.77 dB | Mod=PSKModulator-8 | Gray=True | CodeRate=1.000 | Bits=100000 | BitErrors=44870 | BER=4.487e-01 | SER=7.892e-01 | CorrectedErrors=0 | DetectedErrors=0 | Blocks=0 | Channels=['Rayleigh Fading']
2026-02-26 14:43:51,334 - INFO - Eb/N0=7.00 dB | Es/N0=11.77 dB | Mod=PSKModulator-8 | Gray=True | CodeRate=1.000 | Bits=100000 | BitErrors=50433 | BER=5.043e-01 | SER=9.553e-01 | CorrectedErrors=0 | DetectedErrors=0 | Blocks=0 | Channels=['Rayleigh Fading']
2026-02-26 14:43:51,818 - INFO - Eb/N0=7.00 dB | Es/N0=11.77 dB | Mod=PSKModulator-8 | Gray=True | CodeRate=1.000 | Bits=100000 | BitErrors=59889 | BER=5.989e-01 | SER=9.699e-01 | CorrectedErrors=0 | DetectedErrors=0 | Blocks=0 | Channels=['Rayleigh Fading']
2026-02-26 14:43:52,301 - INFO - Eb/N0=7.00 dB | Es/N0=11.77 dB | Mod=PSKModulator-8 | Gray=True | CodeRate=1.000 | Bits=100000 | BitErrors=46845 | BER=4.684e-01 | SER=8.565e-01 | CorrectedErrors=0 | DetectedErrors=0 | Blocks=0 | Channels=['Rayleigh Fading']
2026-02-26 14:43:52,788 - INFO - Eb/N0=7.00 dB | Es/N0=11.77 dB | Mod=PSKModulator-8 | Gray=True | CodeRate=1.000 | Bits=100000 | BitErrors=47588 | BER=4.759e-01 | SER=8.707e-01 | CorrectedErrors=0 | DetectedErrors=0 | Blocks=0 | Channels=['Rayleigh Fading']
2026-02-26 14:43:53,276 - INFO - Eb/N0=8.00 dB | Es/N0=12.77 dB | Mod=PSKModulator-8 | Gray=True | CodeRate=1.000 | Bits=100000 | BitErrors=50707 | BER=5.071e-01 | SER=9.131e-01 | CorrectedErrors=0 | DetectedErrors=0 | Blocks=0 | Channels=['Rayleigh Fading']
2026-02-26 14:43:53,759 - INFO - Eb/N0=8.00 dB | Es/N0=12.77 dB | Mod=PSKModulator-8 | Gray=True | CodeRate=1.000 | Bits=100000 | BitErrors=50001 | BER=5.000e-01 | SER=8.763e-01 | CorrectedErrors=0 | DetectedErrors=0 | Blocks=0 | Channels=['Rayleigh Fading']
2026-02-26 14:43:54,241 - INFO - Eb/N0=8.00 dB | Es/N0=12.77 dB | Mod=PSKModulator-8 | Gray=True | CodeRate=1.000 | Bits=100000 | BitErrors=60751 | BER=6.075e-01 | SER=9.748e-01 | CorrectedErrors=0 | DetectedErrors=0 | Blocks=0 | Channels=['Rayleigh Fading']
2026-02-26 14:43:54,726 - INFO - Eb/N0=8.00 dB | Es/N0=12.77 dB | Mod=PSKModulator-8 | Gray=True | CodeRate=1.000 | Bits=100000 | BitErrors=63133 | BER=6.313e-01 | SER=9.853e-01 | CorrectedErrors=0 | DetectedErrors=0 | Blocks=0 | Channels=['Rayleigh Fading']
2026-02-26 14:43:55,209 - INFO - Eb/N0=8.00 dB | Es/N0=12.77 dB | Mod=PSKModulator-8 | Gray=True | CodeRate=1.000 | Bits=100000 | BitErrors=54697 | BER=5.470e-01 | SER=9.864e-01 | CorrectedErrors=0 | DetectedErrors=0 | Blocks=0 | Channels=['Rayleigh Fading']
2026-02-26 14:43:56,013 - INFO - Eb/N0=9.00 dB | Es/N0=13.77 dB | Mod=PSKModulator-8 | Gray=True | CodeRate=1.000 | Bits=100000 | BitErrors=60142 | BER=6.014e-01 | SER=9.806e-01 | CorrectedErrors=0 | DetectedErrors=0 | Blocks=0 | Channels=['Rayleigh Fading']
2026-02-26 14:43:57,410 - INFO - Eb/N0=9.00 dB | Es/N0=13.77 dB | Mod=PSKModulator-8 | Gray=True | CodeRate=1.000 | Bits=100000 | BitErrors=53225 | BER=5.323e-01 | SER=9.546e-01 | CorrectedErrors=0 | DetectedErrors=0 | Blocks=0 | Channels=['Rayleigh Fading']
2026-02-26 14:43:59,072 - INFO - Eb/N0=9.00 dB | Es/N0=13.77 dB | Mod=PSKModulator-8 | Gray=True | CodeRate=1.000 | Bits=100000 | BitErrors=37777 | BER=3.778e-01 | SER=6.172e-01 | CorrectedErrors=0 | DetectedErrors=0 | Blocks=0 | Channels=['Rayleigh Fading']
2026-02-26 14:43:59,635 - INFO - Eb/N0=9.00 dB | Es/N0=13.77 dB | Mod=PSKModulator-8 | Gray=True | CodeRate=1.000 | Bits=100000 | BitErrors=47237 | BER=4.724e-01 | SER=8.310e-01 | CorrectedErrors=0 | DetectedErrors=0 | Blocks=0 | Channels=['Rayleigh Fading']
2026-02-26 14:44:00,147 - INFO - Eb/N0=9.00 dB | Es/N0=13.77 dB | Mod=PSKModulator-8 | Gray=True | CodeRate=1.000 | Bits=100000 | BitErrors=49401 | BER=4.940e-01 | SER=8.865e-01 | CorrectedErrors=0 | DetectedErrors=0 | Blocks=0 | Channels=['Rayleigh Fading']
2026-02-26 14:44:00,634 - INFO - Eb/N0=10.00 dB | Es/N0=14.77 dB | Mod=PSKModulator-8 | Gray=True | CodeRate=1.000 | Bits=100000 | BitErrors=56046 | BER=5.605e-01 | SER=9.539e-01 | CorrectedErrors=0 | DetectedErrors=0 | Blocks=0 | Channels=['Rayleigh Fading']
2026-02-26 14:44:01,126 - INFO - Eb/N0=10.00 dB | Es/N0=14.77 dB | Mod=PSKModulator-8 | Gray=True | CodeRate=1.000 | Bits=100000 | BitErrors=50352 | BER=5.035e-01 | SER=9.875e-01 | CorrectedErrors=0 | DetectedErrors=0 | Blocks=0 | Channels=['Rayleigh Fading']
2026-02-26 14:44:01,619 - INFO - Eb/N0=10.00 dB | Es/N0=14.77 dB | Mod=PSKModulator-8 | Gray=True | CodeRate=1.000 | Bits=100000 | BitErrors=47541 | BER=4.754e-01 | SER=8.312e-01 | CorrectedErrors=0 | DetectedErrors=0 | Blocks=0 | Channels=['Rayleigh Fading']
2026-02-26 14:44:02,105 - INFO - Eb/N0=10.00 dB | Es/N0=14.77 dB | Mod=PSKModulator-8 | Gray=True | CodeRate=1.000 | Bits=100000 | BitErrors=49808 | BER=4.981e-01 | SER=9.178e-01 | CorrectedErrors=0 | DetectedErrors=0 | Blocks=0 | Channels=['Rayleigh Fading']
2026-02-26 14:44:02,592 - INFO - Eb/N0=10.00 dB | Es/N0=14.77 dB | Mod=PSKModulator-8 | Gray=True | CodeRate=1.000 | Bits=100000 | BitErrors=55108 | BER=5.511e-01 | SER=9.723e-01 | CorrectedErrors=0 | DetectedErrors=0 | Blocks=0 | Channels=['Rayleigh Fading']
2026-02-26 14:44:02,593 - INFO - Результаты сохранены в файл: results_PSK8_Random_20260226_144402.txt
2026-02-26 14:44:02,593 - INFO - ============================================================
2026-02-26 14:44:02,594 - INFO - СИМУЛЯЦИЯ ЗАВЕРШЕНА за 19.2 с
2026-02-26 14:44:02,594 - INFO - Результаты сохранены в results_PSK8_Random_20260226_144402.txt
2026-02-26 14:44:02,594 - INFO - ============================================================
2026-02-26 14:44:03,106 - INFO - График сохранён: Plot_PSK8_Random_20260226_144402.png
