2026-02-26 14:54:32,811 - INFO - Лог-файл этой симуляции: logs\sim_20260226_145432.log
2026-02-26 14:54:32,838 - INFO - ============================================================
2026-02-26 14:54:32,838 - INFO - НАЧАЛО СИМУЛЯЦИИ
2026-02-26 14:54:32,838 - INFO - Режим: random
2026-02-26 14:54:32,838 - INFO - Модуляция: PSK-8, Код Грея: True
2026-02-26 14:54:32,838 - INFO - Кодирование: отключено
2026-02-26 14:54:32,838 - INFO - Диапазон Eb/N0: 0.0..25.0 дБ, шаг 1.0
2026-02-26 14:54:32,838 - INFO - ============================================================
2026-02-26 14:54:33,101 - INFO - Eb/N0=0.00 dB | Es/N0=4.77 dB | Mod=PSKModulator-8 | Gray=True | CodeRate=1.000 | Bits=100000 | BitErrors=19005 | BER=1.900e-01 | SER=4.210e-01 | CorrectedErrors=0 | DetectedErrors=0 | Blocks=0 | Channels=['Rayleigh Fading']
2026-02-26 14:54:33,366 - INFO - Eb/N0=0.00 dB | Es/N0=4.77 dB | Mod=PSKModulator-8 | Gray=True | CodeRate=1.000 | Bits=100000 | BitErrors=16283 | BER=1.628e-01 | SER=4.190e-01 | CorrectedErrors=0 | DetectedErrors=0 | Blocks=0 | Channels=['Rayleigh Fading']
2026-02-26 14:54:33,630 - INFO - Eb/N0=0.00 dB | Es/N0=4.77 dB | Mod=PSKModulator-8 | Gray=True | CodeRate=1.000 | Bits=100000 | BitErrors=19192 | BER=1.919e-01 | SER=4.832e-01 | CorrectedErrors=0 | DetectedErrors=0 | Blocks=0 | Channels=['Rayleigh Fading']
2026-02-26 14:54:33,891 - INFO - Eb/N0=0.00 dB | Es/N0=4.77 dB | Mod=PSKModulator-8 | Gray=True | CodeRate=1.000 | Bits=100000 | BitErrors=19995 | BER=1.999e-01 | SER=5.010e-01 | CorrectedErrors=0 | DetectedErrors=0 | Blocks=0 | Channels=['Rayleigh Fading']
2026-02-26 14:54:34,153 - INFO - Eb/N0=0.00 dB | Es/N0=4.77 dB | Mod=PSKModulator-8 | Gray=True | CodeRate=1.000 | Bits=100000 | BitErrors=14478 | BER=1.448e-01 | SER=3.616e-01 | CorrectedErrors=0 | DetectedErrors=0 | Blocks=0 | Channels=['Rayleigh Fading']
2026-02-26 14:54:34,439 - INFO - Eb/N0=1.00 dB | Es/N0=5.77 dB | Mod=PSKModulator-8 | Gray=True | CodeRate=1.000 | Bits=100000 | BitErrors=12589 | BER=1.259e-01 | SER=3.287e-01 | CorrectedErrors=0 | DetectedErrors=0 | Blocks=0 | Channels=['Rayleigh Fading']
2026-02-26 14:54:34,762 - INFO - Eb/N0=1.00 dB | Es/N0=5.77 dB | Mod=PSKModulator-8 | Gray=True | CodeRate=1.000 | Bits=100000 | BitErrors=30741 | BER=3.074e-01 | SER=6.609e-01 | CorrectedErrors=0 | DetectedErrors=0 | Blocks=0 | Channels=['Rayleigh Fading']
2026-02-26 14:54:35,067 - INFO - Eb/N0=1.00 dB | Es/N0=5.77 dB | Mod=PSKModulator-8 | Gray=True | CodeRate=1.000 | Bits=100000 | BitErrors=10055 | BER=1.006e-01 | SER=2.908e-01 | CorrectedErrors=0 | DetectedErrors=0 | Blocks=0 | Channels=['Rayleigh Fading']
2026-02-26 14:54:35,345 - INFO - Eb/N0=1.00 dB | Es/N0=5.77 dB | Mod=PSKModulator-8 | Gray=True | CodeRate=1.000 | Bits=100000 | BitErrors=15502 | BER=1.550e-01 | SER=3.896e-01 | CorrectedErrors=0 | DetectedErrors=0 | Blocks=0 | Channels=['Rayleigh Fading']
2026-02-26 14:54:35,606 - INFO - Eb/N0=1.00 dB | Es/N0=5.77 dB | Mod=PSKModulator-8 | Gray=True | CodeRate=1.000 | Bits=100000 | BitErrors=9256 | BER=9.256e-02 | SER=2.446e-01 | CorrectedErrors=0 | DetectedErrors=0 | Blocks=0 | Channels=['Rayleigh Fading']
2026-02-26 14:54:35,871 - INFO - Eb/N0=2.00 dB | Es/N0=6.77 dB | Mod=PSKModulator-8 | Gray=True | CodeRate=1.000 | Bits=100000 | BitErrors=8103 | BER=8.103e-02 | SER=2.009e-01 | CorrectedErrors=0 | DetectedErrors=0 | Blocks=0 | Channels=['Rayleigh Fading']
2026-02-26 14:54:36,133 - INFO - Eb/N0=2.00 dB | Es/N0=6.77 dB | Mod=PSKModulator-8 | Gray=True | CodeRate=1.000 | Bits=100000 | BitErrors=15300 | BER=1.530e-01 | SER=3.854e-01 | CorrectedErrors=0 | DetectedErrors=0 | Blocks=0 | Channels=['Rayleigh Fading']
2026-02-26 14:54:36,398 - INFO - Eb/N0=2.00 dB | Es/N0=6.77 dB | Mod=PSKModulator-8 | Gray=True | CodeRate=1.000 | Bits=100000 | BitErrors=11242 | BER=1.124e-01 | SER=2.802e-01 | CorrectedErrors=0 | DetectedErrors=0 | Blocks=0 | Channels=['Rayleigh Fading']
2026-02-26 14:54:36,658 - INFO - Eb/N0=2.00 dB | Es/N0=6.77 dB | Mod=PSKModulator-8 | Gray=True | CodeRate=1.000 | Bits=100000 | BitErrors=4512 | BER=4.512e-02 | SER=1.348e-01 | CorrectedErrors=0 | DetectedErrors=0 | Blocks=0 | Channels=['Rayleigh Fading']
2026-02-26 14:54:36,922 - INFO - Eb/N0=2.00 dB | Es/N0=6.77 dB | Mod=PSKModulator-8 | Gray=True | CodeRate=1.000 | Bits=100000 | BitErrors=10834 | BER=1.083e-01 | SER=2.844e-01 | CorrectedErrors=0 | DetectedErrors=0 | Blocks=0 | Channels=['Rayleigh Fading']
2026-02-26 14:54:37,183 - INFO - Eb/N0=3.00 dB | Es/N0=7.77 dB | Mod=PSKModulator-8 | Gray=True | CodeRate=1.000 | Bits=100000 | BitErrors=23969 | BER=2.397e-01 | SER=5.255e-01 | CorrectedErrors=0 | DetectedErrors=0 | Blocks=0 | Channels=['Rayleigh Fading']
2026-02-26 14:54:37,441 - INFO - Eb/N0=3.00 dB | Es/N0=7.77 dB | Mod=PSKModulator-8 | Gray=True | CodeRate=1.000 | Bits=100000 | BitErrors=14047 | BER=1.405e-01 | SER=3.520e-01 | CorrectedErrors=0 | DetectedErrors=0 | Blocks=0 | Channels=['Rayleigh Fading']
2026-02-26 14:54:37,702 - INFO - Eb/N0=3.00 dB | Es/N0=7.77 dB | Mod=PSKModulator-8 | Gray=True | CodeRate=1.000 | Bits=100000 | BitErrors=11294 | BER=1.129e-01 | SER=3.200e-01 | CorrectedErrors=0 | DetectedErrors=0 | Blocks=0 | Channels=['Rayleigh Fading']
2026-02-26 14:54:37,967 - INFO - Eb/N0=3.00 dB | Es/N0=7.77 dB | Mod=PSKModulator-8 | Gray=True | CodeRate=1.000 | Bits=100000 | BitErrors=13706 | BER=1.371e-01 | SER=3.552e-01 | CorrectedErrors=0 | DetectedErrors=0 | Blocks=0 | Channels=['Rayleigh Fading']
2026-02-26 14:54:38,225 - INFO - Eb/N0=3.00 dB | Es/N0=7.77 dB | Mod=PSKModulator-8 | Gray=True | CodeRate=1.000 | Bits=100000 | BitErrors=14368 | BER=1.437e-01 | SER=3.739e-01 | CorrectedErrors=0 | DetectedErrors=0 | Blocks=0 | Channels=['Rayleigh Fading']
2026-02-26 14:54:38,487 - INFO - Eb/N0=4.00 dB | Es/N0=8.77 dB | Mod=PSKModulator-8 | Gray=True | CodeRate=1.000 | Bits=100000 | BitErrors=6191 | BER=6.191e-02 | SER=1.688e-01 | CorrectedErrors=0 | DetectedErrors=0 | Blocks=0 | Channels=['Rayleigh Fading']
2026-02-26 14:54:38,749 - INFO - Eb/N0=4.00 dB | Es/N0=8.77 dB | Mod=PSKModulator-8 | Gray=True | CodeRate=1.000 | Bits=100000 | BitErrors=4991 | BER=4.991e-02 | SER=1.387e-01 | CorrectedErrors=0 | DetectedErrors=0 | Blocks=0 | Channels=['Rayleigh Fading']
2026-02-26 14:54:39,023 - INFO - Eb/N0=4.00 dB | Es/N0=8.77 dB | Mod=PSKModulator-8 | Gray=True | CodeRate=1.000 | Bits=100000 | BitErrors=15376 | BER=1.538e-01 | SER=3.873e-01 | CorrectedErrors=0 | DetectedErrors=0 | Blocks=0 | Channels=['Rayleigh Fading']
2026-02-26 14:54:39,283 - INFO - Eb/N0=4.00 dB | Es/N0=8.77 dB | Mod=PSKModulator-8 | Gray=True | CodeRate=1.000 | Bits=100000 | BitErrors=762 | BER=7.620e-03 | SER=2.286e-02 | CorrectedErrors=0 | DetectedErrors=0 | Blocks=0 | Channels=['Rayleigh Fading']
2026-02-26 14:54:39,545 - INFO - Eb/N0=4.00 dB | Es/N0=8.77 dB | Mod=PSKModulator-8 | Gray=True | CodeRate=1.000 | Bits=100000 | BitErrors=5957 | BER=5.957e-02 | SER=1.663e-01 | CorrectedErrors=0 | DetectedErrors=0 | Blocks=0 | Channels=['Rayleigh Fading']
2026-02-26 14:54:39,811 - INFO - Eb/N0=5.00 dB | Es/N0=9.77 dB | Mod=PSKModulator-8 | Gray=True | CodeRate=1.000 | Bits=100000 | BitErrors=13505 | BER=1.351e-01 | SER=3.398e-01 | CorrectedErrors=0 | DetectedErrors=0 | Blocks=0 | Channels=['Rayleigh Fading']
2026-02-26 14:54:40,082 - INFO - Eb/N0=5.00 dB | Es/N0=9.77 dB | Mod=PSKModulator-8 | Gray=True | CodeRate=1.000 | Bits=100000 | BitErrors=5048 | BER=5.048e-02 | SER=1.472e-01 | CorrectedErrors=0 | DetectedErrors=0 | Blocks=0 | Channels=['Rayleigh Fading']
2026-02-26 14:54:40,557 - INFO - Eb/N0=5.00 dB | Es/N0=9.77 dB | Mod=PSKModulator-8 | Gray=True | CodeRate=1.000 | Bits=100000 | BitErrors=5876 | BER=5.876e-02 | SER=1.447e-01 | CorrectedErrors=0 | DetectedErrors=0 | Blocks=0 | Channels=['Rayleigh Fading']
2026-02-26 14:54:41,281 - INFO - Eb/N0=5.00 dB | Es/N0=9.77 dB | Mod=PSKModulator-8 | Gray=True | CodeRate=1.000 | Bits=100000 | BitErrors=8196 | BER=8.196e-02 | SER=2.101e-01 | CorrectedErrors=0 | DetectedErrors=0 | Blocks=0 | Channels=['Rayleigh Fading']
2026-02-26 14:54:42,003 - INFO - Eb/N0=5.00 dB | Es/N0=9.77 dB | Mod=PSKModulator-8 | Gray=True | CodeRate=1.000 | Bits=100000 | BitErrors=4667 | BER=4.667e-02 | SER=1.346e-01 | CorrectedErrors=0 | DetectedErrors=0 | Blocks=0 | Channels=['Rayleigh Fading']
2026-02-26 14:54:42,728 - INFO - Eb/N0=6.00 dB | Es/N0=10.77 dB | Mod=PSKModulator-8 | Gray=True | CodeRate=1.000 | Bits=100000 | BitErrors=8721 | BER=8.721e-02 | SER=2.303e-01 | CorrectedErrors=0 | DetectedErrors=0 | Blocks=0 | Channels=['Rayleigh Fading']
2026-02-26 14:54:43,681 - INFO - Eb/N0=6.00 dB | Es/N0=10.77 dB | Mod=PSKModulator-8 | Gray=True | CodeRate=1.000 | Bits=100000 | BitErrors=5102 | BER=5.102e-02 | SER=1.451e-01 | CorrectedErrors=0 | DetectedErrors=0 | Blocks=0 | Channels=['Rayleigh Fading']
2026-02-26 14:54:44,239 - INFO - Eb/N0=6.00 dB | Es/N0=10.77 dB | Mod=PSKModulator-8 | Gray=True | CodeRate=1.000 | Bits=100000 | BitErrors=16598 | BER=1.660e-01 | SER=3.576e-01 | CorrectedErrors=0 | DetectedErrors=0 | Blocks=0 | Channels=['Rayleigh Fading']
2026-02-26 14:54:44,503 - INFO - Eb/N0=6.00 dB | Es/N0=10.77 dB | Mod=PSKModulator-8 | Gray=True | CodeRate=1.000 | Bits=100000 | BitErrors=691 | BER=6.910e-03 | SER=2.073e-02 | CorrectedErrors=0 | DetectedErrors=0 | Blocks=0 | Channels=['Rayleigh Fading']
2026-02-26 14:54:44,797 - INFO - Eb/N0=6.00 dB | Es/N0=10.77 dB | Mod=PSKModulator-8 | Gray=True | CodeRate=1.000 | Bits=100000 | BitErrors=12798 | BER=1.280e-01 | SER=2.950e-01 | CorrectedErrors=0 | DetectedErrors=0 | Blocks=0 | Channels=['Rayleigh Fading']
2026-02-26 14:54:45,119 - INFO - Eb/N0=7.00 dB | Es/N0=11.77 dB | Mod=PSKModulator-8 | Gray=True | CodeRate=1.000 | Bits=100000 | BitErrors=745 | BER=7.450e-03 | SER=2.235e-02 | CorrectedErrors=0 | DetectedErrors=0 | Blocks=0 | Channels=['Rayleigh Fading']
2026-02-26 14:54:45,398 - INFO - Eb/N0=7.00 dB | Es/N0=11.77 dB | Mod=PSKModulator-8 | Gray=True | CodeRate=1.000 | Bits=100000 | BitErrors=5576 | BER=5.576e-02 | SER=1.520e-01 | CorrectedErrors=0 | DetectedErrors=0 | Blocks=0 | Channels=['Rayleigh Fading']
2026-02-26 14:54:45,674 - INFO - Eb/N0=7.00 dB | Es/N0=11.77 dB | Mod=PSKModulator-8 | Gray=True | CodeRate=1.000 | Bits=100000 | BitErrors=7106 | BER=7.106e-02 | SER=1.919e-01 | CorrectedErrors=0 | DetectedErrors=0 | Blocks=0 | Channels=['Rayleigh Fading']
2026-02-26 14:54:45,935 - INFO - Eb/N0=7.00 dB | Es/N0=11.77 dB | Mod=PSKModulator-8 | Gray=True | CodeRate=1.000 | Bits=100000 | BitErrors=10598 | BER=1.060e-01 | SER=2.883e-01 | CorrectedErrors=0 | DetectedErrors=0 | Blocks=0 | Channels=['Rayleigh Fading']
2026-02-26 14:54:46,199 - INFO - Eb/N0=7.00 dB | Es/N0=11.77 dB | Mod=PSKModulator-8 | Gray=True | CodeRate=1.000 | Bits=100000 | BitErrors=635 | BER=6.350e-03 | SER=1.905e-02 | CorrectedErrors=0 | DetectedErrors=0 | Blocks=0 | Channels=['Rayleigh Fading']
2026-02-26 14:54:46,459 - INFO - Eb/N0=8.00 dB | Es/N0=12.77 dB | Mod=PSKModulator-8 | Gray=True | CodeRate=1.000 | Bits=100000 | BitErrors=4919 | BER=4.919e-02 | SER=1.201e-01 | CorrectedErrors=0 | DetectedErrors=0 | Blocks=0 | Channels=['Rayleigh Fading']
2026-02-26 14:54:46,723 - INFO - Eb/N0=8.00 dB | Es/N0=12.77 dB | Mod=PSKModulator-8 | Gray=True | CodeRate=1.000 | Bits=100000 | BitErrors=7662 | BER=7.662e-02 | SER=1.937e-01 | CorrectedErrors=0 | DetectedErrors=0 | Blocks=0 | Channels=['Rayleigh Fading']
2026-02-26 14:54:46,983 - INFO - Eb/N0=8.00 dB | Es/N0=12.77 dB | Mod=PSKModulator-8 | Gray=True | CodeRate=1.000 | Bits=100000 | BitErrors=319 | BER=3.190e-03 | SER=9.570e-03 | CorrectedErrors=0 | DetectedErrors=0 | Blocks=0 | Channels=['Rayleigh Fading']
2026-02-26 14:54:47,246 - INFO - Eb/N0=8.00 dB | Es/N0=12.77 dB | Mod=PSKModulator-8 | Gray=True | CodeRate=1.000 | Bits=100000 | BitErrors=12156 | BER=1.216e-01 | SER=2.929e-01 | CorrectedErrors=0 | DetectedErrors=0 | Blocks=0 | Channels=['Rayleigh Fading']
2026-02-26 14:54:47,505 - INFO - Eb/N0=8.00 dB | Es/N0=12.77 dB | Mod=PSKModulator-8 | Gray=True | CodeRate=1.000 | Bits=100000 | BitErrors=7875 | BER=7.875e-02 | SER=2.038e-01 | CorrectedErrors=0 | DetectedErrors=0 | Blocks=0 | Channels=['Rayleigh Fading']
2026-02-26 14:54:47,772 - INFO - Eb/N0=9.00 dB | Es/N0=13.77 dB | Mod=PSKModulator-8 | Gray=True | CodeRate=1.000 | Bits=100000 | BitErrors=5291 | BER=5.291e-02 | SER=1.374e-01 | CorrectedErrors=0 | DetectedErrors=0 | Blocks=0 | Channels=['Rayleigh Fading']
2026-02-26 14:54:48,035 - INFO - Eb/N0=9.00 dB | Es/N0=13.77 dB | Mod=PSKModulator-8 | Gray=True | CodeRate=1.000 | Bits=100000 | BitErrors=13 | BER=1.300e-04 | SER=3.900e-04 | CorrectedErrors=0 | DetectedErrors=0 | Blocks=0 | Channels=['Rayleigh Fading']
2026-02-26 14:54:48,309 - INFO - Eb/N0=9.00 dB | Es/N0=13.77 dB | Mod=PSKModulator-8 | Gray=True | CodeRate=1.000 | Bits=100000 | BitErrors=62 | BER=6.200e-04 | SER=1.860e-03 | CorrectedErrors=0 | DetectedErrors=0 | Blocks=0 | Channels=['Rayleigh Fading']
2026-02-26 14:54:48,633 - INFO - Eb/N0=9.00 dB | Es/N0=13.77 dB | Mod=PSKModulator-8 | Gray=True | CodeRate=1.000 | Bits=100000 | BitErrors=24 | BER=2.400e-04 | SER=7.200e-04 | CorrectedErrors=0 | DetectedErrors=0 | Blocks=0 | Channels=['Rayleigh Fading']
2026-02-26 14:54:48,910 - INFO - Eb/N0=9.00 dB | Es/N0=13.77 dB | Mod=PSKModulator-8 | Gray=True | CodeRate=1.000 | Bits=100000 | BitErrors=1425 | BER=1.425e-02 | SER=4.266e-02 | CorrectedErrors=0 | DetectedErrors=0 | Blocks=0 | Channels=['Rayleigh Fading']
2026-02-26 14:54:49,177 - INFO - Eb/N0=10.00 dB | Es/N0=14.77 dB | Mod=PSKModulator-8 | Gray=True | CodeRate=1.000 | Bits=100000 | BitErrors=893 | BER=8.930e-03 | SER=2.679e-02 | CorrectedErrors=0 | DetectedErrors=0 | Blocks=0 | Channels=['Rayleigh Fading']
2026-02-26 14:54:49,436 - INFO - Eb/N0=10.00 dB | Es/N0=14.77 dB | Mod=PSKModulator-8 | Gray=True | CodeRate=1.000 | Bits=100000 | BitErrors=3241 | BER=3.241e-02 | SER=8.898e-02 | CorrectedErrors=0 | DetectedErrors=0 | Blocks=0 | Channels=['Rayleigh Fading']
2026-02-26 14:54:49,698 - INFO - Eb/N0=10.00 dB | Es/N0=14.77 dB | Mod=PSKModulator-8 | Gray=True | CodeRate=1.000 | Bits=100000 | BitErrors=5044 | BER=5.044e-02 | SER=1.445e-01 | CorrectedErrors=0 | DetectedErrors=0 | Blocks=0 | Channels=['Rayleigh Fading']
2026-02-26 14:54:49,959 - INFO - Eb/N0=10.00 dB | Es/N0=14.77 dB | Mod=PSKModulator-8 | Gray=True | CodeRate=1.000 | Bits=100000 | BitErrors=1176 | BER=1.176e-02 | SER=3.525e-02 | CorrectedErrors=0 | DetectedErrors=0 | Blocks=0 | Channels=['Rayleigh Fading']
2026-02-26 14:54:50,222 - INFO - Eb/N0=10.00 dB | Es/N0=14.77 dB | Mod=PSKModulator-8 | Gray=True | CodeRate=1.000 | Bits=100000 | BitErrors=14228 | BER=1.423e-01 | SER=3.639e-01 | CorrectedErrors=0 | DetectedErrors=0 | Blocks=0 | Channels=['Rayleigh Fading']
2026-02-26 14:54:50,485 - INFO - Eb/N0=11.00 dB | Es/N0=15.77 dB | Mod=PSKModulator-8 | Gray=True | CodeRate=1.000 | Bits=100000 | BitErrors=2562 | BER=2.562e-02 | SER=7.596e-02 | CorrectedErrors=0 | DetectedErrors=0 | Blocks=0 | Channels=['Rayleigh Fading']
2026-02-26 14:54:50,744 - INFO - Eb/N0=11.00 dB | Es/N0=15.77 dB | Mod=PSKModulator-8 | Gray=True | CodeRate=1.000 | Bits=100000 | BitErrors=1612 | BER=1.612e-02 | SER=4.833e-02 | CorrectedErrors=0 | DetectedErrors=0 | Blocks=0 | Channels=['Rayleigh Fading']
2026-02-26 14:54:51,007 - INFO - Eb/N0=11.00 dB | Es/N0=15.77 dB | Mod=PSKModulator-8 | Gray=True | CodeRate=1.000 | Bits=100000 | BitErrors=267 | BER=2.670e-03 | SER=8.010e-03 | CorrectedErrors=0 | DetectedErrors=0 | Blocks=0 | Channels=['Rayleigh Fading']
2026-02-26 14:54:51,268 - INFO - Eb/N0=11.00 dB | Es/N0=15.77 dB | Mod=PSKModulator-8 | Gray=True | CodeRate=1.000 | Bits=100000 | BitErrors=6380 | BER=6.380e-02 | SER=1.759e-01 | CorrectedErrors=0 | DetectedErrors=0 | Blocks=0 | Channels=['Rayleigh Fading']
2026-02-26 14:54:51,528 - INFO - Eb/N0=11.00 dB | Es/N0=15.77 dB | Mod=PSKModulator-8 | Gray=True | CodeRate=1.000 | Bits=100000 | BitErrors=4153 | BER=4.153e-02 | SER=9.735e-02 | CorrectedErrors=0 | DetectedErrors=0 | Blocks=0 | Channels=['Rayleigh Fading']
2026-02-26 14:54:51,796 - INFO - Eb/N0=12.00 dB | Es/N0=16.77 dB | Mod=PSKModulator-8 | Gray=True | CodeRate=1.000 | Bits=100000 | BitErrors=1144 | BER=1.144e-02 | SER=3.279e-02 | CorrectedErrors=0 | DetectedErrors=0 | Blocks=0 | Channels=['Rayleigh Fading']
2026-02-26 14:54:52,058 - INFO - Eb/N0=12.00 dB | Es/N0=16.77 dB | Mod=PSKModulator-8 | Gray=True | CodeRate=1.000 | Bits=100000 | BitErrors=2308 | BER=2.308e-02 | SER=6.258e-02 | CorrectedErrors=0 | DetectedErrors=0 | Blocks=0 | Channels=['Rayleigh Fading']
2026-02-26 14:54:52,322 - INFO - Eb/N0=12.00 dB | Es/N0=16.77 dB | Mod=PSKModulator-8 | Gray=True | CodeRate=1.000 | Bits=100000 | BitErrors=82 | BER=8.200e-04 | SER=2.460e-03 | CorrectedErrors=0 | DetectedErrors=0 | Blocks=0 | Channels=['Rayleigh Fading']
2026-02-26 14:54:52,591 - INFO - Eb/N0=12.00 dB | Es/N0=16.77 dB | Mod=PSKModulator-8 | Gray=True | CodeRate=1.000 | Bits=100000 | BitErrors=956 | BER=9.560e-03 | SER=2.868e-02 | CorrectedErrors=0 | DetectedErrors=0 | Blocks=0 | Channels=['Rayleigh Fading']
2026-02-26 14:54:52,860 - INFO - Eb/N0=12.00 dB | Es/N0=16.77 dB | Mod=PSKModulator-8 | Gray=True | CodeRate=1.000 | Bits=100000 | BitErrors=118 | BER=1.180e-03 | SER=3.540e-03 | CorrectedErrors=0 | DetectedErrors=0 | Blocks=0 | Channels=['Rayleigh Fading']
2026-02-26 14:54:53,390 - INFO - Eb/N0=13.00 dB | Es/N0=17.77 dB | Mod=PSKModulator-8 | Gray=True | CodeRate=1.000 | Bits=100000 | BitErrors=1050 | BER=1.050e-02 | SER=2.670e-02 | CorrectedErrors=0 | DetectedErrors=0 | Blocks=0 | Channels=['Rayleigh Fading']
2026-02-26 14:54:55,222 - INFO - Eb/N0=13.00 dB | Es/N0=17.77 dB | Mod=PSKModulator-8 | Gray=True | CodeRate=1.000 | Bits=100000 | BitErrors=2393 | BER=2.393e-02 | SER=6.225e-02 | CorrectedErrors=0 | DetectedErrors=0 | Blocks=0 | Channels=['Rayleigh Fading']
2026-02-26 14:54:56,568 - INFO - Eb/N0=13.00 dB | Es/N0=17.77 dB | Mod=PSKModulator-8 | Gray=True | CodeRate=1.000 | Bits=100000 | BitErrors=1829 | BER=1.829e-02 | SER=5.409e-02 | CorrectedErrors=0 | DetectedErrors=0 | Blocks=0 | Channels=['Rayleigh Fading']
2026-02-26 14:54:57,592 - INFO - Eb/N0=13.00 dB | Es/N0=17.77 dB | Mod=PSKModulator-8 | Gray=True | CodeRate=1.000 | Bits=100000 | BitErrors=2122 | BER=2.122e-02 | SER=5.448e-02 | CorrectedErrors=0 | DetectedErrors=0 | Blocks=0 | Channels=['Rayleigh Fading']
2026-02-26 14:54:58,676 - INFO - Eb/N0=13.00 dB | Es/N0=17.77 dB | Mod=PSKModulator-8 | Gray=True | CodeRate=1.000 | Bits=100000 | BitErrors=5560 | BER=5.560e-02 | SER=1.394e-01 | CorrectedErrors=0 | DetectedErrors=0 | Blocks=0 | Channels=['Rayleigh Fading']
2026-02-26 14:55:00,952 - INFO - Eb/N0=14.00 dB | Es/N0=18.77 dB | Mod=PSKModulator-8 | Gray=True | CodeRate=1.000 | Bits=100000 | BitErrors=0 | BER=0.000e+00 | SER=0.000e+00 | CorrectedErrors=0 | DetectedErrors=0 | Blocks=0 | Channels=['Rayleigh Fading']
2026-02-26 14:55:02,270 - INFO - Eb/N0=14.00 dB | Es/N0=18.77 dB | Mod=PSKModulator-8 | Gray=True | CodeRate=1.000 | Bits=100000 | BitErrors=3174 | BER=3.174e-02 | SER=9.444e-02 | CorrectedErrors=0 | DetectedErrors=0 | Blocks=0 | Channels=['Rayleigh Fading']
2026-02-26 14:55:03,618 - INFO - Eb/N0=14.00 dB | Es/N0=18.77 dB | Mod=PSKModulator-8 | Gray=True | CodeRate=1.000 | Bits=100000 | BitErrors=2962 | BER=2.962e-02 | SER=7.578e-02 | CorrectedErrors=0 | DetectedErrors=0 | Blocks=0 | Channels=['Rayleigh Fading']
2026-02-26 14:55:05,500 - INFO - Eb/N0=14.00 dB | Es/N0=18.77 dB | Mod=PSKModulator-8 | Gray=True | CodeRate=1.000 | Bits=100000 | BitErrors=4899 | BER=4.899e-02 | SER=1.261e-01 | CorrectedErrors=0 | DetectedErrors=0 | Blocks=0 | Channels=['Rayleigh Fading']
2026-02-26 14:55:06,855 - INFO - Eb/N0=14.00 dB | Es/N0=18.77 dB | Mod=PSKModulator-8 | Gray=True | CodeRate=1.000 | Bits=100000 | BitErrors=0 | BER=0.000e+00 | SER=0.000e+00 | CorrectedErrors=0 | DetectedErrors=0 | Blocks=0 | Channels=['Rayleigh Fading']
2026-02-26 14:55:08,156 - INFO - Eb/N0=15.00 dB | Es/N0=19.77 dB | Mod=PSKModulator-8 | Gray=True | CodeRate=1.000 | Bits=100000 | BitErrors=27 | BER=2.700e-04 | SER=8.100e-04 | CorrectedErrors=0 | DetectedErrors=0 | Blocks=0 | Channels=['Rayleigh Fading']
2026-02-26 14:55:09,088 - INFO - Eb/N0=15.00 dB | Es/N0=19.77 dB | Mod=PSKModulator-8 | Gray=True | CodeRate=1.000 | Bits=100000 | BitErrors=10 | BER=1.000e-04 | SER=3.000e-04 | CorrectedErrors=0 | DetectedErrors=0 | Blocks=0 | Channels=['Rayleigh Fading']
2026-02-26 14:55:10,573 - INFO - Eb/N0=15.00 dB | Es/N0=19.77 dB | Mod=PSKModulator-8 | Gray=True | CodeRate=1.000 | Bits=100000 | BitErrors=0 | BER=0.000e+00 | SER=0.000e+00 | CorrectedErrors=0 | DetectedErrors=0 | Blocks=0 | Channels=['Rayleigh Fading']
2026-02-26 14:55:11,604 - INFO - Eb/N0=15.00 dB | Es/N0=19.77 dB | Mod=PSKModulator-8 | Gray=True | CodeRate=1.000 | Bits=100000 | BitErrors=14 | BER=1.400e-04 | SER=4.200e-04 | CorrectedErrors=0 | DetectedErrors=0 | Blocks=0 | Channels=['Rayleigh Fading']
2026-02-26 14:55:12,542 - INFO - Eb/N0=15.00 dB | Es/N0=19.77 dB | Mod=PSKModulator-8 | Gray=True | CodeRate=1.000 | Bits=100000 | BitErrors=1506 | BER=1.506e-02 | SER=3.960e-02 | CorrectedErrors=0 | DetectedErrors=0 | Blocks=0 | Channels=['Rayleigh Fading']
2026-02-26 14:55:13,288 - INFO - Eb/N0=16.00 dB | Es/N0=20.77 dB | Mod=PSKModulator-8 | Gray=True | CodeRate=1.000 | Bits=100000 | BitErrors=343 | BER=3.430e-03 | SER=1.029e-02 | CorrectedErrors=0 | DetectedErrors=0 | Blocks=0 | Channels=['Rayleigh Fading']
2026-02-26 14:55:15,737 - INFO - Eb/N0=16.00 dB | Es/N0=20.77 dB | Mod=PSKModulator-8 | Gray=True | CodeRate=1.000 | Bits=100000 | BitErrors=74 | BER=7.400e-04 | SER=2.220e-03 | CorrectedErrors=0 | DetectedErrors=0 | Blocks=0 | Channels=['Rayleigh Fading']
2026-02-26 14:55:18,123 - INFO - Eb/N0=16.00 dB | Es/N0=20.77 dB | Mod=PSKModulator-8 | Gray=True | CodeRate=1.000 | Bits=100000 | BitErrors=0 | BER=0.000e+00 | SER=0.000e+00 | CorrectedErrors=0 | DetectedErrors=0 | Blocks=0 | Channels=['Rayleigh Fading']
2026-02-26 14:55:21,167 - INFO - Eb/N0=16.00 dB | Es/N0=20.77 dB | Mod=PSKModulator-8 | Gray=True | CodeRate=1.000 | Bits=100000 | BitErrors=5 | BER=5.000e-05 | SER=1.500e-04 | CorrectedErrors=0 | DetectedErrors=0 | Blocks=0 | Channels=['Rayleigh Fading']
2026-02-26 14:55:21,607 - INFO - Eb/N0=16.00 dB | Es/N0=20.77 dB | Mod=PSKModulator-8 | Gray=True | CodeRate=1.000 | Bits=100000 | BitErrors=5161 | BER=5.161e-02 | SER=1.359e-01 | CorrectedErrors=0 | DetectedErrors=0 | Blocks=0 | Channels=['Rayleigh Fading']
2026-02-26 14:55:21,870 - INFO - Eb/N0=17.00 dB | Es/N0=21.77 dB | Mod=PSKModulator-8 | Gray=True | CodeRate=1.000 | Bits=100000 | BitErrors=2663 | BER=2.663e-02 | SER=6.648e-02 | CorrectedErrors=0 | DetectedErrors=0 | Blocks=0 | Channels=['Rayleigh Fading']
2026-02-26 14:55:22,129 - INFO - Eb/N0=17.00 dB | Es/N0=21.77 dB | Mod=PSKModulator-8 | Gray=True | CodeRate=1.000 | Bits=100000 | BitErrors=980 | BER=9.800e-03 | SER=2.307e-02 | CorrectedErrors=0 | DetectedErrors=0 | Blocks=0 | Channels=['Rayleigh Fading']
2026-02-26 14:55:22,395 - INFO - Eb/N0=17.00 dB | Es/N0=21.77 dB | Mod=PSKModulator-8 | Gray=True | CodeRate=1.000 | Bits=100000 | BitErrors=651 | BER=6.510e-03 | SER=1.908e-02 | CorrectedErrors=0 | DetectedErrors=0 | Blocks=0 | Channels=['Rayleigh Fading']
2026-02-26 14:55:22,675 - INFO - Eb/N0=17.00 dB | Es/N0=21.77 dB | Mod=PSKModulator-8 | Gray=True | CodeRate=1.000 | Bits=100000 | BitErrors=197 | BER=1.970e-03 | SER=5.910e-03 | CorrectedErrors=0 | DetectedErrors=0 | Blocks=0 | Channels=['Rayleigh Fading']
2026-02-26 14:55:22,997 - INFO - Eb/N0=17.00 dB | Es/N0=21.77 dB | Mod=PSKModulator-8 | Gray=True | CodeRate=1.000 | Bits=100000 | BitErrors=34 | BER=3.400e-04 | SER=1.020e-03 | CorrectedErrors=0 | DetectedErrors=0 | Blocks=0 | Channels=['Rayleigh Fading']
2026-02-26 14:55:23,280 - INFO - Eb/N0=18.00 dB | Es/N0=22.77 dB | Mod=PSKModulator-8 | Gray=True | CodeRate=1.000 | Bits=100000 | BitErrors=158 | BER=1.580e-03 | SER=4.740e-03 | CorrectedErrors=0 | DetectedErrors=0 | Blocks=0 | Channels=['Rayleigh Fading']
2026-02-26 14:55:23,548 - INFO - Eb/N0=18.00 dB | Es/N0=22.77 dB | Mod=PSKModulator-8 | Gray=True | CodeRate=1.000 | Bits=100000 | BitErrors=18 | BER=1.800e-04 | SER=5.400e-04 | CorrectedErrors=0 | DetectedErrors=0 | Blocks=0 | Channels=['Rayleigh Fading']
2026-02-26 14:55:23,813 - INFO - Eb/N0=18.00 dB | Es/N0=22.77 dB | Mod=PSKModulator-8 | Gray=True | CodeRate=1.000 | Bits=100000 | BitErrors=2590 | BER=2.590e-02 | SER=6.105e-02 | CorrectedErrors=0 | DetectedErrors=0 | Blocks=0 | Channels=['Rayleigh Fading']
2026-02-26 14:55:24,082 - INFO - Eb/N0=18.00 dB | Es/N0=22.77 dB | Mod=PSKModulator-8 | Gray=True | CodeRate=1.000 | Bits=100000 | BitErrors=373 | BER=3.730e-03 | SER=1.119e-02 | CorrectedErrors=0 | DetectedErrors=0 | Blocks=0 | Channels=['Rayleigh Fading']
2026-02-26 14:55:24,346 - INFO - Eb/N0=18.00 dB | Es/N0=22.77 dB | Mod=PSKModulator-8 | Gray=True | CodeRate=1.000 | Bits=100000 | BitErrors=0 | BER=0.000e+00 | SER=0.000e+00 | CorrectedErrors=0 | DetectedErrors=0 | Blocks=0 | Channels=['Rayleigh Fading']
2026-02-26 14:55:24,606 - INFO - Eb/N0=19.00 dB | Es/N0=23.77 dB | Mod=PSKModulator-8 | Gray=True | CodeRate=1.000 | Bits=100000 | BitErrors=1404 | BER=1.404e-02 | SER=3.315e-02 | CorrectedErrors=0 | DetectedErrors=0 | Blocks=0 | Channels=['Rayleigh Fading']
2026-02-26 14:55:24,868 - INFO - Eb/N0=19.00 dB | Es/N0=23.77 dB | Mod=PSKModulator-8 | Gray=True | CodeRate=1.000 | Bits=100000 | BitErrors=197 | BER=1.970e-03 | SER=5.910e-03 | CorrectedErrors=0 | DetectedErrors=0 | Blocks=0 | Channels=['Rayleigh Fading']
2026-02-26 14:55:25,131 - INFO - Eb/N0=19.00 dB | Es/N0=23.77 dB | Mod=PSKModulator-8 | Gray=True | CodeRate=1.000 | Bits=100000 | BitErrors=0 | BER=0.000e+00 | SER=0.000e+00 | CorrectedErrors=0 | DetectedErrors=0 | Blocks=0 | Channels=['Rayleigh Fading']
2026-02-26 14:55:25,397 - INFO - Eb/N0=19.00 dB | Es/N0=23.77 dB | Mod=PSKModulator-8 | Gray=True | CodeRate=1.000 | Bits=100000 | BitErrors=600 | BER=6.000e-03 | SER=1.800e-02 | CorrectedErrors=0 | DetectedErrors=0 | Blocks=0 | Channels=['Rayleigh Fading']
2026-02-26 14:55:25,652 - INFO - Eb/N0=19.00 dB | Es/N0=23.77 dB | Mod=PSKModulator-8 | Gray=True | CodeRate=1.000 | Bits=100000 | BitErrors=0 | BER=0.000e+00 | SER=0.000e+00 | CorrectedErrors=0 | DetectedErrors=0 | Blocks=0 | Channels=['Rayleigh Fading']
2026-02-26 14:55:25,913 - INFO - Eb/N0=20.00 dB | Es/N0=24.77 dB | Mod=PSKModulator-8 | Gray=True | CodeRate=1.000 | Bits=100000 | BitErrors=0 | BER=0.000e+00 | SER=0.000e+00 | CorrectedErrors=0 | DetectedErrors=0 | Blocks=0 | Channels=['Rayleigh Fading']
2026-02-26 14:55:26,173 - INFO - Eb/N0=20.00 dB | Es/N0=24.77 dB | Mod=PSKModulator-8 | Gray=True | CodeRate=1.000 | Bits=100000 | BitErrors=1 | BER=1.000e-05 | SER=3.000e-05 | CorrectedErrors=0 | DetectedErrors=0 | Blocks=0 | Channels=['Rayleigh Fading']
2026-02-26 14:55:26,435 - INFO - Eb/N0=20.00 dB | Es/N0=24.77 dB | Mod=PSKModulator-8 | Gray=True | CodeRate=1.000 | Bits=100000 | BitErrors=592 | BER=5.920e-03 | SER=1.761e-02 | CorrectedErrors=0 | DetectedErrors=0 | Blocks=0 | Channels=['Rayleigh Fading']
2026-02-26 14:55:26,694 - INFO - Eb/N0=20.00 dB | Es/N0=24.77 dB | Mod=PSKModulator-8 | Gray=True | CodeRate=1.000 | Bits=100000 | BitErrors=5 | BER=5.000e-05 | SER=1.500e-04 | CorrectedErrors=0 | DetectedErrors=0 | Blocks=0 | Channels=['Rayleigh Fading']
2026-02-26 14:55:26,951 - INFO - Eb/N0=20.00 dB | Es/N0=24.77 dB | Mod=PSKModulator-8 | Gray=True | CodeRate=1.000 | Bits=100000 | BitErrors=0 | BER=0.000e+00 | SER=0.000e+00 | CorrectedErrors=0 | DetectedErrors=0 | Blocks=0 | Channels=['Rayleigh Fading']
2026-02-26 14:55:27,215 - INFO - Eb/N0=21.00 dB | Es/N0=25.77 dB | Mod=PSKModulator-8 | Gray=True | CodeRate=1.000 | Bits=100000 | BitErrors=19 | BER=1.900e-04 | SER=5.700e-04 | CorrectedErrors=0 | DetectedErrors=0 | Blocks=0 | Channels=['Rayleigh Fading']
2026-02-26 14:55:27,475 - INFO - Eb/N0=21.00 dB | Es/N0=25.77 dB | Mod=PSKModulator-8 | Gray=True | CodeRate=1.000 | Bits=100000 | BitErrors=139 | BER=1.390e-03 | SER=4.170e-03 | CorrectedErrors=0 | DetectedErrors=0 | Blocks=0 | Channels=['Rayleigh Fading']
2026-02-26 14:55:27,735 - INFO - Eb/N0=21.00 dB | Es/N0=25.77 dB | Mod=PSKModulator-8 | Gray=True | CodeRate=1.000 | Bits=100000 | BitErrors=555 | BER=5.550e-03 | SER=1.641e-02 | CorrectedErrors=0 | DetectedErrors=0 | Blocks=0 | Channels=['Rayleigh Fading']
2026-02-26 14:55:28,004 - INFO - Eb/N0=21.00 dB | Es/N0=25.77 dB | Mod=PSKModulator-8 | Gray=True | CodeRate=1.000 | Bits=100000 | BitErrors=31 | BER=3.100e-04 | SER=9.300e-04 | CorrectedErrors=0 | DetectedErrors=0 | Blocks=0 | Channels=['Rayleigh Fading']
2026-02-26 14:55:28,272 - INFO - Eb/N0=21.00 dB | Es/N0=25.77 dB | Mod=PSKModulator-8 | Gray=True | CodeRate=1.000 | Bits=100000 | BitErrors=0 | BER=0.000e+00 | SER=0.000e+00 | CorrectedErrors=0 | DetectedErrors=0 | Blocks=0 | Channels=['Rayleigh Fading']
2026-02-26 14:55:28,541 - INFO - Eb/N0=22.00 dB | Es/N0=26.77 dB | Mod=PSKModulator-8 | Gray=True | CodeRate=1.000 | Bits=100000 | BitErrors=0 | BER=0.000e+00 | SER=0.000e+00 | CorrectedErrors=0 | DetectedErrors=0 | Blocks=0 | Channels=['Rayleigh Fading']
2026-02-26 14:55:28,802 - INFO - Eb/N0=22.00 dB | Es/N0=26.77 dB | Mod=PSKModulator-8 | Gray=True | CodeRate=1.000 | Bits=100000 | BitErrors=0 | BER=0.000e+00 | SER=0.000e+00 | CorrectedErrors=0 | DetectedErrors=0 | Blocks=0 | Channels=['Rayleigh Fading']
2026-02-26 14:55:29,061 - INFO - Eb/N0=22.00 dB | Es/N0=26.77 dB | Mod=PSKModulator-8 | Gray=True | CodeRate=1.000 | Bits=100000 | BitErrors=27 | BER=2.700e-04 | SER=8.100e-04 | CorrectedErrors=0 | DetectedErrors=0 | Blocks=0 | Channels=['Rayleigh Fading']
2026-02-26 14:55:29,324 - INFO - Eb/N0=22.00 dB | Es/N0=26.77 dB | Mod=PSKModulator-8 | Gray=True | CodeRate=1.000 | Bits=100000 | BitErrors=868 | BER=8.680e-03 | SER=2.061e-02 | CorrectedErrors=0 | DetectedErrors=0 | Blocks=0 | Channels=['Rayleigh Fading']
2026-02-26 14:55:29,584 - INFO - Eb/N0=22.00 dB | Es/N0=26.77 dB | Mod=PSKModulator-8 | Gray=True | CodeRate=1.000 | Bits=100000 | BitErrors=248 | BER=2.480e-03 | SER=7.230e-03 | CorrectedErrors=0 | DetectedErrors=0 | Blocks=0 | Channels=['Rayleigh Fading']
2026-02-26 14:55:29,847 - INFO - Eb/N0=23.00 dB | Es/N0=27.77 dB | Mod=PSKModulator-8 | Gray=True | CodeRate=1.000 | Bits=100000 | BitErrors=0 | BER=0.000e+00 | SER=0.000e+00 | CorrectedErrors=0 | DetectedErrors=0 | Blocks=0 | Channels=['Rayleigh Fading']
2026-02-26 14:55:30,107 - INFO - Eb/N0=23.00 dB | Es/N0=27.77 dB | Mod=PSKModulator-8 | Gray=True | CodeRate=1.000 | Bits=100000 | BitErrors=0 | BER=0.000e+00 | SER=0.000e+00 | CorrectedErrors=0 | DetectedErrors=0 | Blocks=0 | Channels=['Rayleigh Fading']
2026-02-26 14:55:30,371 - INFO - Eb/N0=23.00 dB | Es/N0=27.77 dB | Mod=PSKModulator-8 | Gray=True | CodeRate=1.000 | Bits=100000 | BitErrors=285 | BER=2.850e-03 | SER=8.550e-03 | CorrectedErrors=0 | DetectedErrors=0 | Blocks=0 | Channels=['Rayleigh Fading']
2026-02-26 14:55:30,631 - INFO - Eb/N0=23.00 dB | Es/N0=27.77 dB | Mod=PSKModulator-8 | Gray=True | CodeRate=1.000 | Bits=100000 | BitErrors=786 | BER=7.860e-03 | SER=2.256e-02 | CorrectedErrors=0 | DetectedErrors=0 | Blocks=0 | Channels=['Rayleigh Fading']
2026-02-26 14:55:30,891 - INFO - Eb/N0=23.00 dB | Es/N0=27.77 dB | Mod=PSKModulator-8 | Gray=True | CodeRate=1.000 | Bits=100000 | BitErrors=969 | BER=9.690e-03 | SER=2.292e-02 | CorrectedErrors=0 | DetectedErrors=0 | Blocks=0 | Channels=['Rayleigh Fading']
2026-02-26 14:55:31,151 - INFO - Eb/N0=24.00 dB | Es/N0=28.77 dB | Mod=PSKModulator-8 | Gray=True | CodeRate=1.000 | Bits=100000 | BitErrors=730 | BER=7.300e-03 | SER=1.740e-02 | CorrectedErrors=0 | DetectedErrors=0 | Blocks=0 | Channels=['Rayleigh Fading']
2026-02-26 14:55:31,416 - INFO - Eb/N0=24.00 dB | Es/N0=28.77 dB | Mod=PSKModulator-8 | Gray=True | CodeRate=1.000 | Bits=100000 | BitErrors=0 | BER=0.000e+00 | SER=0.000e+00 | CorrectedErrors=0 | DetectedErrors=0 | Blocks=0 | Channels=['Rayleigh Fading']
2026-02-26 14:55:31,686 - INFO - Eb/N0=24.00 dB | Es/N0=28.77 dB | Mod=PSKModulator-8 | Gray=True | CodeRate=1.000 | Bits=100000 | BitErrors=0 | BER=0.000e+00 | SER=0.000e+00 | CorrectedErrors=0 | DetectedErrors=0 | Blocks=0 | Channels=['Rayleigh Fading']
2026-02-26 14:55:31,951 - INFO - Eb/N0=24.00 dB | Es/N0=28.77 dB | Mod=PSKModulator-8 | Gray=True | CodeRate=1.000 | Bits=100000 | BitErrors=348 | BER=3.480e-03 | SER=1.044e-02 | CorrectedErrors=0 | DetectedErrors=0 | Blocks=0 | Channels=['Rayleigh Fading']
2026-02-26 14:55:32,211 - INFO - Eb/N0=24.00 dB | Es/N0=28.77 dB | Mod=PSKModulator-8 | Gray=True | CodeRate=1.000 | Bits=100000 | BitErrors=0 | BER=0.000e+00 | SER=0.000e+00 | CorrectedErrors=0 | DetectedErrors=0 | Blocks=0 | Channels=['Rayleigh Fading']
2026-02-26 14:55:32,472 - INFO - Eb/N0=25.00 dB | Es/N0=29.77 dB | Mod=PSKModulator-8 | Gray=True | CodeRate=1.000 | Bits=100000 | BitErrors=0 | BER=0.000e+00 | SER=0.000e+00 | CorrectedErrors=0 | DetectedErrors=0 | Blocks=0 | Channels=['Rayleigh Fading']
2026-02-26 14:55:32,729 - INFO - Eb/N0=25.00 dB | Es/N0=29.77 dB | Mod=PSKModulator-8 | Gray=True | CodeRate=1.000 | Bits=100000 | BitErrors=0 | BER=0.000e+00 | SER=0.000e+00 | CorrectedErrors=0 | DetectedErrors=0 | Blocks=0 | Channels=['Rayleigh Fading']
2026-02-26 14:55:32,988 - INFO - Eb/N0=25.00 dB | Es/N0=29.77 dB | Mod=PSKModulator-8 | Gray=True | CodeRate=1.000 | Bits=100000 | BitErrors=6 | BER=6.000e-05 | SER=1.800e-04 | CorrectedErrors=0 | DetectedErrors=0 | Blocks=0 | Channels=['Rayleigh Fading']
2026-02-26 14:55:33,249 - INFO - Eb/N0=25.00 dB | Es/N0=29.77 dB | Mod=PSKModulator-8 | Gray=True | CodeRate=1.000 | Bits=100000 | BitErrors=24 | BER=2.400e-04 | SER=7.200e-04 | CorrectedErrors=0 | DetectedErrors=0 | Blocks=0 | Channels=['Rayleigh Fading']
2026-02-26 14:55:33,511 - INFO - Eb/N0=25.00 dB | Es/N0=29.77 dB | Mod=PSKModulator-8 | Gray=True | CodeRate=1.000 | Bits=100000 | BitErrors=0 | BER=0.000e+00 | SER=0.000e+00 | CorrectedErrors=0 | DetectedErrors=0 | Blocks=0 | Channels=['Rayleigh Fading']
2026-02-26 14:55:33,512 - INFO - Результаты сохранены в файл: results_PSK8_Random_20260226_145533.txt
2026-02-26 14:55:33,512 - INFO - ============================================================
2026-02-26 14:55:33,512 - INFO - СИМУЛЯЦИЯ ЗАВЕРШЕНА за 60.7 с
2026-02-26 14:55:33,512 - INFO - Результаты сохранены в results_PSK8_Random_20260226_145533.txt
2026-02-26 14:55:33,512 - INFO - ============================================================
2026-02-26 14:55:33,867 - INFO - График сохранён: Plot_PSK8_Random_20260226_145533.png
