2026-02-26 14:18:01,813 - INFO - Лог-файл этой симуляции: logs\sim_20260226_141801.log
2026-02-26 14:18:01,813 - INFO - ============================================================
2026-02-26 14:18:01,813 - INFO - НАЧАЛО СИМУЛЯЦИИ
2026-02-26 14:18:01,814 - INFO - Режим: random
2026-02-26 14:18:01,814 - INFO - Модуляция: PSK-8, Код Грея: False
2026-02-26 14:18:01,814 - INFO - Кодирование: отключено
2026-02-26 14:18:01,814 - INFO - Диапазон Eb/N0: 0.0..20.0 дБ, шаг 1.0
2026-02-26 14:18:01,814 - INFO - ============================================================
2026-02-26 14:18:02,122 - INFO - Eb/N0=0.00 dB | Es/N0=4.77 dB | Mod=PSKModulator-8 | Gray=False | CodeRate=1.000 | Bits=100000 | BitErrors=36113 | BER=3.611e-01 | SER=6.301e-01 | CorrectedErrors=0 | DetectedErrors=0 | Blocks=0 | Channels=['Rayleigh Fading']
2026-02-26 14:18:02,428 - INFO - Eb/N0=0.00 dB | Es/N0=4.77 dB | Mod=PSKModulator-8 | Gray=False | CodeRate=1.000 | Bits=100000 | BitErrors=40452 | BER=4.045e-01 | SER=7.053e-01 | CorrectedErrors=0 | DetectedErrors=0 | Blocks=0 | Channels=['Rayleigh Fading']
2026-02-26 14:18:02,738 - INFO - Eb/N0=0.00 dB | Es/N0=4.77 dB | Mod=PSKModulator-8 | Gray=False | CodeRate=1.000 | Bits=100000 | BitErrors=40950 | BER=4.095e-01 | SER=7.136e-01 | CorrectedErrors=0 | DetectedErrors=0 | Blocks=0 | Channels=['Rayleigh Fading']
2026-02-26 14:18:03,048 - INFO - Eb/N0=0.00 dB | Es/N0=4.77 dB | Mod=PSKModulator-8 | Gray=False | CodeRate=1.000 | Bits=100000 | BitErrors=41874 | BER=4.187e-01 | SER=7.287e-01 | CorrectedErrors=0 | DetectedErrors=0 | Blocks=0 | Channels=['Rayleigh Fading']
2026-02-26 14:18:03,363 - INFO - Eb/N0=0.00 dB | Es/N0=4.77 dB | Mod=PSKModulator-8 | Gray=False | CodeRate=1.000 | Bits=100000 | BitErrors=36277 | BER=3.628e-01 | SER=6.354e-01 | CorrectedErrors=0 | DetectedErrors=0 | Blocks=0 | Channels=['Rayleigh Fading']
2026-02-26 14:18:03,688 - INFO - Eb/N0=1.00 dB | Es/N0=5.77 dB | Mod=PSKModulator-8 | Gray=False | CodeRate=1.000 | Bits=100000 | BitErrors=36901 | BER=3.690e-01 | SER=6.435e-01 | CorrectedErrors=0 | DetectedErrors=0 | Blocks=0 | Channels=['Rayleigh Fading']
2026-02-26 14:18:03,997 - INFO - Eb/N0=1.00 dB | Es/N0=5.77 dB | Mod=PSKModulator-8 | Gray=False | CodeRate=1.000 | Bits=100000 | BitErrors=33610 | BER=3.361e-01 | SER=5.879e-01 | CorrectedErrors=0 | DetectedErrors=0 | Blocks=0 | Channels=['Rayleigh Fading']
2026-02-26 14:18:04,317 - INFO - Eb/N0=1.00 dB | Es/N0=5.77 dB | Mod=PSKModulator-8 | Gray=False | CodeRate=1.000 | Bits=100000 | BitErrors=35535 | BER=3.553e-01 | SER=6.226e-01 | CorrectedErrors=0 | DetectedErrors=0 | Blocks=0 | Channels=['Rayleigh Fading']
2026-02-26 14:18:04,650 - INFO - Eb/N0=1.00 dB | Es/N0=5.77 dB | Mod=PSKModulator-8 | Gray=False | CodeRate=1.000 | Bits=100000 | BitErrors=41253 | BER=4.125e-01 | SER=7.212e-01 | CorrectedErrors=0 | DetectedErrors=0 | Blocks=0 | Channels=['Rayleigh Fading']
2026-02-26 14:18:04,980 - INFO - Eb/N0=1.00 dB | Es/N0=5.77 dB | Mod=PSKModulator-8 | Gray=False | CodeRate=1.000 | Bits=100000 | BitErrors=39334 | BER=3.933e-01 | SER=6.897e-01 | CorrectedErrors=0 | DetectedErrors=0 | Blocks=0 | Channels=['Rayleigh Fading']
2026-02-26 14:18:05,329 - INFO - Eb/N0=2.00 dB | Es/N0=6.77 dB | Mod=PSKModulator-8 | Gray=False | CodeRate=1.000 | Bits=100000 | BitErrors=34794 | BER=3.479e-01 | SER=6.079e-01 | CorrectedErrors=0 | DetectedErrors=0 | Blocks=0 | Channels=['Rayleigh Fading']
2026-02-26 14:18:05,657 - INFO - Eb/N0=2.00 dB | Es/N0=6.77 dB | Mod=PSKModulator-8 | Gray=False | CodeRate=1.000 | Bits=100000 | BitErrors=38075 | BER=3.807e-01 | SER=6.663e-01 | CorrectedErrors=0 | DetectedErrors=0 | Blocks=0 | Channels=['Rayleigh Fading']
2026-02-26 14:18:05,981 - INFO - Eb/N0=2.00 dB | Es/N0=6.77 dB | Mod=PSKModulator-8 | Gray=False | CodeRate=1.000 | Bits=100000 | BitErrors=32702 | BER=3.270e-01 | SER=5.708e-01 | CorrectedErrors=0 | DetectedErrors=0 | Blocks=0 | Channels=['Rayleigh Fading']
2026-02-26 14:18:06,315 - INFO - Eb/N0=2.00 dB | Es/N0=6.77 dB | Mod=PSKModulator-8 | Gray=False | CodeRate=1.000 | Bits=100000 | BitErrors=30852 | BER=3.085e-01 | SER=5.359e-01 | CorrectedErrors=0 | DetectedErrors=0 | Blocks=0 | Channels=['Rayleigh Fading']
2026-02-26 14:18:06,690 - INFO - Eb/N0=2.00 dB | Es/N0=6.77 dB | Mod=PSKModulator-8 | Gray=False | CodeRate=1.000 | Bits=100000 | BitErrors=36646 | BER=3.665e-01 | SER=6.395e-01 | CorrectedErrors=0 | DetectedErrors=0 | Blocks=0 | Channels=['Rayleigh Fading']
2026-02-26 14:18:07,115 - INFO - Eb/N0=3.00 dB | Es/N0=7.77 dB | Mod=PSKModulator-8 | Gray=False | CodeRate=1.000 | Bits=100000 | BitErrors=37054 | BER=3.705e-01 | SER=6.499e-01 | CorrectedErrors=0 | DetectedErrors=0 | Blocks=0 | Channels=['Rayleigh Fading']
2026-02-26 14:18:07,522 - INFO - Eb/N0=3.00 dB | Es/N0=7.77 dB | Mod=PSKModulator-8 | Gray=False | CodeRate=1.000 | Bits=100000 | BitErrors=33046 | BER=3.305e-01 | SER=5.759e-01 | CorrectedErrors=0 | DetectedErrors=0 | Blocks=0 | Channels=['Rayleigh Fading']
2026-02-26 14:18:09,318 - INFO - Eb/N0=3.00 dB | Es/N0=7.77 dB | Mod=PSKModulator-8 | Gray=False | CodeRate=1.000 | Bits=100000 | BitErrors=30001 | BER=3.000e-01 | SER=5.256e-01 | CorrectedErrors=0 | DetectedErrors=0 | Blocks=0 | Channels=['Rayleigh Fading']
2026-02-26 14:18:10,518 - INFO - Eb/N0=3.00 dB | Es/N0=7.77 dB | Mod=PSKModulator-8 | Gray=False | CodeRate=1.000 | Bits=100000 | BitErrors=30631 | BER=3.063e-01 | SER=5.371e-01 | CorrectedErrors=0 | DetectedErrors=0 | Blocks=0 | Channels=['Rayleigh Fading']
2026-02-26 14:18:11,380 - INFO - Eb/N0=3.00 dB | Es/N0=7.77 dB | Mod=PSKModulator-8 | Gray=False | CodeRate=1.000 | Bits=100000 | BitErrors=33619 | BER=3.362e-01 | SER=5.846e-01 | CorrectedErrors=0 | DetectedErrors=0 | Blocks=0 | Channels=['Rayleigh Fading']
2026-02-26 14:18:12,241 - INFO - Eb/N0=4.00 dB | Es/N0=8.77 dB | Mod=PSKModulator-8 | Gray=False | CodeRate=1.000 | Bits=100000 | BitErrors=29904 | BER=2.990e-01 | SER=5.194e-01 | CorrectedErrors=0 | DetectedErrors=0 | Blocks=0 | Channels=['Rayleigh Fading']
2026-02-26 14:18:13,113 - INFO - Eb/N0=4.00 dB | Es/N0=8.77 dB | Mod=PSKModulator-8 | Gray=False | CodeRate=1.000 | Bits=100000 | BitErrors=24857 | BER=2.486e-01 | SER=4.294e-01 | CorrectedErrors=0 | DetectedErrors=0 | Blocks=0 | Channels=['Rayleigh Fading']
2026-02-26 14:18:13,974 - INFO - Eb/N0=4.00 dB | Es/N0=8.77 dB | Mod=PSKModulator-8 | Gray=False | CodeRate=1.000 | Bits=100000 | BitErrors=26832 | BER=2.683e-01 | SER=4.652e-01 | CorrectedErrors=0 | DetectedErrors=0 | Blocks=0 | Channels=['Rayleigh Fading']
2026-02-26 14:18:14,841 - INFO - Eb/N0=4.00 dB | Es/N0=8.77 dB | Mod=PSKModulator-8 | Gray=False | CodeRate=1.000 | Bits=100000 | BitErrors=26749 | BER=2.675e-01 | SER=4.633e-01 | CorrectedErrors=0 | DetectedErrors=0 | Blocks=0 | Channels=['Rayleigh Fading']
2026-02-26 14:18:15,705 - INFO - Eb/N0=4.00 dB | Es/N0=8.77 dB | Mod=PSKModulator-8 | Gray=False | CodeRate=1.000 | Bits=100000 | BitErrors=25751 | BER=2.575e-01 | SER=4.477e-01 | CorrectedErrors=0 | DetectedErrors=0 | Blocks=0 | Channels=['Rayleigh Fading']
2026-02-26 14:18:16,594 - INFO - Eb/N0=5.00 dB | Es/N0=9.77 dB | Mod=PSKModulator-8 | Gray=False | CodeRate=1.000 | Bits=100000 | BitErrors=24487 | BER=2.449e-01 | SER=4.259e-01 | CorrectedErrors=0 | DetectedErrors=0 | Blocks=0 | Channels=['Rayleigh Fading']
2026-02-26 14:18:17,451 - INFO - Eb/N0=5.00 dB | Es/N0=9.77 dB | Mod=PSKModulator-8 | Gray=False | CodeRate=1.000 | Bits=100000 | BitErrors=25805 | BER=2.581e-01 | SER=4.507e-01 | CorrectedErrors=0 | DetectedErrors=0 | Blocks=0 | Channels=['Rayleigh Fading']
2026-02-26 14:18:18,313 - INFO - Eb/N0=5.00 dB | Es/N0=9.77 dB | Mod=PSKModulator-8 | Gray=False | CodeRate=1.000 | Bits=100000 | BitErrors=35745 | BER=3.574e-01 | SER=6.259e-01 | CorrectedErrors=0 | DetectedErrors=0 | Blocks=0 | Channels=['Rayleigh Fading']
2026-02-26 14:18:19,177 - INFO - Eb/N0=5.00 dB | Es/N0=9.77 dB | Mod=PSKModulator-8 | Gray=False | CodeRate=1.000 | Bits=100000 | BitErrors=33227 | BER=3.323e-01 | SER=5.824e-01 | CorrectedErrors=0 | DetectedErrors=0 | Blocks=0 | Channels=['Rayleigh Fading']
2026-02-26 14:18:20,048 - INFO - Eb/N0=5.00 dB | Es/N0=9.77 dB | Mod=PSKModulator-8 | Gray=False | CodeRate=1.000 | Bits=100000 | BitErrors=29927 | BER=2.993e-01 | SER=5.187e-01 | CorrectedErrors=0 | DetectedErrors=0 | Blocks=0 | Channels=['Rayleigh Fading']
2026-02-26 14:18:20,907 - INFO - Eb/N0=6.00 dB | Es/N0=10.77 dB | Mod=PSKModulator-8 | Gray=False | CodeRate=1.000 | Bits=100000 | BitErrors=16760 | BER=1.676e-01 | SER=2.933e-01 | CorrectedErrors=0 | DetectedErrors=0 | Blocks=0 | Channels=['Rayleigh Fading']
2026-02-26 14:18:23,021 - INFO - Eb/N0=6.00 dB | Es/N0=10.77 dB | Mod=PSKModulator-8 | Gray=False | CodeRate=1.000 | Bits=100000 | BitErrors=15518 | BER=1.552e-01 | SER=2.686e-01 | CorrectedErrors=0 | DetectedErrors=0 | Blocks=0 | Channels=['Rayleigh Fading']
2026-02-26 14:18:24,882 - INFO - Eb/N0=6.00 dB | Es/N0=10.77 dB | Mod=PSKModulator-8 | Gray=False | CodeRate=1.000 | Bits=100000 | BitErrors=29587 | BER=2.959e-01 | SER=5.173e-01 | CorrectedErrors=0 | DetectedErrors=0 | Blocks=0 | Channels=['Rayleigh Fading']
2026-02-26 14:18:25,776 - INFO - Eb/N0=6.00 dB | Es/N0=10.77 dB | Mod=PSKModulator-8 | Gray=False | CodeRate=1.000 | Bits=100000 | BitErrors=19594 | BER=1.959e-01 | SER=3.383e-01 | CorrectedErrors=0 | DetectedErrors=0 | Blocks=0 | Channels=['Rayleigh Fading']
2026-02-26 14:18:26,632 - INFO - Eb/N0=6.00 dB | Es/N0=10.77 dB | Mod=PSKModulator-8 | Gray=False | CodeRate=1.000 | Bits=100000 | BitErrors=10923 | BER=1.092e-01 | SER=1.874e-01 | CorrectedErrors=0 | DetectedErrors=0 | Blocks=0 | Channels=['Rayleigh Fading']
2026-02-26 14:18:27,498 - INFO - Eb/N0=7.00 dB | Es/N0=11.77 dB | Mod=PSKModulator-8 | Gray=False | CodeRate=1.000 | Bits=100000 | BitErrors=25317 | BER=2.532e-01 | SER=4.830e-01 | CorrectedErrors=0 | DetectedErrors=0 | Blocks=0 | Channels=['Rayleigh Fading']
2026-02-26 14:18:28,346 - INFO - Eb/N0=7.00 dB | Es/N0=11.77 dB | Mod=PSKModulator-8 | Gray=False | CodeRate=1.000 | Bits=100000 | BitErrors=29003 | BER=2.900e-01 | SER=5.045e-01 | CorrectedErrors=0 | DetectedErrors=0 | Blocks=0 | Channels=['Rayleigh Fading']
2026-02-26 14:18:29,196 - INFO - Eb/N0=7.00 dB | Es/N0=11.77 dB | Mod=PSKModulator-8 | Gray=False | CodeRate=1.000 | Bits=100000 | BitErrors=26391 | BER=2.639e-01 | SER=4.786e-01 | CorrectedErrors=0 | DetectedErrors=0 | Blocks=0 | Channels=['Rayleigh Fading']
2026-02-26 14:18:30,050 - INFO - Eb/N0=7.00 dB | Es/N0=11.77 dB | Mod=PSKModulator-8 | Gray=False | CodeRate=1.000 | Bits=100000 | BitErrors=30074 | BER=3.007e-01 | SER=5.263e-01 | CorrectedErrors=0 | DetectedErrors=0 | Blocks=0 | Channels=['Rayleigh Fading']
2026-02-26 14:18:30,896 - INFO - Eb/N0=7.00 dB | Es/N0=11.77 dB | Mod=PSKModulator-8 | Gray=False | CodeRate=1.000 | Bits=100000 | BitErrors=9796 | BER=9.796e-02 | SER=1.707e-01 | CorrectedErrors=0 | DetectedErrors=0 | Blocks=0 | Channels=['Rayleigh Fading']
2026-02-26 14:18:31,750 - INFO - Eb/N0=8.00 dB | Es/N0=12.77 dB | Mod=PSKModulator-8 | Gray=False | CodeRate=1.000 | Bits=100000 | BitErrors=13218 | BER=1.322e-01 | SER=2.301e-01 | CorrectedErrors=0 | DetectedErrors=0 | Blocks=0 | Channels=['Rayleigh Fading']
2026-02-26 14:18:32,595 - INFO - Eb/N0=8.00 dB | Es/N0=12.77 dB | Mod=PSKModulator-8 | Gray=False | CodeRate=1.000 | Bits=100000 | BitErrors=44692 | BER=4.469e-01 | SER=7.847e-01 | CorrectedErrors=0 | DetectedErrors=0 | Blocks=0 | Channels=['Rayleigh Fading']
2026-02-26 14:18:33,445 - INFO - Eb/N0=8.00 dB | Es/N0=12.77 dB | Mod=PSKModulator-8 | Gray=False | CodeRate=1.000 | Bits=100000 | BitErrors=23399 | BER=2.340e-01 | SER=4.085e-01 | CorrectedErrors=0 | DetectedErrors=0 | Blocks=0 | Channels=['Rayleigh Fading']
2026-02-26 14:18:34,299 - INFO - Eb/N0=8.00 dB | Es/N0=12.77 dB | Mod=PSKModulator-8 | Gray=False | CodeRate=1.000 | Bits=100000 | BitErrors=13909 | BER=1.391e-01 | SER=2.422e-01 | CorrectedErrors=0 | DetectedErrors=0 | Blocks=0 | Channels=['Rayleigh Fading']
2026-02-26 14:18:35,151 - INFO - Eb/N0=8.00 dB | Es/N0=12.77 dB | Mod=PSKModulator-8 | Gray=False | CodeRate=1.000 | Bits=100000 | BitErrors=33669 | BER=3.367e-01 | SER=5.855e-01 | CorrectedErrors=0 | DetectedErrors=0 | Blocks=0 | Channels=['Rayleigh Fading']
2026-02-26 14:18:36,017 - INFO - Eb/N0=9.00 dB | Es/N0=13.77 dB | Mod=PSKModulator-8 | Gray=False | CodeRate=1.000 | Bits=100000 | BitErrors=31677 | BER=3.168e-01 | SER=5.635e-01 | CorrectedErrors=0 | DetectedErrors=0 | Blocks=0 | Channels=['Rayleigh Fading']
2026-02-26 14:18:38,475 - INFO - Eb/N0=9.00 dB | Es/N0=13.77 dB | Mod=PSKModulator-8 | Gray=False | CodeRate=1.000 | Bits=100000 | BitErrors=4136 | BER=4.136e-02 | SER=7.059e-02 | CorrectedErrors=0 | DetectedErrors=0 | Blocks=0 | Channels=['Rayleigh Fading']
2026-02-26 14:18:40,273 - INFO - Eb/N0=9.00 dB | Es/N0=13.77 dB | Mod=PSKModulator-8 | Gray=False | CodeRate=1.000 | Bits=100000 | BitErrors=33501 | BER=3.350e-01 | SER=5.839e-01 | CorrectedErrors=0 | DetectedErrors=0 | Blocks=0 | Channels=['Rayleigh Fading']
2026-02-26 14:18:41,146 - INFO - Eb/N0=9.00 dB | Es/N0=13.77 dB | Mod=PSKModulator-8 | Gray=False | CodeRate=1.000 | Bits=100000 | BitErrors=704 | BER=7.040e-03 | SER=1.200e-02 | CorrectedErrors=0 | DetectedErrors=0 | Blocks=0 | Channels=['Rayleigh Fading']
2026-02-26 14:18:41,998 - INFO - Eb/N0=9.00 dB | Es/N0=13.77 dB | Mod=PSKModulator-8 | Gray=False | CodeRate=1.000 | Bits=100000 | BitErrors=26241 | BER=2.624e-01 | SER=5.219e-01 | CorrectedErrors=0 | DetectedErrors=0 | Blocks=0 | Channels=['Rayleigh Fading']
2026-02-26 14:18:42,862 - INFO - Eb/N0=10.00 dB | Es/N0=14.77 dB | Mod=PSKModulator-8 | Gray=False | CodeRate=1.000 | Bits=100000 | BitErrors=11976 | BER=1.198e-01 | SER=2.048e-01 | CorrectedErrors=0 | DetectedErrors=0 | Blocks=0 | Channels=['Rayleigh Fading']
2026-02-26 14:18:43,734 - INFO - Eb/N0=10.00 dB | Es/N0=14.77 dB | Mod=PSKModulator-8 | Gray=False | CodeRate=1.000 | Bits=100000 | BitErrors=191 | BER=1.910e-03 | SER=3.210e-03 | CorrectedErrors=0 | DetectedErrors=0 | Blocks=0 | Channels=['Rayleigh Fading']
2026-02-26 14:18:44,616 - INFO - Eb/N0=10.00 dB | Es/N0=14.77 dB | Mod=PSKModulator-8 | Gray=False | CodeRate=1.000 | Bits=100000 | BitErrors=18609 | BER=1.861e-01 | SER=3.541e-01 | CorrectedErrors=0 | DetectedErrors=0 | Blocks=0 | Channels=['Rayleigh Fading']
2026-02-26 14:18:45,472 - INFO - Eb/N0=10.00 dB | Es/N0=14.77 dB | Mod=PSKModulator-8 | Gray=False | CodeRate=1.000 | Bits=100000 | BitErrors=1586 | BER=1.586e-02 | SER=2.721e-02 | CorrectedErrors=0 | DetectedErrors=0 | Blocks=0 | Channels=['Rayleigh Fading']
2026-02-26 14:18:46,323 - INFO - Eb/N0=10.00 dB | Es/N0=14.77 dB | Mod=PSKModulator-8 | Gray=False | CodeRate=1.000 | Bits=100000 | BitErrors=15827 | BER=1.583e-01 | SER=3.845e-01 | CorrectedErrors=0 | DetectedErrors=0 | Blocks=0 | Channels=['Rayleigh Fading']
2026-02-26 14:18:47,183 - INFO - Eb/N0=11.00 dB | Es/N0=15.77 dB | Mod=PSKModulator-8 | Gray=False | CodeRate=1.000 | Bits=100000 | BitErrors=19528 | BER=1.953e-01 | SER=4.137e-01 | CorrectedErrors=0 | DetectedErrors=0 | Blocks=0 | Channels=['Rayleigh Fading']
2026-02-26 14:18:48,041 - INFO - Eb/N0=11.00 dB | Es/N0=15.77 dB | Mod=PSKModulator-8 | Gray=False | CodeRate=1.000 | Bits=100000 | BitErrors=25423 | BER=2.542e-01 | SER=4.707e-01 | CorrectedErrors=0 | DetectedErrors=0 | Blocks=0 | Channels=['Rayleigh Fading']
2026-02-26 14:18:48,888 - INFO - Eb/N0=11.00 dB | Es/N0=15.77 dB | Mod=PSKModulator-8 | Gray=False | CodeRate=1.000 | Bits=100000 | BitErrors=19721 | BER=1.972e-01 | SER=3.473e-01 | CorrectedErrors=0 | DetectedErrors=0 | Blocks=0 | Channels=['Rayleigh Fading']
2026-02-26 14:18:49,742 - INFO - Eb/N0=11.00 dB | Es/N0=15.77 dB | Mod=PSKModulator-8 | Gray=False | CodeRate=1.000 | Bits=100000 | BitErrors=0 | BER=0.000e+00 | SER=0.000e+00 | CorrectedErrors=0 | DetectedErrors=0 | Blocks=0 | Channels=['Rayleigh Fading']
2026-02-26 14:18:50,597 - INFO - Eb/N0=11.00 dB | Es/N0=15.77 dB | Mod=PSKModulator-8 | Gray=False | CodeRate=1.000 | Bits=100000 | BitErrors=23632 | BER=2.363e-01 | SER=4.137e-01 | CorrectedErrors=0 | DetectedErrors=0 | Blocks=0 | Channels=['Rayleigh Fading']
2026-02-26 14:18:52,088 - INFO - Eb/N0=12.00 dB | Es/N0=16.77 dB | Mod=PSKModulator-8 | Gray=False | CodeRate=1.000 | Bits=100000 | BitErrors=9019 | BER=9.019e-02 | SER=1.692e-01 | CorrectedErrors=0 | DetectedErrors=0 | Blocks=0 | Channels=['Rayleigh Fading']
2026-02-26 14:18:54,825 - INFO - Eb/N0=12.00 dB | Es/N0=16.77 dB | Mod=PSKModulator-8 | Gray=False | CodeRate=1.000 | Bits=100000 | BitErrors=0 | BER=0.000e+00 | SER=0.000e+00 | CorrectedErrors=0 | DetectedErrors=0 | Blocks=0 | Channels=['Rayleigh Fading']
2026-02-26 14:18:55,719 - INFO - Eb/N0=12.00 dB | Es/N0=16.77 dB | Mod=PSKModulator-8 | Gray=False | CodeRate=1.000 | Bits=100000 | BitErrors=22917 | BER=2.292e-01 | SER=3.985e-01 | CorrectedErrors=0 | DetectedErrors=0 | Blocks=0 | Channels=['Rayleigh Fading']
2026-02-26 14:18:56,583 - INFO - Eb/N0=12.00 dB | Es/N0=16.77 dB | Mod=PSKModulator-8 | Gray=False | CodeRate=1.000 | Bits=100000 | BitErrors=20636 | BER=2.064e-01 | SER=3.568e-01 | CorrectedErrors=0 | DetectedErrors=0 | Blocks=0 | Channels=['Rayleigh Fading']
2026-02-26 14:18:57,431 - INFO - Eb/N0=12.00 dB | Es/N0=16.77 dB | Mod=PSKModulator-8 | Gray=False | CodeRate=1.000 | Bits=100000 | BitErrors=0 | BER=0.000e+00 | SER=0.000e+00 | CorrectedErrors=0 | DetectedErrors=0 | Blocks=0 | Channels=['Rayleigh Fading']
2026-02-26 14:18:58,293 - INFO - Eb/N0=13.00 dB | Es/N0=17.77 dB | Mod=PSKModulator-8 | Gray=False | CodeRate=1.000 | Bits=100000 | BitErrors=0 | BER=0.000e+00 | SER=0.000e+00 | CorrectedErrors=0 | DetectedErrors=0 | Blocks=0 | Channels=['Rayleigh Fading']
2026-02-26 14:18:59,150 - INFO - Eb/N0=13.00 dB | Es/N0=17.77 dB | Mod=PSKModulator-8 | Gray=False | CodeRate=1.000 | Bits=100000 | BitErrors=37476 | BER=3.748e-01 | SER=6.698e-01 | CorrectedErrors=0 | DetectedErrors=0 | Blocks=0 | Channels=['Rayleigh Fading']
2026-02-26 14:19:00,001 - INFO - Eb/N0=13.00 dB | Es/N0=17.77 dB | Mod=PSKModulator-8 | Gray=False | CodeRate=1.000 | Bits=100000 | BitErrors=6416 | BER=6.416e-02 | SER=1.516e-01 | CorrectedErrors=0 | DetectedErrors=0 | Blocks=0 | Channels=['Rayleigh Fading']
2026-02-26 14:19:00,851 - INFO - Eb/N0=13.00 dB | Es/N0=17.77 dB | Mod=PSKModulator-8 | Gray=False | CodeRate=1.000 | Bits=100000 | BitErrors=0 | BER=0.000e+00 | SER=0.000e+00 | CorrectedErrors=0 | DetectedErrors=0 | Blocks=0 | Channels=['Rayleigh Fading']
2026-02-26 14:19:01,703 - INFO - Eb/N0=13.00 dB | Es/N0=17.77 dB | Mod=PSKModulator-8 | Gray=False | CodeRate=1.000 | Bits=100000 | BitErrors=0 | BER=0.000e+00 | SER=0.000e+00 | CorrectedErrors=0 | DetectedErrors=0 | Blocks=0 | Channels=['Rayleigh Fading']
2026-02-26 14:19:02,575 - INFO - Eb/N0=14.00 dB | Es/N0=18.77 dB | Mod=PSKModulator-8 | Gray=False | CodeRate=1.000 | Bits=100000 | BitErrors=34960 | BER=3.496e-01 | SER=6.098e-01 | CorrectedErrors=0 | DetectedErrors=0 | Blocks=0 | Channels=['Rayleigh Fading']
2026-02-26 14:19:03,427 - INFO - Eb/N0=14.00 dB | Es/N0=18.77 dB | Mod=PSKModulator-8 | Gray=False | CodeRate=1.000 | Bits=100000 | BitErrors=38006 | BER=3.801e-01 | SER=6.698e-01 | CorrectedErrors=0 | DetectedErrors=0 | Blocks=0 | Channels=['Rayleigh Fading']
2026-02-26 14:19:04,307 - INFO - Eb/N0=14.00 dB | Es/N0=18.77 dB | Mod=PSKModulator-8 | Gray=False | CodeRate=1.000 | Bits=100000 | BitErrors=32167 | BER=3.217e-01 | SER=6.298e-01 | CorrectedErrors=0 | DetectedErrors=0 | Blocks=0 | Channels=['Rayleigh Fading']
2026-02-26 14:19:05,182 - INFO - Eb/N0=14.00 dB | Es/N0=18.77 dB | Mod=PSKModulator-8 | Gray=False | CodeRate=1.000 | Bits=100000 | BitErrors=8032 | BER=8.032e-02 | SER=1.399e-01 | CorrectedErrors=0 | DetectedErrors=0 | Blocks=0 | Channels=['Rayleigh Fading']
2026-02-26 14:19:06,046 - INFO - Eb/N0=14.00 dB | Es/N0=18.77 dB | Mod=PSKModulator-8 | Gray=False | CodeRate=1.000 | Bits=100000 | BitErrors=0 | BER=0.000e+00 | SER=0.000e+00 | CorrectedErrors=0 | DetectedErrors=0 | Blocks=0 | Channels=['Rayleigh Fading']
2026-02-26 14:19:07,685 - INFO - Eb/N0=15.00 dB | Es/N0=19.77 dB | Mod=PSKModulator-8 | Gray=False | CodeRate=1.000 | Bits=100000 | BitErrors=31312 | BER=3.131e-01 | SER=5.698e-01 | CorrectedErrors=0 | DetectedErrors=0 | Blocks=0 | Channels=['Rayleigh Fading']
2026-02-26 14:19:07,993 - INFO - Eb/N0=15.00 dB | Es/N0=19.77 dB | Mod=PSKModulator-8 | Gray=False | CodeRate=1.000 | Bits=100000 | BitErrors=28498 | BER=2.850e-01 | SER=5.097e-01 | CorrectedErrors=0 | DetectedErrors=0 | Blocks=0 | Channels=['Rayleigh Fading']
2026-02-26 14:19:08,305 - INFO - Eb/N0=15.00 dB | Es/N0=19.77 dB | Mod=PSKModulator-8 | Gray=False | CodeRate=1.000 | Bits=100000 | BitErrors=38180 | BER=3.818e-01 | SER=6.898e-01 | CorrectedErrors=0 | DetectedErrors=0 | Blocks=0 | Channels=['Rayleigh Fading']
2026-02-26 14:19:08,626 - INFO - Eb/N0=15.00 dB | Es/N0=19.77 dB | Mod=PSKModulator-8 | Gray=False | CodeRate=1.000 | Bits=100000 | BitErrors=0 | BER=0.000e+00 | SER=0.000e+00 | CorrectedErrors=0 | DetectedErrors=0 | Blocks=0 | Channels=['Rayleigh Fading']
2026-02-26 14:19:08,955 - INFO - Eb/N0=15.00 dB | Es/N0=19.77 dB | Mod=PSKModulator-8 | Gray=False | CodeRate=1.000 | Bits=100000 | BitErrors=17516 | BER=1.752e-01 | SER=2.999e-01 | CorrectedErrors=0 | DetectedErrors=0 | Blocks=0 | Channels=['Rayleigh Fading']
2026-02-26 14:19:09,282 - INFO - Eb/N0=16.00 dB | Es/N0=20.77 dB | Mod=PSKModulator-8 | Gray=False | CodeRate=1.000 | Bits=100000 | BitErrors=32232 | BER=3.223e-01 | SER=5.698e-01 | CorrectedErrors=0 | DetectedErrors=0 | Blocks=0 | Channels=['Rayleigh Fading']
2026-02-26 14:19:09,608 - INFO - Eb/N0=16.00 dB | Es/N0=20.77 dB | Mod=PSKModulator-8 | Gray=False | CodeRate=1.000 | Bits=100000 | BitErrors=0 | BER=0.000e+00 | SER=0.000e+00 | CorrectedErrors=0 | DetectedErrors=0 | Blocks=0 | Channels=['Rayleigh Fading']
2026-02-26 14:19:09,931 - INFO - Eb/N0=16.00 dB | Es/N0=20.77 dB | Mod=PSKModulator-8 | Gray=False | CodeRate=1.000 | Bits=100000 | BitErrors=29704 | BER=2.970e-01 | SER=5.498e-01 | CorrectedErrors=0 | DetectedErrors=0 | Blocks=0 | Channels=['Rayleigh Fading']
2026-02-26 14:19:10,238 - INFO - Eb/N0=16.00 dB | Es/N0=20.77 dB | Mod=PSKModulator-8 | Gray=False | CodeRate=1.000 | Bits=100000 | BitErrors=9768 | BER=9.768e-02 | SER=1.698e-01 | CorrectedErrors=0 | DetectedErrors=0 | Blocks=0 | Channels=['Rayleigh Fading']
2026-02-26 14:19:10,541 - INFO - Eb/N0=16.00 dB | Es/N0=20.77 dB | Mod=PSKModulator-8 | Gray=False | CodeRate=1.000 | Bits=100000 | BitErrors=11624 | BER=1.162e-01 | SER=2.298e-01 | CorrectedErrors=0 | DetectedErrors=0 | Blocks=0 | Channels=['Rayleigh Fading']
2026-02-26 14:19:10,843 - INFO - Eb/N0=17.00 dB | Es/N0=21.77 dB | Mod=PSKModulator-8 | Gray=False | CodeRate=1.000 | Bits=100000 | BitErrors=28565 | BER=2.857e-01 | SER=5.297e-01 | CorrectedErrors=0 | DetectedErrors=0 | Blocks=0 | Channels=['Rayleigh Fading']
2026-02-26 14:19:11,154 - INFO - Eb/N0=17.00 dB | Es/N0=21.77 dB | Mod=PSKModulator-8 | Gray=False | CodeRate=1.000 | Bits=100000 | BitErrors=4329 | BER=4.329e-02 | SER=1.299e-01 | CorrectedErrors=0 | DetectedErrors=0 | Blocks=0 | Channels=['Rayleigh Fading']
2026-02-26 14:19:11,453 - INFO - Eb/N0=17.00 dB | Es/N0=21.77 dB | Mod=PSKModulator-8 | Gray=False | CodeRate=1.000 | Bits=100000 | BitErrors=37616 | BER=3.762e-01 | SER=6.698e-01 | CorrectedErrors=0 | DetectedErrors=0 | Blocks=0 | Channels=['Rayleigh Fading']
2026-02-26 14:19:11,756 - INFO - Eb/N0=17.00 dB | Es/N0=21.77 dB | Mod=PSKModulator-8 | Gray=False | CodeRate=1.000 | Bits=100000 | BitErrors=15133 | BER=1.513e-01 | SER=2.597e-01 | CorrectedErrors=0 | DetectedErrors=0 | Blocks=0 | Channels=['Rayleigh Fading']
2026-02-26 14:19:12,056 - INFO - Eb/N0=17.00 dB | Es/N0=21.77 dB | Mod=PSKModulator-8 | Gray=False | CodeRate=1.000 | Bits=100000 | BitErrors=27995 | BER=2.799e-01 | SER=4.798e-01 | CorrectedErrors=0 | DetectedErrors=0 | Blocks=0 | Channels=['Rayleigh Fading']
2026-02-26 14:19:12,362 - INFO - Eb/N0=18.00 dB | Es/N0=22.77 dB | Mod=PSKModulator-8 | Gray=False | CodeRate=1.000 | Bits=100000 | BitErrors=19430 | BER=1.943e-01 | SER=3.897e-01 | CorrectedErrors=0 | DetectedErrors=0 | Blocks=0 | Channels=['Rayleigh Fading']
2026-02-26 14:19:12,670 - INFO - Eb/N0=18.00 dB | Es/N0=22.77 dB | Mod=PSKModulator-8 | Gray=False | CodeRate=1.000 | Bits=100000 | BitErrors=29306 | BER=2.931e-01 | SER=4.998e-01 | CorrectedErrors=0 | DetectedErrors=0 | Blocks=0 | Channels=['Rayleigh Fading']
2026-02-26 14:19:12,974 - INFO - Eb/N0=18.00 dB | Es/N0=22.77 dB | Mod=PSKModulator-8 | Gray=False | CodeRate=1.000 | Bits=100000 | BitErrors=0 | BER=0.000e+00 | SER=0.000e+00 | CorrectedErrors=0 | DetectedErrors=0 | Blocks=0 | Channels=['Rayleigh Fading']
2026-02-26 14:19:13,276 - INFO - Eb/N0=18.00 dB | Es/N0=22.77 dB | Mod=PSKModulator-8 | Gray=False | CodeRate=1.000 | Bits=100000 | BitErrors=0 | BER=0.000e+00 | SER=0.000e+00 | CorrectedErrors=0 | DetectedErrors=0 | Blocks=0 | Channels=['Rayleigh Fading']
2026-02-26 14:19:13,593 - INFO - Eb/N0=18.00 dB | Es/N0=22.77 dB | Mod=PSKModulator-8 | Gray=False | CodeRate=1.000 | Bits=100000 | BitErrors=8212 | BER=8.212e-02 | SER=1.399e-01 | CorrectedErrors=0 | DetectedErrors=0 | Blocks=0 | Channels=['Rayleigh Fading']
2026-02-26 14:19:13,897 - INFO - Eb/N0=19.00 dB | Es/N0=23.77 dB | Mod=PSKModulator-8 | Gray=False | CodeRate=1.000 | Bits=100000 | BitErrors=19792 | BER=1.979e-01 | SER=3.397e-01 | CorrectedErrors=0 | DetectedErrors=0 | Blocks=0 | Channels=['Rayleigh Fading']
2026-02-26 14:19:14,211 - INFO - Eb/N0=19.00 dB | Es/N0=23.77 dB | Mod=PSKModulator-8 | Gray=False | CodeRate=1.000 | Bits=100000 | BitErrors=41857 | BER=4.186e-01 | SER=7.298e-01 | CorrectedErrors=0 | DetectedErrors=0 | Blocks=0 | Channels=['Rayleigh Fading']
2026-02-26 14:19:14,514 - INFO - Eb/N0=19.00 dB | Es/N0=23.77 dB | Mod=PSKModulator-8 | Gray=False | CodeRate=1.000 | Bits=100000 | BitErrors=0 | BER=0.000e+00 | SER=0.000e+00 | CorrectedErrors=0 | DetectedErrors=0 | Blocks=0 | Channels=['Rayleigh Fading']
2026-02-26 14:19:14,819 - INFO - Eb/N0=19.00 dB | Es/N0=23.77 dB | Mod=PSKModulator-8 | Gray=False | CodeRate=1.000 | Bits=100000 | BitErrors=34999 | BER=3.500e-01 | SER=6.298e-01 | CorrectedErrors=0 | DetectedErrors=0 | Blocks=0 | Channels=['Rayleigh Fading']
2026-02-26 14:19:15,122 - INFO - Eb/N0=19.00 dB | Es/N0=23.77 dB | Mod=PSKModulator-8 | Gray=False | CodeRate=1.000 | Bits=100000 | BitErrors=19119 | BER=1.912e-01 | SER=4.297e-01 | CorrectedErrors=0 | DetectedErrors=0 | Blocks=0 | Channels=['Rayleigh Fading']
2026-02-26 14:19:15,438 - INFO - Eb/N0=20.00 dB | Es/N0=24.77 dB | Mod=PSKModulator-8 | Gray=False | CodeRate=1.000 | Bits=100000 | BitErrors=0 | BER=0.000e+00 | SER=0.000e+00 | CorrectedErrors=0 | DetectedErrors=0 | Blocks=0 | Channels=['Rayleigh Fading']
2026-02-26 14:19:15,752 - INFO - Eb/N0=20.00 dB | Es/N0=24.77 dB | Mod=PSKModulator-8 | Gray=False | CodeRate=1.000 | Bits=100000 | BitErrors=18709 | BER=1.871e-01 | SER=3.697e-01 | CorrectedErrors=0 | DetectedErrors=0 | Blocks=0 | Channels=['Rayleigh Fading']
2026-02-26 14:19:16,056 - INFO - Eb/N0=20.00 dB | Es/N0=24.77 dB | Mod=PSKModulator-8 | Gray=False | CodeRate=1.000 | Bits=100000 | BitErrors=0 | BER=0.000e+00 | SER=0.000e+00 | CorrectedErrors=0 | DetectedErrors=0 | Blocks=0 | Channels=['Rayleigh Fading']
2026-02-26 14:19:16,356 - INFO - Eb/N0=20.00 dB | Es/N0=24.77 dB | Mod=PSKModulator-8 | Gray=False | CodeRate=1.000 | Bits=100000 | BitErrors=0 | BER=0.000e+00 | SER=0.000e+00 | CorrectedErrors=0 | DetectedErrors=0 | Blocks=0 | Channels=['Rayleigh Fading']
2026-02-26 14:19:16,659 - INFO - Eb/N0=20.00 dB | Es/N0=24.77 dB | Mod=PSKModulator-8 | Gray=False | CodeRate=1.000 | Bits=100000 | BitErrors=0 | BER=0.000e+00 | SER=0.000e+00 | CorrectedErrors=0 | DetectedErrors=0 | Blocks=0 | Channels=['Rayleigh Fading']
2026-02-26 14:19:16,660 - INFO - Результаты сохранены в файл: results_PSK8_Random_20260226_141916.txt
2026-02-26 14:19:16,660 - INFO - ============================================================
2026-02-26 14:19:16,660 - INFO - СИМУЛЯЦИЯ ЗАВЕРШЕНА за 74.8 с
2026-02-26 14:19:16,660 - INFO - Результаты сохранены в results_PSK8_Random_20260226_141916.txt
2026-02-26 14:19:16,660 - INFO - ============================================================
2026-02-26 14:19:16,997 - INFO - График сохранён: Plot_PSK8_Random_20260226_141916.png
