2026-02-26 14:41:14,667 - INFO - Лог-файл этой симуляции: logs\sim_20260226_144114.log
2026-02-26 14:41:14,667 - INFO - ============================================================
2026-02-26 14:41:14,667 - INFO - НАЧАЛО СИМУЛЯЦИИ
2026-02-26 14:41:14,668 - INFO - Режим: random
2026-02-26 14:41:14,668 - INFO - Модуляция: PSK-8, Код Грея: True
2026-02-26 14:41:14,668 - INFO - Кодирование: отключено
2026-02-26 14:41:14,668 - INFO - Диапазон Eb/N0: 0.0..10.0 дБ, шаг 1.0
2026-02-26 14:41:14,668 - INFO - ============================================================
2026-02-26 14:41:14,668 - INFO - ================================================================================
2026-02-26 14:41:14,669 - INFO - НОВАЯ СИМУЛЯЦИЯ
2026-02-26 14:41:14,669 - INFO - Режим: random
2026-02-26 14:41:14,669 - INFO - Модуляция: PSK-8, Код Грея: True
2026-02-26 14:41:14,669 - INFO - Кодирование: отключено
2026-02-26 14:41:14,669 - INFO - Каналы: Rayleigh(лучей=4, доплер=0.01)
2026-02-26 14:41:14,669 - INFO - Длина данных: 100000 бит
2026-02-26 14:41:14,669 - INFO - Диапазон Eb/N0: 0.0..10.0 дБ, шаг 1.0
2026-02-26 14:41:14,669 - INFO - ================================================================================
2026-02-26 14:41:14,925 - INFO - Eb/N0=0.00 dB | Es/N0=4.77 dB | Mod=PSKModulator-8 | Gray=True | CodeRate=1.000 | Bits=100000 | BitErrors=22361 | BER=2.236e-01 | SER=6.439e-01 | CorrectedErrors=0 | DetectedErrors=0 | Blocks=0 | Channels=['Rayleigh Fading']
2026-02-26 14:41:15,185 - INFO - Eb/N0=0.00 dB | Es/N0=4.77 dB | Mod=PSKModulator-8 | Gray=True | CodeRate=1.000 | Bits=100000 | BitErrors=43569 | BER=4.357e-01 | SER=8.198e-01 | CorrectedErrors=0 | DetectedErrors=0 | Blocks=0 | Channels=['Rayleigh Fading']
2026-02-26 14:41:15,439 - INFO - Eb/N0=0.00 dB | Es/N0=4.77 dB | Mod=PSKModulator-8 | Gray=True | CodeRate=1.000 | Bits=100000 | BitErrors=66314 | BER=6.631e-01 | SER=9.980e-01 | CorrectedErrors=0 | DetectedErrors=0 | Blocks=0 | Channels=['Rayleigh Fading']
2026-02-26 14:41:15,695 - INFO - Eb/N0=0.00 dB | Es/N0=4.77 dB | Mod=PSKModulator-8 | Gray=True | CodeRate=1.000 | Bits=100000 | BitErrors=52857 | BER=5.286e-01 | SER=9.551e-01 | CorrectedErrors=0 | DetectedErrors=0 | Blocks=0 | Channels=['Rayleigh Fading']
2026-02-26 14:41:15,947 - INFO - Eb/N0=0.00 dB | Es/N0=4.77 dB | Mod=PSKModulator-8 | Gray=True | CodeRate=1.000 | Bits=100000 | BitErrors=65520 | BER=6.552e-01 | SER=9.947e-01 | CorrectedErrors=0 | DetectedErrors=0 | Blocks=0 | Channels=['Rayleigh Fading']
2026-02-26 14:41:16,202 - INFO - Eb/N0=1.00 dB | Es/N0=5.77 dB | Mod=PSKModulator-8 | Gray=True | CodeRate=1.000 | Bits=100000 | BitErrors=40199 | BER=4.020e-01 | SER=7.361e-01 | CorrectedErrors=0 | DetectedErrors=0 | Blocks=0 | Channels=['Rayleigh Fading']
2026-02-26 14:41:16,463 - INFO - Eb/N0=1.00 dB | Es/N0=5.77 dB | Mod=PSKModulator-8 | Gray=True | CodeRate=1.000 | Bits=100000 | BitErrors=48350 | BER=4.835e-01 | SER=8.823e-01 | CorrectedErrors=0 | DetectedErrors=0 | Blocks=0 | Channels=['Rayleigh Fading']
2026-02-26 14:41:16,720 - INFO - Eb/N0=1.00 dB | Es/N0=5.77 dB | Mod=PSKModulator-8 | Gray=True | CodeRate=1.000 | Bits=100000 | BitErrors=51758 | BER=5.176e-01 | SER=8.888e-01 | CorrectedErrors=0 | DetectedErrors=0 | Blocks=0 | Channels=['Rayleigh Fading']
2026-02-26 14:41:16,973 - INFO - Eb/N0=1.00 dB | Es/N0=5.77 dB | Mod=PSKModulator-8 | Gray=True | CodeRate=1.000 | Bits=100000 | BitErrors=29494 | BER=2.949e-01 | SER=6.656e-01 | CorrectedErrors=0 | DetectedErrors=0 | Blocks=0 | Channels=['Rayleigh Fading']
2026-02-26 14:41:17,233 - INFO - Eb/N0=1.00 dB | Es/N0=5.77 dB | Mod=PSKModulator-8 | Gray=True | CodeRate=1.000 | Bits=100000 | BitErrors=48946 | BER=4.895e-01 | SER=9.253e-01 | CorrectedErrors=0 | DetectedErrors=0 | Blocks=0 | Channels=['Rayleigh Fading']
2026-02-26 14:41:17,486 - INFO - Eb/N0=2.00 dB | Es/N0=6.77 dB | Mod=PSKModulator-8 | Gray=True | CodeRate=1.000 | Bits=100000 | BitErrors=13532 | BER=1.353e-01 | SER=3.579e-01 | CorrectedErrors=0 | DetectedErrors=0 | Blocks=0 | Channels=['Rayleigh Fading']
2026-02-26 14:41:17,742 - INFO - Eb/N0=2.00 dB | Es/N0=6.77 dB | Mod=PSKModulator-8 | Gray=True | CodeRate=1.000 | Bits=100000 | BitErrors=53088 | BER=5.309e-01 | SER=9.017e-01 | CorrectedErrors=0 | DetectedErrors=0 | Blocks=0 | Channels=['Rayleigh Fading']
2026-02-26 14:41:17,993 - INFO - Eb/N0=2.00 dB | Es/N0=6.77 dB | Mod=PSKModulator-8 | Gray=True | CodeRate=1.000 | Bits=100000 | BitErrors=61014 | BER=6.101e-01 | SER=9.948e-01 | CorrectedErrors=0 | DetectedErrors=0 | Blocks=0 | Channels=['Rayleigh Fading']
2026-02-26 14:41:18,254 - INFO - Eb/N0=2.00 dB | Es/N0=6.77 dB | Mod=PSKModulator-8 | Gray=True | CodeRate=1.000 | Bits=100000 | BitErrors=42633 | BER=4.263e-01 | SER=8.463e-01 | CorrectedErrors=0 | DetectedErrors=0 | Blocks=0 | Channels=['Rayleigh Fading']
2026-02-26 14:41:18,508 - INFO - Eb/N0=2.00 dB | Es/N0=6.77 dB | Mod=PSKModulator-8 | Gray=True | CodeRate=1.000 | Bits=100000 | BitErrors=43527 | BER=4.353e-01 | SER=8.959e-01 | CorrectedErrors=0 | DetectedErrors=0 | Blocks=0 | Channels=['Rayleigh Fading']
2026-02-26 14:41:18,763 - INFO - Eb/N0=3.00 dB | Es/N0=7.77 dB | Mod=PSKModulator-8 | Gray=True | CodeRate=1.000 | Bits=100000 | BitErrors=39695 | BER=3.970e-01 | SER=7.461e-01 | CorrectedErrors=0 | DetectedErrors=0 | Blocks=0 | Channels=['Rayleigh Fading']
2026-02-26 14:41:19,015 - INFO - Eb/N0=3.00 dB | Es/N0=7.77 dB | Mod=PSKModulator-8 | Gray=True | CodeRate=1.000 | Bits=100000 | BitErrors=61672 | BER=6.167e-01 | SER=9.992e-01 | CorrectedErrors=0 | DetectedErrors=0 | Blocks=0 | Channels=['Rayleigh Fading']
2026-02-26 14:41:19,276 - INFO - Eb/N0=3.00 dB | Es/N0=7.77 dB | Mod=PSKModulator-8 | Gray=True | CodeRate=1.000 | Bits=100000 | BitErrors=65866 | BER=6.587e-01 | SER=9.992e-01 | CorrectedErrors=0 | DetectedErrors=0 | Blocks=0 | Channels=['Rayleigh Fading']
2026-02-26 14:41:19,531 - INFO - Eb/N0=3.00 dB | Es/N0=7.77 dB | Mod=PSKModulator-8 | Gray=True | CodeRate=1.000 | Bits=100000 | BitErrors=65599 | BER=6.560e-01 | SER=9.959e-01 | CorrectedErrors=0 | DetectedErrors=0 | Blocks=0 | Channels=['Rayleigh Fading']
2026-02-26 14:41:19,787 - INFO - Eb/N0=3.00 dB | Es/N0=7.77 dB | Mod=PSKModulator-8 | Gray=True | CodeRate=1.000 | Bits=100000 | BitErrors=45926 | BER=4.593e-01 | SER=8.950e-01 | CorrectedErrors=0 | DetectedErrors=0 | Blocks=0 | Channels=['Rayleigh Fading']
2026-02-26 14:41:20,040 - INFO - Eb/N0=4.00 dB | Es/N0=8.77 dB | Mod=PSKModulator-8 | Gray=True | CodeRate=1.000 | Bits=100000 | BitErrors=54672 | BER=5.467e-01 | SER=9.690e-01 | CorrectedErrors=0 | DetectedErrors=0 | Blocks=0 | Channels=['Rayleigh Fading']
2026-02-26 14:41:20,296 - INFO - Eb/N0=4.00 dB | Es/N0=8.77 dB | Mod=PSKModulator-8 | Gray=True | CodeRate=1.000 | Bits=100000 | BitErrors=39287 | BER=3.929e-01 | SER=7.683e-01 | CorrectedErrors=0 | DetectedErrors=0 | Blocks=0 | Channels=['Rayleigh Fading']
2026-02-26 14:41:20,549 - INFO - Eb/N0=4.00 dB | Es/N0=8.77 dB | Mod=PSKModulator-8 | Gray=True | CodeRate=1.000 | Bits=100000 | BitErrors=54109 | BER=5.411e-01 | SER=9.303e-01 | CorrectedErrors=0 | DetectedErrors=0 | Blocks=0 | Channels=['Rayleigh Fading']
2026-02-26 14:41:20,816 - INFO - Eb/N0=4.00 dB | Es/N0=8.77 dB | Mod=PSKModulator-8 | Gray=True | CodeRate=1.000 | Bits=100000 | BitErrors=65249 | BER=6.525e-01 | SER=9.962e-01 | CorrectedErrors=0 | DetectedErrors=0 | Blocks=0 | Channels=['Rayleigh Fading']
2026-02-26 14:41:21,083 - INFO - Eb/N0=4.00 dB | Es/N0=8.77 dB | Mod=PSKModulator-8 | Gray=True | CodeRate=1.000 | Bits=100000 | BitErrors=64589 | BER=6.459e-01 | SER=9.904e-01 | CorrectedErrors=0 | DetectedErrors=0 | Blocks=0 | Channels=['Rayleigh Fading']
2026-02-26 14:41:21,342 - INFO - Eb/N0=5.00 dB | Es/N0=9.77 dB | Mod=PSKModulator-8 | Gray=True | CodeRate=1.000 | Bits=100000 | BitErrors=61268 | BER=6.127e-01 | SER=1.000e+00 | CorrectedErrors=0 | DetectedErrors=0 | Blocks=0 | Channels=['Rayleigh Fading']
2026-02-26 14:41:21,598 - INFO - Eb/N0=5.00 dB | Es/N0=9.77 dB | Mod=PSKModulator-8 | Gray=True | CodeRate=1.000 | Bits=100000 | BitErrors=65543 | BER=6.554e-01 | SER=9.936e-01 | CorrectedErrors=0 | DetectedErrors=0 | Blocks=0 | Channels=['Rayleigh Fading']
2026-02-26 14:41:21,853 - INFO - Eb/N0=5.00 dB | Es/N0=9.77 dB | Mod=PSKModulator-8 | Gray=True | CodeRate=1.000 | Bits=100000 | BitErrors=47599 | BER=4.760e-01 | SER=8.467e-01 | CorrectedErrors=0 | DetectedErrors=0 | Blocks=0 | Channels=['Rayleigh Fading']
2026-02-26 14:41:22,114 - INFO - Eb/N0=5.00 dB | Es/N0=9.77 dB | Mod=PSKModulator-8 | Gray=True | CodeRate=1.000 | Bits=100000 | BitErrors=47340 | BER=4.734e-01 | SER=8.296e-01 | CorrectedErrors=0 | DetectedErrors=0 | Blocks=0 | Channels=['Rayleigh Fading']
2026-02-26 14:41:22,373 - INFO - Eb/N0=5.00 dB | Es/N0=9.77 dB | Mod=PSKModulator-8 | Gray=True | CodeRate=1.000 | Bits=100000 | BitErrors=66510 | BER=6.651e-01 | SER=1.000e+00 | CorrectedErrors=0 | DetectedErrors=0 | Blocks=0 | Channels=['Rayleigh Fading']
2026-02-26 14:41:22,627 - INFO - Eb/N0=6.00 dB | Es/N0=10.77 dB | Mod=PSKModulator-8 | Gray=True | CodeRate=1.000 | Bits=100000 | BitErrors=17081 | BER=1.708e-01 | SER=3.820e-01 | CorrectedErrors=0 | DetectedErrors=0 | Blocks=0 | Channels=['Rayleigh Fading']
2026-02-26 14:41:22,887 - INFO - Eb/N0=6.00 dB | Es/N0=10.77 dB | Mod=PSKModulator-8 | Gray=True | CodeRate=1.000 | Bits=100000 | BitErrors=59512 | BER=5.951e-01 | SER=9.623e-01 | CorrectedErrors=0 | DetectedErrors=0 | Blocks=0 | Channels=['Rayleigh Fading']
2026-02-26 14:41:23,148 - INFO - Eb/N0=6.00 dB | Es/N0=10.77 dB | Mod=PSKModulator-8 | Gray=True | CodeRate=1.000 | Bits=100000 | BitErrors=48698 | BER=4.870e-01 | SER=9.006e-01 | CorrectedErrors=0 | DetectedErrors=0 | Blocks=0 | Channels=['Rayleigh Fading']
2026-02-26 14:41:23,412 - INFO - Eb/N0=6.00 dB | Es/N0=10.77 dB | Mod=PSKModulator-8 | Gray=True | CodeRate=1.000 | Bits=100000 | BitErrors=46708 | BER=4.671e-01 | SER=9.164e-01 | CorrectedErrors=0 | DetectedErrors=0 | Blocks=0 | Channels=['Rayleigh Fading']
2026-02-26 14:41:23,667 - INFO - Eb/N0=6.00 dB | Es/N0=10.77 dB | Mod=PSKModulator-8 | Gray=True | CodeRate=1.000 | Bits=100000 | BitErrors=54557 | BER=5.456e-01 | SER=9.998e-01 | CorrectedErrors=0 | DetectedErrors=0 | Blocks=0 | Channels=['Rayleigh Fading']
2026-02-26 14:41:23,923 - INFO - Eb/N0=7.00 dB | Es/N0=11.77 dB | Mod=PSKModulator-8 | Gray=True | CodeRate=1.000 | Bits=100000 | BitErrors=34244 | BER=3.424e-01 | SER=7.666e-01 | CorrectedErrors=0 | DetectedErrors=0 | Blocks=0 | Channels=['Rayleigh Fading']
2026-02-26 14:41:24,181 - INFO - Eb/N0=7.00 dB | Es/N0=11.77 dB | Mod=PSKModulator-8 | Gray=True | CodeRate=1.000 | Bits=100000 | BitErrors=58100 | BER=5.810e-01 | SER=9.374e-01 | CorrectedErrors=0 | DetectedErrors=0 | Blocks=0 | Channels=['Rayleigh Fading']
2026-02-26 14:41:24,441 - INFO - Eb/N0=7.00 dB | Es/N0=11.77 dB | Mod=PSKModulator-8 | Gray=True | CodeRate=1.000 | Bits=100000 | BitErrors=48596 | BER=4.860e-01 | SER=9.570e-01 | CorrectedErrors=0 | DetectedErrors=0 | Blocks=0 | Channels=['Rayleigh Fading']
2026-02-26 14:41:24,696 - INFO - Eb/N0=7.00 dB | Es/N0=11.77 dB | Mod=PSKModulator-8 | Gray=True | CodeRate=1.000 | Bits=100000 | BitErrors=65718 | BER=6.572e-01 | SER=9.991e-01 | CorrectedErrors=0 | DetectedErrors=0 | Blocks=0 | Channels=['Rayleigh Fading']
2026-02-26 14:41:24,953 - INFO - Eb/N0=7.00 dB | Es/N0=11.77 dB | Mod=PSKModulator-8 | Gray=True | CodeRate=1.000 | Bits=100000 | BitErrors=36706 | BER=3.671e-01 | SER=7.592e-01 | CorrectedErrors=0 | DetectedErrors=0 | Blocks=0 | Channels=['Rayleigh Fading']
2026-02-26 14:41:25,212 - INFO - Eb/N0=8.00 dB | Es/N0=12.77 dB | Mod=PSKModulator-8 | Gray=True | CodeRate=1.000 | Bits=100000 | BitErrors=47908 | BER=4.791e-01 | SER=9.087e-01 | CorrectedErrors=0 | DetectedErrors=0 | Blocks=0 | Channels=['Rayleigh Fading']
2026-02-26 14:41:25,474 - INFO - Eb/N0=8.00 dB | Es/N0=12.77 dB | Mod=PSKModulator-8 | Gray=True | CodeRate=1.000 | Bits=100000 | BitErrors=66626 | BER=6.663e-01 | SER=1.000e+00 | CorrectedErrors=0 | DetectedErrors=0 | Blocks=0 | Channels=['Rayleigh Fading']
2026-02-26 14:41:25,732 - INFO - Eb/N0=8.00 dB | Es/N0=12.77 dB | Mod=PSKModulator-8 | Gray=True | CodeRate=1.000 | Bits=100000 | BitErrors=65972 | BER=6.597e-01 | SER=1.000e+00 | CorrectedErrors=0 | DetectedErrors=0 | Blocks=0 | Channels=['Rayleigh Fading']
2026-02-26 14:41:28,692 - INFO - Eb/N0=8.00 dB | Es/N0=12.77 dB | Mod=PSKModulator-8 | Gray=True | CodeRate=1.000 | Bits=100000 | BitErrors=37362 | BER=3.736e-01 | SER=7.219e-01 | CorrectedErrors=0 | DetectedErrors=0 | Blocks=0 | Channels=['Rayleigh Fading']
2026-02-26 14:41:29,755 - INFO - Eb/N0=8.00 dB | Es/N0=12.77 dB | Mod=PSKModulator-8 | Gray=True | CodeRate=1.000 | Bits=100000 | BitErrors=66544 | BER=6.654e-01 | SER=9.999e-01 | CorrectedErrors=0 | DetectedErrors=0 | Blocks=0 | Channels=['Rayleigh Fading']
2026-02-26 14:41:30,487 - INFO - Eb/N0=9.00 dB | Es/N0=13.77 dB | Mod=PSKModulator-8 | Gray=True | CodeRate=1.000 | Bits=100000 | BitErrors=39383 | BER=3.938e-01 | SER=7.376e-01 | CorrectedErrors=0 | DetectedErrors=0 | Blocks=0 | Channels=['Rayleigh Fading']
2026-02-26 14:41:31,204 - INFO - Eb/N0=9.00 dB | Es/N0=13.77 dB | Mod=PSKModulator-8 | Gray=True | CodeRate=1.000 | Bits=100000 | BitErrors=39051 | BER=3.905e-01 | SER=7.369e-01 | CorrectedErrors=0 | DetectedErrors=0 | Blocks=0 | Channels=['Rayleigh Fading']
2026-02-26 14:41:31,923 - INFO - Eb/N0=9.00 dB | Es/N0=13.77 dB | Mod=PSKModulator-8 | Gray=True | CodeRate=1.000 | Bits=100000 | BitErrors=66642 | BER=6.664e-01 | SER=1.000e+00 | CorrectedErrors=0 | DetectedErrors=0 | Blocks=0 | Channels=['Rayleigh Fading']
2026-02-26 14:41:32,645 - INFO - Eb/N0=9.00 dB | Es/N0=13.77 dB | Mod=PSKModulator-8 | Gray=True | CodeRate=1.000 | Bits=100000 | BitErrors=54099 | BER=5.410e-01 | SER=9.777e-01 | CorrectedErrors=0 | DetectedErrors=0 | Blocks=0 | Channels=['Rayleigh Fading']
2026-02-26 14:41:33,361 - INFO - Eb/N0=9.00 dB | Es/N0=13.77 dB | Mod=PSKModulator-8 | Gray=True | CodeRate=1.000 | Bits=100000 | BitErrors=66918 | BER=6.692e-01 | SER=9.997e-01 | CorrectedErrors=0 | DetectedErrors=0 | Blocks=0 | Channels=['Rayleigh Fading']
2026-02-26 14:41:34,076 - INFO - Eb/N0=10.00 dB | Es/N0=14.77 dB | Mod=PSKModulator-8 | Gray=True | CodeRate=1.000 | Bits=100000 | BitErrors=34875 | BER=3.488e-01 | SER=6.887e-01 | CorrectedErrors=0 | DetectedErrors=0 | Blocks=0 | Channels=['Rayleigh Fading']
2026-02-26 14:41:34,788 - INFO - Eb/N0=10.00 dB | Es/N0=14.77 dB | Mod=PSKModulator-8 | Gray=True | CodeRate=1.000 | Bits=100000 | BitErrors=57473 | BER=5.747e-01 | SER=9.515e-01 | CorrectedErrors=0 | DetectedErrors=0 | Blocks=0 | Channels=['Rayleigh Fading']
2026-02-26 14:41:35,500 - INFO - Eb/N0=10.00 dB | Es/N0=14.77 dB | Mod=PSKModulator-8 | Gray=True | CodeRate=1.000 | Bits=100000 | BitErrors=51204 | BER=5.120e-01 | SER=1.000e+00 | CorrectedErrors=0 | DetectedErrors=0 | Blocks=0 | Channels=['Rayleigh Fading']
2026-02-26 14:41:36,210 - INFO - Eb/N0=10.00 dB | Es/N0=14.77 dB | Mod=PSKModulator-8 | Gray=True | CodeRate=1.000 | Bits=100000 | BitErrors=40460 | BER=4.046e-01 | SER=7.245e-01 | CorrectedErrors=0 | DetectedErrors=0 | Blocks=0 | Channels=['Rayleigh Fading']
2026-02-26 14:41:36,921 - INFO - Eb/N0=10.00 dB | Es/N0=14.77 dB | Mod=PSKModulator-8 | Gray=True | CodeRate=1.000 | Bits=100000 | BitErrors=53964 | BER=5.396e-01 | SER=9.451e-01 | CorrectedErrors=0 | DetectedErrors=0 | Blocks=0 | Channels=['Rayleigh Fading']
2026-02-26 14:41:36,922 - INFO - Результаты сохранены в файл: results_PSK8_Random_20260226_144136.txt
2026-02-26 14:41:36,922 - INFO - ============================================================
2026-02-26 14:41:36,922 - INFO - СИМУЛЯЦИЯ ЗАВЕРШЕНА за 22.3 с
2026-02-26 14:41:36,922 - INFO - Результаты сохранены в results_PSK8_Random_20260226_144136.txt
2026-02-26 14:41:36,922 - INFO - ============================================================
2026-02-26 14:41:37,490 - INFO - График сохранён: Plot_PSK8_Random_20260226_144136.png
