2026-02-26 14:20:38,409 - INFO - Лог-файл этой симуляции: logs\sim_20260226_142038.log
2026-02-26 14:20:38,465 - INFO - ============================================================
2026-02-26 14:20:38,465 - INFO - НАЧАЛО СИМУЛЯЦИИ
2026-02-26 14:20:38,465 - INFO - Режим: random
2026-02-26 14:20:38,465 - INFO - Модуляция: PSK-8, Код Грея: False
2026-02-26 14:20:38,465 - INFO - Кодирование: отключено
2026-02-26 14:20:38,465 - INFO - Диапазон Eb/N0: 0.0..20.0 дБ, шаг 1.0
2026-02-26 14:20:38,465 - INFO - ============================================================
2026-02-26 14:20:39,301 - INFO - Eb/N0=0.00 dB | Es/N0=4.77 dB | Mod=PSKModulator-8 | Gray=False | CodeRate=1.000 | Bits=100000 | BitErrors=46442 | BER=4.644e-01 | SER=8.162e-01 | CorrectedErrors=0 | DetectedErrors=0 | Blocks=0 | Channels=['Rayleigh Fading']
2026-02-26 14:20:40,142 - INFO - Eb/N0=0.00 dB | Es/N0=4.77 dB | Mod=PSKModulator-8 | Gray=False | CodeRate=1.000 | Bits=100000 | BitErrors=47421 | BER=4.742e-01 | SER=8.357e-01 | CorrectedErrors=0 | DetectedErrors=0 | Blocks=0 | Channels=['Rayleigh Fading']
2026-02-26 14:20:40,967 - INFO - Eb/N0=0.00 dB | Es/N0=4.77 dB | Mod=PSKModulator-8 | Gray=False | CodeRate=1.000 | Bits=100000 | BitErrors=46956 | BER=4.696e-01 | SER=8.214e-01 | CorrectedErrors=0 | DetectedErrors=0 | Blocks=0 | Channels=['Rayleigh Fading']
2026-02-26 14:20:41,799 - INFO - Eb/N0=0.00 dB | Es/N0=4.77 dB | Mod=PSKModulator-8 | Gray=False | CodeRate=1.000 | Bits=100000 | BitErrors=46723 | BER=4.672e-01 | SER=8.181e-01 | CorrectedErrors=0 | DetectedErrors=0 | Blocks=0 | Channels=['Rayleigh Fading']
2026-02-26 14:20:42,625 - INFO - Eb/N0=0.00 dB | Es/N0=4.77 dB | Mod=PSKModulator-8 | Gray=False | CodeRate=1.000 | Bits=100000 | BitErrors=46428 | BER=4.643e-01 | SER=8.157e-01 | CorrectedErrors=0 | DetectedErrors=0 | Blocks=0 | Channels=['Rayleigh Fading']
2026-02-26 14:20:43,445 - INFO - Eb/N0=1.00 dB | Es/N0=5.77 dB | Mod=PSKModulator-8 | Gray=False | CodeRate=1.000 | Bits=100000 | BitErrors=45974 | BER=4.597e-01 | SER=8.030e-01 | CorrectedErrors=0 | DetectedErrors=0 | Blocks=0 | Channels=['Rayleigh Fading']
2026-02-26 14:20:44,279 - INFO - Eb/N0=1.00 dB | Es/N0=5.77 dB | Mod=PSKModulator-8 | Gray=False | CodeRate=1.000 | Bits=100000 | BitErrors=47363 | BER=4.736e-01 | SER=8.305e-01 | CorrectedErrors=0 | DetectedErrors=0 | Blocks=0 | Channels=['Rayleigh Fading']
2026-02-26 14:20:45,118 - INFO - Eb/N0=1.00 dB | Es/N0=5.77 dB | Mod=PSKModulator-8 | Gray=False | CodeRate=1.000 | Bits=100000 | BitErrors=45424 | BER=4.542e-01 | SER=7.946e-01 | CorrectedErrors=0 | DetectedErrors=0 | Blocks=0 | Channels=['Rayleigh Fading']
2026-02-26 14:20:45,938 - INFO - Eb/N0=1.00 dB | Es/N0=5.77 dB | Mod=PSKModulator-8 | Gray=False | CodeRate=1.000 | Bits=100000 | BitErrors=47567 | BER=4.757e-01 | SER=8.366e-01 | CorrectedErrors=0 | DetectedErrors=0 | Blocks=0 | Channels=['Rayleigh Fading']
2026-02-26 14:20:46,759 - INFO - Eb/N0=1.00 dB | Es/N0=5.77 dB | Mod=PSKModulator-8 | Gray=False | CodeRate=1.000 | Bits=100000 | BitErrors=45878 | BER=4.588e-01 | SER=8.062e-01 | CorrectedErrors=0 | DetectedErrors=0 | Blocks=0 | Channels=['Rayleigh Fading']
2026-02-26 14:20:47,582 - INFO - Eb/N0=2.00 dB | Es/N0=6.77 dB | Mod=PSKModulator-8 | Gray=False | CodeRate=1.000 | Bits=100000 | BitErrors=45505 | BER=4.551e-01 | SER=7.979e-01 | CorrectedErrors=0 | DetectedErrors=0 | Blocks=0 | Channels=['Rayleigh Fading']
2026-02-26 14:20:48,411 - INFO - Eb/N0=2.00 dB | Es/N0=6.77 dB | Mod=PSKModulator-8 | Gray=False | CodeRate=1.000 | Bits=100000 | BitErrors=47355 | BER=4.736e-01 | SER=8.338e-01 | CorrectedErrors=0 | DetectedErrors=0 | Blocks=0 | Channels=['Rayleigh Fading']
2026-02-26 14:20:49,232 - INFO - Eb/N0=2.00 dB | Es/N0=6.77 dB | Mod=PSKModulator-8 | Gray=False | CodeRate=1.000 | Bits=100000 | BitErrors=46894 | BER=4.689e-01 | SER=8.202e-01 | CorrectedErrors=0 | DetectedErrors=0 | Blocks=0 | Channels=['Rayleigh Fading']
2026-02-26 14:20:50,067 - INFO - Eb/N0=2.00 dB | Es/N0=6.77 dB | Mod=PSKModulator-8 | Gray=False | CodeRate=1.000 | Bits=100000 | BitErrors=46822 | BER=4.682e-01 | SER=8.221e-01 | CorrectedErrors=0 | DetectedErrors=0 | Blocks=0 | Channels=['Rayleigh Fading']
2026-02-26 14:20:50,904 - INFO - Eb/N0=2.00 dB | Es/N0=6.77 dB | Mod=PSKModulator-8 | Gray=False | CodeRate=1.000 | Bits=100000 | BitErrors=46185 | BER=4.618e-01 | SER=8.086e-01 | CorrectedErrors=0 | DetectedErrors=0 | Blocks=0 | Channels=['Rayleigh Fading']
2026-02-26 14:20:51,730 - INFO - Eb/N0=3.00 dB | Es/N0=7.77 dB | Mod=PSKModulator-8 | Gray=False | CodeRate=1.000 | Bits=100000 | BitErrors=45335 | BER=4.533e-01 | SER=7.970e-01 | CorrectedErrors=0 | DetectedErrors=0 | Blocks=0 | Channels=['Rayleigh Fading']
2026-02-26 14:20:52,554 - INFO - Eb/N0=3.00 dB | Es/N0=7.77 dB | Mod=PSKModulator-8 | Gray=False | CodeRate=1.000 | Bits=100000 | BitErrors=45398 | BER=4.540e-01 | SER=7.973e-01 | CorrectedErrors=0 | DetectedErrors=0 | Blocks=0 | Channels=['Rayleigh Fading']
2026-02-26 14:20:53,370 - INFO - Eb/N0=3.00 dB | Es/N0=7.77 dB | Mod=PSKModulator-8 | Gray=False | CodeRate=1.000 | Bits=100000 | BitErrors=46462 | BER=4.646e-01 | SER=8.216e-01 | CorrectedErrors=0 | DetectedErrors=0 | Blocks=0 | Channels=['Rayleigh Fading']
2026-02-26 14:20:54,204 - INFO - Eb/N0=3.00 dB | Es/N0=7.77 dB | Mod=PSKModulator-8 | Gray=False | CodeRate=1.000 | Bits=100000 | BitErrors=44847 | BER=4.485e-01 | SER=7.872e-01 | CorrectedErrors=0 | DetectedErrors=0 | Blocks=0 | Channels=['Rayleigh Fading']
2026-02-26 14:20:55,040 - INFO - Eb/N0=3.00 dB | Es/N0=7.77 dB | Mod=PSKModulator-8 | Gray=False | CodeRate=1.000 | Bits=100000 | BitErrors=44935 | BER=4.494e-01 | SER=7.876e-01 | CorrectedErrors=0 | DetectedErrors=0 | Blocks=0 | Channels=['Rayleigh Fading']
2026-02-26 14:20:55,875 - INFO - Eb/N0=4.00 dB | Es/N0=8.77 dB | Mod=PSKModulator-8 | Gray=False | CodeRate=1.000 | Bits=100000 | BitErrors=44769 | BER=4.477e-01 | SER=7.879e-01 | CorrectedErrors=0 | DetectedErrors=0 | Blocks=0 | Channels=['Rayleigh Fading']
2026-02-26 14:20:56,708 - INFO - Eb/N0=4.00 dB | Es/N0=8.77 dB | Mod=PSKModulator-8 | Gray=False | CodeRate=1.000 | Bits=100000 | BitErrors=44494 | BER=4.449e-01 | SER=7.903e-01 | CorrectedErrors=0 | DetectedErrors=0 | Blocks=0 | Channels=['Rayleigh Fading']
2026-02-26 14:20:57,542 - INFO - Eb/N0=4.00 dB | Es/N0=8.77 dB | Mod=PSKModulator-8 | Gray=False | CodeRate=1.000 | Bits=100000 | BitErrors=45008 | BER=4.501e-01 | SER=7.958e-01 | CorrectedErrors=0 | DetectedErrors=0 | Blocks=0 | Channels=['Rayleigh Fading']
2026-02-26 14:20:58,389 - INFO - Eb/N0=4.00 dB | Es/N0=8.77 dB | Mod=PSKModulator-8 | Gray=False | CodeRate=1.000 | Bits=100000 | BitErrors=43088 | BER=4.309e-01 | SER=7.580e-01 | CorrectedErrors=0 | DetectedErrors=0 | Blocks=0 | Channels=['Rayleigh Fading']
2026-02-26 14:20:59,231 - INFO - Eb/N0=4.00 dB | Es/N0=8.77 dB | Mod=PSKModulator-8 | Gray=False | CodeRate=1.000 | Bits=100000 | BitErrors=44448 | BER=4.445e-01 | SER=7.810e-01 | CorrectedErrors=0 | DetectedErrors=0 | Blocks=0 | Channels=['Rayleigh Fading']
2026-02-26 14:21:00,073 - INFO - Eb/N0=5.00 dB | Es/N0=9.77 dB | Mod=PSKModulator-8 | Gray=False | CodeRate=1.000 | Bits=100000 | BitErrors=42114 | BER=4.211e-01 | SER=7.414e-01 | CorrectedErrors=0 | DetectedErrors=0 | Blocks=0 | Channels=['Rayleigh Fading']
2026-02-26 14:21:00,910 - INFO - Eb/N0=5.00 dB | Es/N0=9.77 dB | Mod=PSKModulator-8 | Gray=False | CodeRate=1.000 | Bits=100000 | BitErrors=42581 | BER=4.258e-01 | SER=7.535e-01 | CorrectedErrors=0 | DetectedErrors=0 | Blocks=0 | Channels=['Rayleigh Fading']
2026-02-26 14:21:01,773 - INFO - Eb/N0=5.00 dB | Es/N0=9.77 dB | Mod=PSKModulator-8 | Gray=False | CodeRate=1.000 | Bits=100000 | BitErrors=41640 | BER=4.164e-01 | SER=7.364e-01 | CorrectedErrors=0 | DetectedErrors=0 | Blocks=0 | Channels=['Rayleigh Fading']
2026-02-26 14:21:02,605 - INFO - Eb/N0=5.00 dB | Es/N0=9.77 dB | Mod=PSKModulator-8 | Gray=False | CodeRate=1.000 | Bits=100000 | BitErrors=41026 | BER=4.103e-01 | SER=7.251e-01 | CorrectedErrors=0 | DetectedErrors=0 | Blocks=0 | Channels=['Rayleigh Fading']
2026-02-26 14:21:03,442 - INFO - Eb/N0=5.00 dB | Es/N0=9.77 dB | Mod=PSKModulator-8 | Gray=False | CodeRate=1.000 | Bits=100000 | BitErrors=43560 | BER=4.356e-01 | SER=7.731e-01 | CorrectedErrors=0 | DetectedErrors=0 | Blocks=0 | Channels=['Rayleigh Fading']
2026-02-26 14:21:04,280 - INFO - Eb/N0=6.00 dB | Es/N0=10.77 dB | Mod=PSKModulator-8 | Gray=False | CodeRate=1.000 | Bits=100000 | BitErrors=40126 | BER=4.013e-01 | SER=7.172e-01 | CorrectedErrors=0 | DetectedErrors=0 | Blocks=0 | Channels=['Rayleigh Fading']
2026-02-26 14:21:05,108 - INFO - Eb/N0=6.00 dB | Es/N0=10.77 dB | Mod=PSKModulator-8 | Gray=False | CodeRate=1.000 | Bits=100000 | BitErrors=38029 | BER=3.803e-01 | SER=6.711e-01 | CorrectedErrors=0 | DetectedErrors=0 | Blocks=0 | Channels=['Rayleigh Fading']
2026-02-26 14:21:05,939 - INFO - Eb/N0=6.00 dB | Es/N0=10.77 dB | Mod=PSKModulator-8 | Gray=False | CodeRate=1.000 | Bits=100000 | BitErrors=38738 | BER=3.874e-01 | SER=6.905e-01 | CorrectedErrors=0 | DetectedErrors=0 | Blocks=0 | Channels=['Rayleigh Fading']
2026-02-26 14:21:06,773 - INFO - Eb/N0=6.00 dB | Es/N0=10.77 dB | Mod=PSKModulator-8 | Gray=False | CodeRate=1.000 | Bits=100000 | BitErrors=38452 | BER=3.845e-01 | SER=6.868e-01 | CorrectedErrors=0 | DetectedErrors=0 | Blocks=0 | Channels=['Rayleigh Fading']
2026-02-26 14:21:07,601 - INFO - Eb/N0=6.00 dB | Es/N0=10.77 dB | Mod=PSKModulator-8 | Gray=False | CodeRate=1.000 | Bits=100000 | BitErrors=41411 | BER=4.141e-01 | SER=7.460e-01 | CorrectedErrors=0 | DetectedErrors=0 | Blocks=0 | Channels=['Rayleigh Fading']
2026-02-26 14:21:08,424 - INFO - Eb/N0=7.00 dB | Es/N0=11.77 dB | Mod=PSKModulator-8 | Gray=False | CodeRate=1.000 | Bits=100000 | BitErrors=36229 | BER=3.623e-01 | SER=6.605e-01 | CorrectedErrors=0 | DetectedErrors=0 | Blocks=0 | Channels=['Rayleigh Fading']
2026-02-26 14:21:09,246 - INFO - Eb/N0=7.00 dB | Es/N0=11.77 dB | Mod=PSKModulator-8 | Gray=False | CodeRate=1.000 | Bits=100000 | BitErrors=37412 | BER=3.741e-01 | SER=6.698e-01 | CorrectedErrors=0 | DetectedErrors=0 | Blocks=0 | Channels=['Rayleigh Fading']
2026-02-26 14:21:10,099 - INFO - Eb/N0=7.00 dB | Es/N0=11.77 dB | Mod=PSKModulator-8 | Gray=False | CodeRate=1.000 | Bits=100000 | BitErrors=35193 | BER=3.519e-01 | SER=6.538e-01 | CorrectedErrors=0 | DetectedErrors=0 | Blocks=0 | Channels=['Rayleigh Fading']
2026-02-26 14:21:10,955 - INFO - Eb/N0=7.00 dB | Es/N0=11.77 dB | Mod=PSKModulator-8 | Gray=False | CodeRate=1.000 | Bits=100000 | BitErrors=35884 | BER=3.588e-01 | SER=6.506e-01 | CorrectedErrors=0 | DetectedErrors=0 | Blocks=0 | Channels=['Rayleigh Fading']
2026-02-26 14:21:11,815 - INFO - Eb/N0=7.00 dB | Es/N0=11.77 dB | Mod=PSKModulator-8 | Gray=False | CodeRate=1.000 | Bits=100000 | BitErrors=35889 | BER=3.589e-01 | SER=6.455e-01 | CorrectedErrors=0 | DetectedErrors=0 | Blocks=0 | Channels=['Rayleigh Fading']
2026-02-26 14:21:12,656 - INFO - Eb/N0=8.00 dB | Es/N0=12.77 dB | Mod=PSKModulator-8 | Gray=False | CodeRate=1.000 | Bits=100000 | BitErrors=30484 | BER=3.048e-01 | SER=5.842e-01 | CorrectedErrors=0 | DetectedErrors=0 | Blocks=0 | Channels=['Rayleigh Fading']
2026-02-26 14:21:13,524 - INFO - Eb/N0=8.00 dB | Es/N0=12.77 dB | Mod=PSKModulator-8 | Gray=False | CodeRate=1.000 | Bits=100000 | BitErrors=31999 | BER=3.200e-01 | SER=6.155e-01 | CorrectedErrors=0 | DetectedErrors=0 | Blocks=0 | Channels=['Rayleigh Fading']
2026-02-26 14:21:14,425 - INFO - Eb/N0=8.00 dB | Es/N0=12.77 dB | Mod=PSKModulator-8 | Gray=False | CodeRate=1.000 | Bits=100000 | BitErrors=32993 | BER=3.299e-01 | SER=6.128e-01 | CorrectedErrors=0 | DetectedErrors=0 | Blocks=0 | Channels=['Rayleigh Fading']
2026-02-26 14:21:15,297 - INFO - Eb/N0=8.00 dB | Es/N0=12.77 dB | Mod=PSKModulator-8 | Gray=False | CodeRate=1.000 | Bits=100000 | BitErrors=28781 | BER=2.878e-01 | SER=5.744e-01 | CorrectedErrors=0 | DetectedErrors=0 | Blocks=0 | Channels=['Rayleigh Fading']
2026-02-26 14:21:16,178 - INFO - Eb/N0=8.00 dB | Es/N0=12.77 dB | Mod=PSKModulator-8 | Gray=False | CodeRate=1.000 | Bits=100000 | BitErrors=32947 | BER=3.295e-01 | SER=6.021e-01 | CorrectedErrors=0 | DetectedErrors=0 | Blocks=0 | Channels=['Rayleigh Fading']
2026-02-26 14:21:17,014 - INFO - Eb/N0=9.00 dB | Es/N0=13.77 dB | Mod=PSKModulator-8 | Gray=False | CodeRate=1.000 | Bits=100000 | BitErrors=29238 | BER=2.924e-01 | SER=5.579e-01 | CorrectedErrors=0 | DetectedErrors=0 | Blocks=0 | Channels=['Rayleigh Fading']
2026-02-26 14:21:19,158 - INFO - Eb/N0=9.00 dB | Es/N0=13.77 dB | Mod=PSKModulator-8 | Gray=False | CodeRate=1.000 | Bits=100000 | BitErrors=30378 | BER=3.038e-01 | SER=5.466e-01 | CorrectedErrors=0 | DetectedErrors=0 | Blocks=0 | Channels=['Rayleigh Fading']
2026-02-26 14:21:22,277 - INFO - Eb/N0=9.00 dB | Es/N0=13.77 dB | Mod=PSKModulator-8 | Gray=False | CodeRate=1.000 | Bits=100000 | BitErrors=35365 | BER=3.537e-01 | SER=6.414e-01 | CorrectedErrors=0 | DetectedErrors=0 | Blocks=0 | Channels=['Rayleigh Fading']
2026-02-26 14:21:24,887 - INFO - Eb/N0=9.00 dB | Es/N0=13.77 dB | Mod=PSKModulator-8 | Gray=False | CodeRate=1.000 | Bits=100000 | BitErrors=31535 | BER=3.154e-01 | SER=5.836e-01 | CorrectedErrors=0 | DetectedErrors=0 | Blocks=0 | Channels=['Rayleigh Fading']
2026-02-26 14:21:25,719 - INFO - Eb/N0=9.00 dB | Es/N0=13.77 dB | Mod=PSKModulator-8 | Gray=False | CodeRate=1.000 | Bits=100000 | BitErrors=21476 | BER=2.148e-01 | SER=4.230e-01 | CorrectedErrors=0 | DetectedErrors=0 | Blocks=0 | Channels=['Rayleigh Fading']
2026-02-26 14:21:26,564 - INFO - Eb/N0=10.00 dB | Es/N0=14.77 dB | Mod=PSKModulator-8 | Gray=False | CodeRate=1.000 | Bits=100000 | BitErrors=21410 | BER=2.141e-01 | SER=4.378e-01 | CorrectedErrors=0 | DetectedErrors=0 | Blocks=0 | Channels=['Rayleigh Fading']
2026-02-26 14:21:27,389 - INFO - Eb/N0=10.00 dB | Es/N0=14.77 dB | Mod=PSKModulator-8 | Gray=False | CodeRate=1.000 | Bits=100000 | BitErrors=30600 | BER=3.060e-01 | SER=5.621e-01 | CorrectedErrors=0 | DetectedErrors=0 | Blocks=0 | Channels=['Rayleigh Fading']
2026-02-26 14:21:28,216 - INFO - Eb/N0=10.00 dB | Es/N0=14.77 dB | Mod=PSKModulator-8 | Gray=False | CodeRate=1.000 | Bits=100000 | BitErrors=27908 | BER=2.791e-01 | SER=5.219e-01 | CorrectedErrors=0 | DetectedErrors=0 | Blocks=0 | Channels=['Rayleigh Fading']
2026-02-26 14:21:29,035 - INFO - Eb/N0=10.00 dB | Es/N0=14.77 dB | Mod=PSKModulator-8 | Gray=False | CodeRate=1.000 | Bits=100000 | BitErrors=31008 | BER=3.101e-01 | SER=6.042e-01 | CorrectedErrors=0 | DetectedErrors=0 | Blocks=0 | Channels=['Rayleigh Fading']
2026-02-26 14:21:29,856 - INFO - Eb/N0=10.00 dB | Es/N0=14.77 dB | Mod=PSKModulator-8 | Gray=False | CodeRate=1.000 | Bits=100000 | BitErrors=23861 | BER=2.386e-01 | SER=4.736e-01 | CorrectedErrors=0 | DetectedErrors=0 | Blocks=0 | Channels=['Rayleigh Fading']
2026-02-26 14:21:30,680 - INFO - Eb/N0=11.00 dB | Es/N0=15.77 dB | Mod=PSKModulator-8 | Gray=False | CodeRate=1.000 | Bits=100000 | BitErrors=33977 | BER=3.398e-01 | SER=6.415e-01 | CorrectedErrors=0 | DetectedErrors=0 | Blocks=0 | Channels=['Rayleigh Fading']
2026-02-26 14:21:31,514 - INFO - Eb/N0=11.00 dB | Es/N0=15.77 dB | Mod=PSKModulator-8 | Gray=False | CodeRate=1.000 | Bits=100000 | BitErrors=38787 | BER=3.879e-01 | SER=7.075e-01 | CorrectedErrors=0 | DetectedErrors=0 | Blocks=0 | Channels=['Rayleigh Fading']
2026-02-26 14:21:32,381 - INFO - Eb/N0=11.00 dB | Es/N0=15.77 dB | Mod=PSKModulator-8 | Gray=False | CodeRate=1.000 | Bits=100000 | BitErrors=31625 | BER=3.162e-01 | SER=6.113e-01 | CorrectedErrors=0 | DetectedErrors=0 | Blocks=0 | Channels=['Rayleigh Fading']
2026-02-26 14:21:33,225 - INFO - Eb/N0=11.00 dB | Es/N0=15.77 dB | Mod=PSKModulator-8 | Gray=False | CodeRate=1.000 | Bits=100000 | BitErrors=36325 | BER=3.633e-01 | SER=6.706e-01 | CorrectedErrors=0 | DetectedErrors=0 | Blocks=0 | Channels=['Rayleigh Fading']
2026-02-26 14:21:34,057 - INFO - Eb/N0=11.00 dB | Es/N0=15.77 dB | Mod=PSKModulator-8 | Gray=False | CodeRate=1.000 | Bits=100000 | BitErrors=28178 | BER=2.818e-01 | SER=5.697e-01 | CorrectedErrors=0 | DetectedErrors=0 | Blocks=0 | Channels=['Rayleigh Fading']
2026-02-26 14:21:34,909 - INFO - Eb/N0=12.00 dB | Es/N0=16.77 dB | Mod=PSKModulator-8 | Gray=False | CodeRate=1.000 | Bits=100000 | BitErrors=23917 | BER=2.392e-01 | SER=4.895e-01 | CorrectedErrors=0 | DetectedErrors=0 | Blocks=0 | Channels=['Rayleigh Fading']
2026-02-26 14:21:35,749 - INFO - Eb/N0=12.00 dB | Es/N0=16.77 dB | Mod=PSKModulator-8 | Gray=False | CodeRate=1.000 | Bits=100000 | BitErrors=22640 | BER=2.264e-01 | SER=4.649e-01 | CorrectedErrors=0 | DetectedErrors=0 | Blocks=0 | Channels=['Rayleigh Fading']
2026-02-26 14:21:36,586 - INFO - Eb/N0=12.00 dB | Es/N0=16.77 dB | Mod=PSKModulator-8 | Gray=False | CodeRate=1.000 | Bits=100000 | BitErrors=28129 | BER=2.813e-01 | SER=5.278e-01 | CorrectedErrors=0 | DetectedErrors=0 | Blocks=0 | Channels=['Rayleigh Fading']
2026-02-26 14:21:37,872 - INFO - Eb/N0=12.00 dB | Es/N0=16.77 dB | Mod=PSKModulator-8 | Gray=False | CodeRate=1.000 | Bits=100000 | BitErrors=24161 | BER=2.416e-01 | SER=5.039e-01 | CorrectedErrors=0 | DetectedErrors=0 | Blocks=0 | Channels=['Rayleigh Fading']
2026-02-26 14:21:41,419 - INFO - Eb/N0=12.00 dB | Es/N0=16.77 dB | Mod=PSKModulator-8 | Gray=False | CodeRate=1.000 | Bits=100000 | BitErrors=20222 | BER=2.022e-01 | SER=4.340e-01 | CorrectedErrors=0 | DetectedErrors=0 | Blocks=0 | Channels=['Rayleigh Fading']
2026-02-26 14:21:43,796 - INFO - Eb/N0=13.00 dB | Es/N0=17.77 dB | Mod=PSKModulator-8 | Gray=False | CodeRate=1.000 | Bits=100000 | BitErrors=32768 | BER=3.277e-01 | SER=5.852e-01 | CorrectedErrors=0 | DetectedErrors=0 | Blocks=0 | Channels=['Rayleigh Fading']
2026-02-26 14:21:46,171 - INFO - Eb/N0=13.00 dB | Es/N0=17.77 dB | Mod=PSKModulator-8 | Gray=False | CodeRate=1.000 | Bits=100000 | BitErrors=30246 | BER=3.025e-01 | SER=6.083e-01 | CorrectedErrors=0 | DetectedErrors=0 | Blocks=0 | Channels=['Rayleigh Fading']
2026-02-26 14:21:48,549 - INFO - Eb/N0=13.00 dB | Es/N0=17.77 dB | Mod=PSKModulator-8 | Gray=False | CodeRate=1.000 | Bits=100000 | BitErrors=29935 | BER=2.994e-01 | SER=5.836e-01 | CorrectedErrors=0 | DetectedErrors=0 | Blocks=0 | Channels=['Rayleigh Fading']
2026-02-26 14:21:50,951 - INFO - Eb/N0=13.00 dB | Es/N0=17.77 dB | Mod=PSKModulator-8 | Gray=False | CodeRate=1.000 | Bits=100000 | BitErrors=37683 | BER=3.768e-01 | SER=6.675e-01 | CorrectedErrors=0 | DetectedErrors=0 | Blocks=0 | Channels=['Rayleigh Fading']
2026-02-26 14:21:55,698 - INFO - Eb/N0=13.00 dB | Es/N0=17.77 dB | Mod=PSKModulator-8 | Gray=False | CodeRate=1.000 | Bits=100000 | BitErrors=36886 | BER=3.689e-01 | SER=6.692e-01 | CorrectedErrors=0 | DetectedErrors=0 | Blocks=0 | Channels=['Rayleigh Fading']
2026-02-26 14:21:58,083 - INFO - Eb/N0=14.00 dB | Es/N0=18.77 dB | Mod=PSKModulator-8 | Gray=False | CodeRate=1.000 | Bits=100000 | BitErrors=26542 | BER=2.654e-01 | SER=5.434e-01 | CorrectedErrors=0 | DetectedErrors=0 | Blocks=0 | Channels=['Rayleigh Fading']
2026-02-26 14:22:00,475 - INFO - Eb/N0=14.00 dB | Es/N0=18.77 dB | Mod=PSKModulator-8 | Gray=False | CodeRate=1.000 | Bits=100000 | BitErrors=28739 | BER=2.874e-01 | SER=5.789e-01 | CorrectedErrors=0 | DetectedErrors=0 | Blocks=0 | Channels=['Rayleigh Fading']
2026-02-26 14:22:02,860 - INFO - Eb/N0=14.00 dB | Es/N0=18.77 dB | Mod=PSKModulator-8 | Gray=False | CodeRate=1.000 | Bits=100000 | BitErrors=22214 | BER=2.221e-01 | SER=4.897e-01 | CorrectedErrors=0 | DetectedErrors=0 | Blocks=0 | Channels=['Rayleigh Fading']
2026-02-26 14:22:05,247 - INFO - Eb/N0=14.00 dB | Es/N0=18.77 dB | Mod=PSKModulator-8 | Gray=False | CodeRate=1.000 | Bits=100000 | BitErrors=22874 | BER=2.287e-01 | SER=4.587e-01 | CorrectedErrors=0 | DetectedErrors=0 | Blocks=0 | Channels=['Rayleigh Fading']
2026-02-26 14:22:09,851 - INFO - Eb/N0=14.00 dB | Es/N0=18.77 dB | Mod=PSKModulator-8 | Gray=False | CodeRate=1.000 | Bits=100000 | BitErrors=27777 | BER=2.778e-01 | SER=5.491e-01 | CorrectedErrors=0 | DetectedErrors=0 | Blocks=0 | Channels=['Rayleigh Fading']
2026-02-26 14:22:12,266 - INFO - Eb/N0=15.00 dB | Es/N0=19.77 dB | Mod=PSKModulator-8 | Gray=False | CodeRate=1.000 | Bits=100000 | BitErrors=21196 | BER=2.120e-01 | SER=4.723e-01 | CorrectedErrors=0 | DetectedErrors=0 | Blocks=0 | Channels=['Rayleigh Fading']
2026-02-26 14:22:14,662 - INFO - Eb/N0=15.00 dB | Es/N0=19.77 dB | Mod=PSKModulator-8 | Gray=False | CodeRate=1.000 | Bits=100000 | BitErrors=25352 | BER=2.535e-01 | SER=5.233e-01 | CorrectedErrors=0 | DetectedErrors=0 | Blocks=0 | Channels=['Rayleigh Fading']
2026-02-26 14:22:17,045 - INFO - Eb/N0=15.00 dB | Es/N0=19.77 dB | Mod=PSKModulator-8 | Gray=False | CodeRate=1.000 | Bits=100000 | BitErrors=22617 | BER=2.262e-01 | SER=4.180e-01 | CorrectedErrors=0 | DetectedErrors=0 | Blocks=0 | Channels=['Rayleigh Fading']
2026-02-26 14:22:19,433 - INFO - Eb/N0=15.00 dB | Es/N0=19.77 dB | Mod=PSKModulator-8 | Gray=False | CodeRate=1.000 | Bits=100000 | BitErrors=30499 | BER=3.050e-01 | SER=5.707e-01 | CorrectedErrors=0 | DetectedErrors=0 | Blocks=0 | Channels=['Rayleigh Fading']
2026-02-26 14:22:23,270 - INFO - Eb/N0=15.00 dB | Es/N0=19.77 dB | Mod=PSKModulator-8 | Gray=False | CodeRate=1.000 | Bits=100000 | BitErrors=23807 | BER=2.381e-01 | SER=5.101e-01 | CorrectedErrors=0 | DetectedErrors=0 | Blocks=0 | Channels=['Rayleigh Fading']
2026-02-26 14:22:26,774 - INFO - Eb/N0=16.00 dB | Es/N0=20.77 dB | Mod=PSKModulator-8 | Gray=False | CodeRate=1.000 | Bits=100000 | BitErrors=19357 | BER=1.936e-01 | SER=4.620e-01 | CorrectedErrors=0 | DetectedErrors=0 | Blocks=0 | Channels=['Rayleigh Fading']
2026-02-26 14:22:29,153 - INFO - Eb/N0=16.00 dB | Es/N0=20.77 dB | Mod=PSKModulator-8 | Gray=False | CodeRate=1.000 | Bits=100000 | BitErrors=22238 | BER=2.224e-01 | SER=5.064e-01 | CorrectedErrors=0 | DetectedErrors=0 | Blocks=0 | Channels=['Rayleigh Fading']
2026-02-26 14:22:31,526 - INFO - Eb/N0=16.00 dB | Es/N0=20.77 dB | Mod=PSKModulator-8 | Gray=False | CodeRate=1.000 | Bits=100000 | BitErrors=34597 | BER=3.460e-01 | SER=6.513e-01 | CorrectedErrors=0 | DetectedErrors=0 | Blocks=0 | Channels=['Rayleigh Fading']
2026-02-26 14:22:33,913 - INFO - Eb/N0=16.00 dB | Es/N0=20.77 dB | Mod=PSKModulator-8 | Gray=False | CodeRate=1.000 | Bits=100000 | BitErrors=29022 | BER=2.902e-01 | SER=5.534e-01 | CorrectedErrors=0 | DetectedErrors=0 | Blocks=0 | Channels=['Rayleigh Fading']
2026-02-26 14:22:36,290 - INFO - Eb/N0=16.00 dB | Es/N0=20.77 dB | Mod=PSKModulator-8 | Gray=False | CodeRate=1.000 | Bits=100000 | BitErrors=23161 | BER=2.316e-01 | SER=5.092e-01 | CorrectedErrors=0 | DetectedErrors=0 | Blocks=0 | Channels=['Rayleigh Fading']
2026-02-26 14:22:41,203 - INFO - Eb/N0=17.00 dB | Es/N0=21.77 dB | Mod=PSKModulator-8 | Gray=False | CodeRate=1.000 | Bits=100000 | BitErrors=28982 | BER=2.898e-01 | SER=5.617e-01 | CorrectedErrors=0 | DetectedErrors=0 | Blocks=0 | Channels=['Rayleigh Fading']
2026-02-26 14:22:42,446 - INFO - Eb/N0=17.00 dB | Es/N0=21.77 dB | Mod=PSKModulator-8 | Gray=False | CodeRate=1.000 | Bits=100000 | BitErrors=18637 | BER=1.864e-01 | SER=4.188e-01 | CorrectedErrors=0 | DetectedErrors=0 | Blocks=0 | Channels=['Rayleigh Fading']
2026-02-26 14:22:43,289 - INFO - Eb/N0=17.00 dB | Es/N0=21.77 dB | Mod=PSKModulator-8 | Gray=False | CodeRate=1.000 | Bits=100000 | BitErrors=27049 | BER=2.705e-01 | SER=5.066e-01 | CorrectedErrors=0 | DetectedErrors=0 | Blocks=0 | Channels=['Rayleigh Fading']
2026-02-26 14:22:44,126 - INFO - Eb/N0=17.00 dB | Es/N0=21.77 dB | Mod=PSKModulator-8 | Gray=False | CodeRate=1.000 | Bits=100000 | BitErrors=24231 | BER=2.423e-01 | SER=5.336e-01 | CorrectedErrors=0 | DetectedErrors=0 | Blocks=0 | Channels=['Rayleigh Fading']
2026-02-26 14:22:44,953 - INFO - Eb/N0=17.00 dB | Es/N0=21.77 dB | Mod=PSKModulator-8 | Gray=False | CodeRate=1.000 | Bits=100000 | BitErrors=28099 | BER=2.810e-01 | SER=5.846e-01 | CorrectedErrors=0 | DetectedErrors=0 | Blocks=0 | Channels=['Rayleigh Fading']
2026-02-26 14:22:45,790 - INFO - Eb/N0=18.00 dB | Es/N0=22.77 dB | Mod=PSKModulator-8 | Gray=False | CodeRate=1.000 | Bits=100000 | BitErrors=19149 | BER=1.915e-01 | SER=4.319e-01 | CorrectedErrors=0 | DetectedErrors=0 | Blocks=0 | Channels=['Rayleigh Fading']
2026-02-26 14:22:46,638 - INFO - Eb/N0=18.00 dB | Es/N0=22.77 dB | Mod=PSKModulator-8 | Gray=False | CodeRate=1.000 | Bits=100000 | BitErrors=29794 | BER=2.979e-01 | SER=5.803e-01 | CorrectedErrors=0 | DetectedErrors=0 | Blocks=0 | Channels=['Rayleigh Fading']
2026-02-26 14:22:47,485 - INFO - Eb/N0=18.00 dB | Es/N0=22.77 dB | Mod=PSKModulator-8 | Gray=False | CodeRate=1.000 | Bits=100000 | BitErrors=30660 | BER=3.066e-01 | SER=5.768e-01 | CorrectedErrors=0 | DetectedErrors=0 | Blocks=0 | Channels=['Rayleigh Fading']
2026-02-26 14:22:48,336 - INFO - Eb/N0=18.00 dB | Es/N0=22.77 dB | Mod=PSKModulator-8 | Gray=False | CodeRate=1.000 | Bits=100000 | BitErrors=29951 | BER=2.995e-01 | SER=6.069e-01 | CorrectedErrors=0 | DetectedErrors=0 | Blocks=0 | Channels=['Rayleigh Fading']
2026-02-26 14:22:49,221 - INFO - Eb/N0=18.00 dB | Es/N0=22.77 dB | Mod=PSKModulator-8 | Gray=False | CodeRate=1.000 | Bits=100000 | BitErrors=31861 | BER=3.186e-01 | SER=5.960e-01 | CorrectedErrors=0 | DetectedErrors=0 | Blocks=0 | Channels=['Rayleigh Fading']
2026-02-26 14:22:50,079 - INFO - Eb/N0=19.00 dB | Es/N0=23.77 dB | Mod=PSKModulator-8 | Gray=False | CodeRate=1.000 | Bits=100000 | BitErrors=25174 | BER=2.517e-01 | SER=4.934e-01 | CorrectedErrors=0 | DetectedErrors=0 | Blocks=0 | Channels=['Rayleigh Fading']
2026-02-26 14:22:50,925 - INFO - Eb/N0=19.00 dB | Es/N0=23.77 dB | Mod=PSKModulator-8 | Gray=False | CodeRate=1.000 | Bits=100000 | BitErrors=34969 | BER=3.497e-01 | SER=6.601e-01 | CorrectedErrors=0 | DetectedErrors=0 | Blocks=0 | Channels=['Rayleigh Fading']
2026-02-26 14:22:51,763 - INFO - Eb/N0=19.00 dB | Es/N0=23.77 dB | Mod=PSKModulator-8 | Gray=False | CodeRate=1.000 | Bits=100000 | BitErrors=30630 | BER=3.063e-01 | SER=5.928e-01 | CorrectedErrors=0 | DetectedErrors=0 | Blocks=0 | Channels=['Rayleigh Fading']
2026-02-26 14:22:52,593 - INFO - Eb/N0=19.00 dB | Es/N0=23.77 dB | Mod=PSKModulator-8 | Gray=False | CodeRate=1.000 | Bits=100000 | BitErrors=30572 | BER=3.057e-01 | SER=6.056e-01 | CorrectedErrors=0 | DetectedErrors=0 | Blocks=0 | Channels=['Rayleigh Fading']
2026-02-26 14:22:54,987 - INFO - Eb/N0=19.00 dB | Es/N0=23.77 dB | Mod=PSKModulator-8 | Gray=False | CodeRate=1.000 | Bits=100000 | BitErrors=22314 | BER=2.231e-01 | SER=4.513e-01 | CorrectedErrors=0 | DetectedErrors=0 | Blocks=0 | Channels=['Rayleigh Fading']
2026-02-26 14:22:57,395 - INFO - Eb/N0=20.00 dB | Es/N0=24.77 dB | Mod=PSKModulator-8 | Gray=False | CodeRate=1.000 | Bits=100000 | BitErrors=23262 | BER=2.326e-01 | SER=4.976e-01 | CorrectedErrors=0 | DetectedErrors=0 | Blocks=0 | Channels=['Rayleigh Fading']
2026-02-26 14:22:59,772 - INFO - Eb/N0=20.00 dB | Es/N0=24.77 dB | Mod=PSKModulator-8 | Gray=False | CodeRate=1.000 | Bits=100000 | BitErrors=21784 | BER=2.178e-01 | SER=4.567e-01 | CorrectedErrors=0 | DetectedErrors=0 | Blocks=0 | Channels=['Rayleigh Fading']
2026-02-26 14:23:02,175 - INFO - Eb/N0=20.00 dB | Es/N0=24.77 dB | Mod=PSKModulator-8 | Gray=False | CodeRate=1.000 | Bits=100000 | BitErrors=21807 | BER=2.181e-01 | SER=4.712e-01 | CorrectedErrors=0 | DetectedErrors=0 | Blocks=0 | Channels=['Rayleigh Fading']
2026-02-26 14:23:04,545 - INFO - Eb/N0=20.00 dB | Es/N0=24.77 dB | Mod=PSKModulator-8 | Gray=False | CodeRate=1.000 | Bits=100000 | BitErrors=30859 | BER=3.086e-01 | SER=6.096e-01 | CorrectedErrors=0 | DetectedErrors=0 | Blocks=0 | Channels=['Rayleigh Fading']
2026-02-26 14:23:08,174 - INFO - Eb/N0=20.00 dB | Es/N0=24.77 dB | Mod=PSKModulator-8 | Gray=False | CodeRate=1.000 | Bits=100000 | BitErrors=39090 | BER=3.909e-01 | SER=7.006e-01 | CorrectedErrors=0 | DetectedErrors=0 | Blocks=0 | Channels=['Rayleigh Fading']
2026-02-26 14:23:08,175 - INFO - Результаты сохранены в файл: results_PSK8_Random_20260226_142308.txt
2026-02-26 14:23:08,175 - INFO - ============================================================
2026-02-26 14:23:08,176 - INFO - СИМУЛЯЦИЯ ЗАВЕРШЕНА за 149.7 с
2026-02-26 14:23:08,176 - INFO - Результаты сохранены в results_PSK8_Random_20260226_142308.txt
2026-02-26 14:23:08,176 - INFO - ============================================================
2026-02-26 14:23:09,993 - INFO - График сохранён: Plot_PSK8_Random_20260226_142308.png
