2026-02-26 14:19:45,291 - INFO - Лог-файл этой симуляции: logs\sim_20260226_141945.log
2026-02-26 14:19:45,292 - INFO - ============================================================
2026-02-26 14:19:45,292 - INFO - НАЧАЛО СИМУЛЯЦИИ
2026-02-26 14:19:45,292 - INFO - Режим: random
2026-02-26 14:19:45,292 - INFO - Модуляция: PSK-8, Код Грея: False
2026-02-26 14:19:45,292 - INFO - Кодирование: отключено
2026-02-26 14:19:45,292 - INFO - Диапазон Eb/N0: 0.0..20.0 дБ, шаг 1.0
2026-02-26 14:19:45,292 - INFO - ============================================================
2026-02-26 14:19:45,518 - INFO - Eb/N0=0.00 dB | Es/N0=4.77 dB | Mod=PSKModulator-8 | Gray=False | CodeRate=1.000 | Bits=100000 | BitErrors=47623 | BER=4.762e-01 | SER=8.413e-01 | CorrectedErrors=0 | DetectedErrors=0 | Blocks=0 | Channels=['Rayleigh Fading']
2026-02-26 14:19:45,739 - INFO - Eb/N0=0.00 dB | Es/N0=4.77 dB | Mod=PSKModulator-8 | Gray=False | CodeRate=1.000 | Bits=100000 | BitErrors=48724 | BER=4.872e-01 | SER=8.551e-01 | CorrectedErrors=0 | DetectedErrors=0 | Blocks=0 | Channels=['Rayleigh Fading']
2026-02-26 14:19:45,968 - INFO - Eb/N0=0.00 dB | Es/N0=4.77 dB | Mod=PSKModulator-8 | Gray=False | CodeRate=1.000 | Bits=100000 | BitErrors=44185 | BER=4.419e-01 | SER=7.973e-01 | CorrectedErrors=0 | DetectedErrors=0 | Blocks=0 | Channels=['Rayleigh Fading']
2026-02-26 14:19:46,198 - INFO - Eb/N0=0.00 dB | Es/N0=4.77 dB | Mod=PSKModulator-8 | Gray=False | CodeRate=1.000 | Bits=100000 | BitErrors=43921 | BER=4.392e-01 | SER=7.936e-01 | CorrectedErrors=0 | DetectedErrors=0 | Blocks=0 | Channels=['Rayleigh Fading']
2026-02-26 14:19:46,410 - INFO - Eb/N0=0.00 dB | Es/N0=4.77 dB | Mod=PSKModulator-8 | Gray=False | CodeRate=1.000 | Bits=100000 | BitErrors=44104 | BER=4.410e-01 | SER=7.972e-01 | CorrectedErrors=0 | DetectedErrors=0 | Blocks=0 | Channels=['Rayleigh Fading']
2026-02-26 14:19:46,636 - INFO - Eb/N0=1.00 dB | Es/N0=5.77 dB | Mod=PSKModulator-8 | Gray=False | CodeRate=1.000 | Bits=100000 | BitErrors=43443 | BER=4.344e-01 | SER=7.890e-01 | CorrectedErrors=0 | DetectedErrors=0 | Blocks=0 | Channels=['Rayleigh Fading']
2026-02-26 14:19:46,856 - INFO - Eb/N0=1.00 dB | Es/N0=5.77 dB | Mod=PSKModulator-8 | Gray=False | CodeRate=1.000 | Bits=100000 | BitErrors=45858 | BER=4.586e-01 | SER=8.162e-01 | CorrectedErrors=0 | DetectedErrors=0 | Blocks=0 | Channels=['Rayleigh Fading']
2026-02-26 14:19:47,085 - INFO - Eb/N0=1.00 dB | Es/N0=5.77 dB | Mod=PSKModulator-8 | Gray=False | CodeRate=1.000 | Bits=100000 | BitErrors=44325 | BER=4.432e-01 | SER=8.003e-01 | CorrectedErrors=0 | DetectedErrors=0 | Blocks=0 | Channels=['Rayleigh Fading']
2026-02-26 14:19:47,310 - INFO - Eb/N0=1.00 dB | Es/N0=5.77 dB | Mod=PSKModulator-8 | Gray=False | CodeRate=1.000 | Bits=100000 | BitErrors=44757 | BER=4.476e-01 | SER=8.062e-01 | CorrectedErrors=0 | DetectedErrors=0 | Blocks=0 | Channels=['Rayleigh Fading']
2026-02-26 14:19:47,527 - INFO - Eb/N0=1.00 dB | Es/N0=5.77 dB | Mod=PSKModulator-8 | Gray=False | CodeRate=1.000 | Bits=100000 | BitErrors=44280 | BER=4.428e-01 | SER=8.000e-01 | CorrectedErrors=0 | DetectedErrors=0 | Blocks=0 | Channels=['Rayleigh Fading']
2026-02-26 14:19:47,751 - INFO - Eb/N0=2.00 dB | Es/N0=6.77 dB | Mod=PSKModulator-8 | Gray=False | CodeRate=1.000 | Bits=100000 | BitErrors=46333 | BER=4.633e-01 | SER=8.207e-01 | CorrectedErrors=0 | DetectedErrors=0 | Blocks=0 | Channels=['Rayleigh Fading']
2026-02-26 14:19:47,974 - INFO - Eb/N0=2.00 dB | Es/N0=6.77 dB | Mod=PSKModulator-8 | Gray=False | CodeRate=1.000 | Bits=100000 | BitErrors=49201 | BER=4.920e-01 | SER=8.634e-01 | CorrectedErrors=0 | DetectedErrors=0 | Blocks=0 | Channels=['Rayleigh Fading']
2026-02-26 14:19:48,199 - INFO - Eb/N0=2.00 dB | Es/N0=6.77 dB | Mod=PSKModulator-8 | Gray=False | CodeRate=1.000 | Bits=100000 | BitErrors=41463 | BER=4.146e-01 | SER=7.611e-01 | CorrectedErrors=0 | DetectedErrors=0 | Blocks=0 | Channels=['Rayleigh Fading']
2026-02-26 14:19:48,421 - INFO - Eb/N0=2.00 dB | Es/N0=6.77 dB | Mod=PSKModulator-8 | Gray=False | CodeRate=1.000 | Bits=100000 | BitErrors=41249 | BER=4.125e-01 | SER=7.621e-01 | CorrectedErrors=0 | DetectedErrors=0 | Blocks=0 | Channels=['Rayleigh Fading']
2026-02-26 14:19:48,644 - INFO - Eb/N0=2.00 dB | Es/N0=6.77 dB | Mod=PSKModulator-8 | Gray=False | CodeRate=1.000 | Bits=100000 | BitErrors=44429 | BER=4.443e-01 | SER=8.002e-01 | CorrectedErrors=0 | DetectedErrors=0 | Blocks=0 | Channels=['Rayleigh Fading']
2026-02-26 14:19:48,873 - INFO - Eb/N0=3.00 dB | Es/N0=7.77 dB | Mod=PSKModulator-8 | Gray=False | CodeRate=1.000 | Bits=100000 | BitErrors=39630 | BER=3.963e-01 | SER=7.441e-01 | CorrectedErrors=0 | DetectedErrors=0 | Blocks=0 | Channels=['Rayleigh Fading']
2026-02-26 14:19:49,098 - INFO - Eb/N0=3.00 dB | Es/N0=7.77 dB | Mod=PSKModulator-8 | Gray=False | CodeRate=1.000 | Bits=100000 | BitErrors=44308 | BER=4.431e-01 | SER=7.985e-01 | CorrectedErrors=0 | DetectedErrors=0 | Blocks=0 | Channels=['Rayleigh Fading']
2026-02-26 14:19:49,326 - INFO - Eb/N0=3.00 dB | Es/N0=7.77 dB | Mod=PSKModulator-8 | Gray=False | CodeRate=1.000 | Bits=100000 | BitErrors=39097 | BER=3.910e-01 | SER=7.375e-01 | CorrectedErrors=0 | DetectedErrors=0 | Blocks=0 | Channels=['Rayleigh Fading']
2026-02-26 14:19:49,544 - INFO - Eb/N0=3.00 dB | Es/N0=7.77 dB | Mod=PSKModulator-8 | Gray=False | CodeRate=1.000 | Bits=100000 | BitErrors=39413 | BER=3.941e-01 | SER=7.423e-01 | CorrectedErrors=0 | DetectedErrors=0 | Blocks=0 | Channels=['Rayleigh Fading']
2026-02-26 14:19:49,772 - INFO - Eb/N0=3.00 dB | Es/N0=7.77 dB | Mod=PSKModulator-8 | Gray=False | CodeRate=1.000 | Bits=100000 | BitErrors=40991 | BER=4.099e-01 | SER=7.612e-01 | CorrectedErrors=0 | DetectedErrors=0 | Blocks=0 | Channels=['Rayleigh Fading']
2026-02-26 14:19:49,991 - INFO - Eb/N0=4.00 dB | Es/N0=8.77 dB | Mod=PSKModulator-8 | Gray=False | CodeRate=1.000 | Bits=100000 | BitErrors=46760 | BER=4.676e-01 | SER=8.296e-01 | CorrectedErrors=0 | DetectedErrors=0 | Blocks=0 | Channels=['Rayleigh Fading']
2026-02-26 14:19:50,205 - INFO - Eb/N0=4.00 dB | Es/N0=8.77 dB | Mod=PSKModulator-8 | Gray=False | CodeRate=1.000 | Bits=100000 | BitErrors=41923 | BER=4.192e-01 | SER=7.727e-01 | CorrectedErrors=0 | DetectedErrors=0 | Blocks=0 | Channels=['Rayleigh Fading']
2026-02-26 14:19:50,418 - INFO - Eb/N0=4.00 dB | Es/N0=8.77 dB | Mod=PSKModulator-8 | Gray=False | CodeRate=1.000 | Bits=100000 | BitErrors=39385 | BER=3.938e-01 | SER=7.430e-01 | CorrectedErrors=0 | DetectedErrors=0 | Blocks=0 | Channels=['Rayleigh Fading']
2026-02-26 14:19:50,631 - INFO - Eb/N0=4.00 dB | Es/N0=8.77 dB | Mod=PSKModulator-8 | Gray=False | CodeRate=1.000 | Bits=100000 | BitErrors=37486 | BER=3.749e-01 | SER=7.216e-01 | CorrectedErrors=0 | DetectedErrors=0 | Blocks=0 | Channels=['Rayleigh Fading']
2026-02-26 14:19:50,840 - INFO - Eb/N0=4.00 dB | Es/N0=8.77 dB | Mod=PSKModulator-8 | Gray=False | CodeRate=1.000 | Bits=100000 | BitErrors=47229 | BER=4.723e-01 | SER=8.344e-01 | CorrectedErrors=0 | DetectedErrors=0 | Blocks=0 | Channels=['Rayleigh Fading']
2026-02-26 14:19:51,066 - INFO - Eb/N0=5.00 dB | Es/N0=9.77 dB | Mod=PSKModulator-8 | Gray=False | CodeRate=1.000 | Bits=100000 | BitErrors=32531 | BER=3.253e-01 | SER=6.689e-01 | CorrectedErrors=0 | DetectedErrors=0 | Blocks=0 | Channels=['Rayleigh Fading']
2026-02-26 14:19:51,280 - INFO - Eb/N0=5.00 dB | Es/N0=9.77 dB | Mod=PSKModulator-8 | Gray=False | CodeRate=1.000 | Bits=100000 | BitErrors=40311 | BER=4.031e-01 | SER=7.559e-01 | CorrectedErrors=0 | DetectedErrors=0 | Blocks=0 | Channels=['Rayleigh Fading']
2026-02-26 14:19:51,504 - INFO - Eb/N0=5.00 dB | Es/N0=9.77 dB | Mod=PSKModulator-8 | Gray=False | CodeRate=1.000 | Bits=100000 | BitErrors=32671 | BER=3.267e-01 | SER=6.674e-01 | CorrectedErrors=0 | DetectedErrors=0 | Blocks=0 | Channels=['Rayleigh Fading']
2026-02-26 14:19:51,712 - INFO - Eb/N0=5.00 dB | Es/N0=9.77 dB | Mod=PSKModulator-8 | Gray=False | CodeRate=1.000 | Bits=100000 | BitErrors=42831 | BER=4.283e-01 | SER=7.818e-01 | CorrectedErrors=0 | DetectedErrors=0 | Blocks=0 | Channels=['Rayleigh Fading']
2026-02-26 14:19:51,933 - INFO - Eb/N0=5.00 dB | Es/N0=9.77 dB | Mod=PSKModulator-8 | Gray=False | CodeRate=1.000 | Bits=100000 | BitErrors=38703 | BER=3.870e-01 | SER=7.340e-01 | CorrectedErrors=0 | DetectedErrors=0 | Blocks=0 | Channels=['Rayleigh Fading']
2026-02-26 14:19:52,158 - INFO - Eb/N0=6.00 dB | Es/N0=10.77 dB | Mod=PSKModulator-8 | Gray=False | CodeRate=1.000 | Bits=100000 | BitErrors=28780 | BER=2.878e-01 | SER=6.278e-01 | CorrectedErrors=0 | DetectedErrors=0 | Blocks=0 | Channels=['Rayleigh Fading']
2026-02-26 14:19:52,371 - INFO - Eb/N0=6.00 dB | Es/N0=10.77 dB | Mod=PSKModulator-8 | Gray=False | CodeRate=1.000 | Bits=100000 | BitErrors=44218 | BER=4.422e-01 | SER=7.980e-01 | CorrectedErrors=0 | DetectedErrors=0 | Blocks=0 | Channels=['Rayleigh Fading']
2026-02-26 14:19:52,587 - INFO - Eb/N0=6.00 dB | Es/N0=10.77 dB | Mod=PSKModulator-8 | Gray=False | CodeRate=1.000 | Bits=100000 | BitErrors=28475 | BER=2.848e-01 | SER=6.246e-01 | CorrectedErrors=0 | DetectedErrors=0 | Blocks=0 | Channels=['Rayleigh Fading']
2026-02-26 14:19:52,810 - INFO - Eb/N0=6.00 dB | Es/N0=10.77 dB | Mod=PSKModulator-8 | Gray=False | CodeRate=1.000 | Bits=100000 | BitErrors=28207 | BER=2.821e-01 | SER=6.216e-01 | CorrectedErrors=0 | DetectedErrors=0 | Blocks=0 | Channels=['Rayleigh Fading']
2026-02-26 14:19:53,037 - INFO - Eb/N0=6.00 dB | Es/N0=10.77 dB | Mod=PSKModulator-8 | Gray=False | CodeRate=1.000 | Bits=100000 | BitErrors=38224 | BER=3.822e-01 | SER=7.307e-01 | CorrectedErrors=0 | DetectedErrors=0 | Blocks=0 | Channels=['Rayleigh Fading']
2026-02-26 14:19:53,262 - INFO - Eb/N0=7.00 dB | Es/N0=11.77 dB | Mod=PSKModulator-8 | Gray=False | CodeRate=1.000 | Bits=100000 | BitErrors=33962 | BER=3.396e-01 | SER=6.847e-01 | CorrectedErrors=0 | DetectedErrors=0 | Blocks=0 | Channels=['Rayleigh Fading']
2026-02-26 14:19:53,478 - INFO - Eb/N0=7.00 dB | Es/N0=11.77 dB | Mod=PSKModulator-8 | Gray=False | CodeRate=1.000 | Bits=100000 | BitErrors=35552 | BER=3.555e-01 | SER=7.018e-01 | CorrectedErrors=0 | DetectedErrors=0 | Blocks=0 | Channels=['Rayleigh Fading']
2026-02-26 14:19:53,697 - INFO - Eb/N0=7.00 dB | Es/N0=11.77 dB | Mod=PSKModulator-8 | Gray=False | CodeRate=1.000 | Bits=100000 | BitErrors=36969 | BER=3.697e-01 | SER=7.161e-01 | CorrectedErrors=0 | DetectedErrors=0 | Blocks=0 | Channels=['Rayleigh Fading']
2026-02-26 14:19:53,944 - INFO - Eb/N0=7.00 dB | Es/N0=11.77 dB | Mod=PSKModulator-8 | Gray=False | CodeRate=1.000 | Bits=100000 | BitErrors=41972 | BER=4.197e-01 | SER=7.750e-01 | CorrectedErrors=0 | DetectedErrors=0 | Blocks=0 | Channels=['Rayleigh Fading']
2026-02-26 14:19:54,155 - INFO - Eb/N0=7.00 dB | Es/N0=11.77 dB | Mod=PSKModulator-8 | Gray=False | CodeRate=1.000 | Bits=100000 | BitErrors=34582 | BER=3.458e-01 | SER=6.914e-01 | CorrectedErrors=0 | DetectedErrors=0 | Blocks=0 | Channels=['Rayleigh Fading']
2026-02-26 14:19:54,369 - INFO - Eb/N0=8.00 dB | Es/N0=12.77 dB | Mod=PSKModulator-8 | Gray=False | CodeRate=1.000 | Bits=100000 | BitErrors=43172 | BER=4.317e-01 | SER=7.886e-01 | CorrectedErrors=0 | DetectedErrors=0 | Blocks=0 | Channels=['Rayleigh Fading']
2026-02-26 14:19:54,586 - INFO - Eb/N0=8.00 dB | Es/N0=12.77 dB | Mod=PSKModulator-8 | Gray=False | CodeRate=1.000 | Bits=100000 | BitErrors=42791 | BER=4.279e-01 | SER=7.841e-01 | CorrectedErrors=0 | DetectedErrors=0 | Blocks=0 | Channels=['Rayleigh Fading']
2026-02-26 14:19:54,802 - INFO - Eb/N0=8.00 dB | Es/N0=12.77 dB | Mod=PSKModulator-8 | Gray=False | CodeRate=1.000 | Bits=100000 | BitErrors=31321 | BER=3.132e-01 | SER=6.560e-01 | CorrectedErrors=0 | DetectedErrors=0 | Blocks=0 | Channels=['Rayleigh Fading']
2026-02-26 14:19:55,019 - INFO - Eb/N0=8.00 dB | Es/N0=12.77 dB | Mod=PSKModulator-8 | Gray=False | CodeRate=1.000 | Bits=100000 | BitErrors=34280 | BER=3.428e-01 | SER=6.889e-01 | CorrectedErrors=0 | DetectedErrors=0 | Blocks=0 | Channels=['Rayleigh Fading']
2026-02-26 14:19:55,236 - INFO - Eb/N0=8.00 dB | Es/N0=12.77 dB | Mod=PSKModulator-8 | Gray=False | CodeRate=1.000 | Bits=100000 | BitErrors=21492 | BER=2.149e-01 | SER=5.513e-01 | CorrectedErrors=0 | DetectedErrors=0 | Blocks=0 | Channels=['Rayleigh Fading']
2026-02-26 14:19:55,448 - INFO - Eb/N0=9.00 dB | Es/N0=13.77 dB | Mod=PSKModulator-8 | Gray=False | CodeRate=1.000 | Bits=100000 | BitErrors=20266 | BER=2.027e-01 | SER=5.387e-01 | CorrectedErrors=0 | DetectedErrors=0 | Blocks=0 | Channels=['Rayleigh Fading']
2026-02-26 14:19:55,669 - INFO - Eb/N0=9.00 dB | Es/N0=13.77 dB | Mod=PSKModulator-8 | Gray=False | CodeRate=1.000 | Bits=100000 | BitErrors=33646 | BER=3.365e-01 | SER=6.821e-01 | CorrectedErrors=0 | DetectedErrors=0 | Blocks=0 | Channels=['Rayleigh Fading']
2026-02-26 14:19:55,881 - INFO - Eb/N0=9.00 dB | Es/N0=13.77 dB | Mod=PSKModulator-8 | Gray=False | CodeRate=1.000 | Bits=100000 | BitErrors=24341 | BER=2.434e-01 | SER=5.810e-01 | CorrectedErrors=0 | DetectedErrors=0 | Blocks=0 | Channels=['Rayleigh Fading']
2026-02-26 14:19:56,100 - INFO - Eb/N0=9.00 dB | Es/N0=13.77 dB | Mod=PSKModulator-8 | Gray=False | CodeRate=1.000 | Bits=100000 | BitErrors=31655 | BER=3.165e-01 | SER=6.594e-01 | CorrectedErrors=0 | DetectedErrors=0 | Blocks=0 | Channels=['Rayleigh Fading']
2026-02-26 14:19:56,313 - INFO - Eb/N0=9.00 dB | Es/N0=13.77 dB | Mod=PSKModulator-8 | Gray=False | CodeRate=1.000 | Bits=100000 | BitErrors=33292 | BER=3.329e-01 | SER=6.762e-01 | CorrectedErrors=0 | DetectedErrors=0 | Blocks=0 | Channels=['Rayleigh Fading']
2026-02-26 14:19:56,524 - INFO - Eb/N0=10.00 dB | Es/N0=14.77 dB | Mod=PSKModulator-8 | Gray=False | CodeRate=1.000 | Bits=100000 | BitErrors=24996 | BER=2.500e-01 | SER=5.882e-01 | CorrectedErrors=0 | DetectedErrors=0 | Blocks=0 | Channels=['Rayleigh Fading']
2026-02-26 14:19:56,737 - INFO - Eb/N0=10.00 dB | Es/N0=14.77 dB | Mod=PSKModulator-8 | Gray=False | CodeRate=1.000 | Bits=100000 | BitErrors=36215 | BER=3.622e-01 | SER=7.093e-01 | CorrectedErrors=0 | DetectedErrors=0 | Blocks=0 | Channels=['Rayleigh Fading']
2026-02-26 14:19:56,952 - INFO - Eb/N0=10.00 dB | Es/N0=14.77 dB | Mod=PSKModulator-8 | Gray=False | CodeRate=1.000 | Bits=100000 | BitErrors=40706 | BER=4.071e-01 | SER=7.602e-01 | CorrectedErrors=0 | DetectedErrors=0 | Blocks=0 | Channels=['Rayleigh Fading']
2026-02-26 14:19:57,171 - INFO - Eb/N0=10.00 dB | Es/N0=14.77 dB | Mod=PSKModulator-8 | Gray=False | CodeRate=1.000 | Bits=100000 | BitErrors=38963 | BER=3.896e-01 | SER=7.394e-01 | CorrectedErrors=0 | DetectedErrors=0 | Blocks=0 | Channels=['Rayleigh Fading']
2026-02-26 14:19:57,383 - INFO - Eb/N0=10.00 dB | Es/N0=14.77 dB | Mod=PSKModulator-8 | Gray=False | CodeRate=1.000 | Bits=100000 | BitErrors=34220 | BER=3.422e-01 | SER=6.885e-01 | CorrectedErrors=0 | DetectedErrors=0 | Blocks=0 | Channels=['Rayleigh Fading']
2026-02-26 14:19:57,600 - INFO - Eb/N0=11.00 dB | Es/N0=15.77 dB | Mod=PSKModulator-8 | Gray=False | CodeRate=1.000 | Bits=100000 | BitErrors=43667 | BER=4.367e-01 | SER=7.941e-01 | CorrectedErrors=0 | DetectedErrors=0 | Blocks=0 | Channels=['Rayleigh Fading']
2026-02-26 14:19:57,817 - INFO - Eb/N0=11.00 dB | Es/N0=15.77 dB | Mod=PSKModulator-8 | Gray=False | CodeRate=1.000 | Bits=100000 | BitErrors=39323 | BER=3.932e-01 | SER=7.442e-01 | CorrectedErrors=0 | DetectedErrors=0 | Blocks=0 | Channels=['Rayleigh Fading']
2026-02-26 14:19:58,038 - INFO - Eb/N0=11.00 dB | Es/N0=15.77 dB | Mod=PSKModulator-8 | Gray=False | CodeRate=1.000 | Bits=100000 | BitErrors=43056 | BER=4.306e-01 | SER=7.874e-01 | CorrectedErrors=0 | DetectedErrors=0 | Blocks=0 | Channels=['Rayleigh Fading']
2026-02-26 14:19:58,257 - INFO - Eb/N0=11.00 dB | Es/N0=15.77 dB | Mod=PSKModulator-8 | Gray=False | CodeRate=1.000 | Bits=100000 | BitErrors=31010 | BER=3.101e-01 | SER=6.530e-01 | CorrectedErrors=0 | DetectedErrors=0 | Blocks=0 | Channels=['Rayleigh Fading']
2026-02-26 14:19:58,512 - INFO - Eb/N0=11.00 dB | Es/N0=15.77 dB | Mod=PSKModulator-8 | Gray=False | CodeRate=1.000 | Bits=100000 | BitErrors=40076 | BER=4.008e-01 | SER=7.508e-01 | CorrectedErrors=0 | DetectedErrors=0 | Blocks=0 | Channels=['Rayleigh Fading']
2026-02-26 14:19:58,730 - INFO - Eb/N0=12.00 dB | Es/N0=16.77 dB | Mod=PSKModulator-8 | Gray=False | CodeRate=1.000 | Bits=100000 | BitErrors=21312 | BER=2.131e-01 | SER=5.496e-01 | CorrectedErrors=0 | DetectedErrors=0 | Blocks=0 | Channels=['Rayleigh Fading']
2026-02-26 14:19:59,323 - INFO - Eb/N0=12.00 dB | Es/N0=16.77 dB | Mod=PSKModulator-8 | Gray=False | CodeRate=1.000 | Bits=100000 | BitErrors=45450 | BER=4.545e-01 | SER=8.099e-01 | CorrectedErrors=0 | DetectedErrors=0 | Blocks=0 | Channels=['Rayleigh Fading']
2026-02-26 14:19:59,928 - INFO - Eb/N0=12.00 dB | Es/N0=16.77 dB | Mod=PSKModulator-8 | Gray=False | CodeRate=1.000 | Bits=100000 | BitErrors=17339 | BER=1.734e-01 | SER=5.097e-01 | CorrectedErrors=0 | DetectedErrors=0 | Blocks=0 | Channels=['Rayleigh Fading']
2026-02-26 14:20:00,543 - INFO - Eb/N0=12.00 dB | Es/N0=16.77 dB | Mod=PSKModulator-8 | Gray=False | CodeRate=1.000 | Bits=100000 | BitErrors=34977 | BER=3.498e-01 | SER=6.950e-01 | CorrectedErrors=0 | DetectedErrors=0 | Blocks=0 | Channels=['Rayleigh Fading']
2026-02-26 14:20:01,165 - INFO - Eb/N0=12.00 dB | Es/N0=16.77 dB | Mod=PSKModulator-8 | Gray=False | CodeRate=1.000 | Bits=100000 | BitErrors=40016 | BER=4.002e-01 | SER=7.492e-01 | CorrectedErrors=0 | DetectedErrors=0 | Blocks=0 | Channels=['Rayleigh Fading']
2026-02-26 14:20:01,473 - INFO - Eb/N0=13.00 dB | Es/N0=17.77 dB | Mod=PSKModulator-8 | Gray=False | CodeRate=1.000 | Bits=100000 | BitErrors=40084 | BER=4.008e-01 | SER=7.499e-01 | CorrectedErrors=0 | DetectedErrors=0 | Blocks=0 | Channels=['Rayleigh Fading']
2026-02-26 14:20:01,698 - INFO - Eb/N0=13.00 dB | Es/N0=17.77 dB | Mod=PSKModulator-8 | Gray=False | CodeRate=1.000 | Bits=100000 | BitErrors=30731 | BER=3.073e-01 | SER=6.498e-01 | CorrectedErrors=0 | DetectedErrors=0 | Blocks=0 | Channels=['Rayleigh Fading']
2026-02-26 14:20:01,927 - INFO - Eb/N0=13.00 dB | Es/N0=17.77 dB | Mod=PSKModulator-8 | Gray=False | CodeRate=1.000 | Bits=100000 | BitErrors=43299 | BER=4.330e-01 | SER=7.899e-01 | CorrectedErrors=0 | DetectedErrors=0 | Blocks=0 | Channels=['Rayleigh Fading']
2026-02-26 14:20:02,147 - INFO - Eb/N0=13.00 dB | Es/N0=17.77 dB | Mod=PSKModulator-8 | Gray=False | CodeRate=1.000 | Bits=100000 | BitErrors=30740 | BER=3.074e-01 | SER=6.498e-01 | CorrectedErrors=0 | DetectedErrors=0 | Blocks=0 | Channels=['Rayleigh Fading']
2026-02-26 14:20:02,375 - INFO - Eb/N0=13.00 dB | Es/N0=17.77 dB | Mod=PSKModulator-8 | Gray=False | CodeRate=1.000 | Bits=100000 | BitErrors=37971 | BER=3.797e-01 | SER=7.298e-01 | CorrectedErrors=0 | DetectedErrors=0 | Blocks=0 | Channels=['Rayleigh Fading']
2026-02-26 14:20:02,608 - INFO - Eb/N0=14.00 dB | Es/N0=18.77 dB | Mod=PSKModulator-8 | Gray=False | CodeRate=1.000 | Bits=100000 | BitErrors=27203 | BER=2.720e-01 | SER=6.098e-01 | CorrectedErrors=0 | DetectedErrors=0 | Blocks=0 | Channels=['Rayleigh Fading']
2026-02-26 14:20:02,836 - INFO - Eb/N0=14.00 dB | Es/N0=18.77 dB | Mod=PSKModulator-8 | Gray=False | CodeRate=1.000 | Bits=100000 | BitErrors=32825 | BER=3.282e-01 | SER=6.698e-01 | CorrectedErrors=0 | DetectedErrors=0 | Blocks=0 | Channels=['Rayleigh Fading']
2026-02-26 14:20:03,061 - INFO - Eb/N0=14.00 dB | Es/N0=18.77 dB | Mod=PSKModulator-8 | Gray=False | CodeRate=1.000 | Bits=100000 | BitErrors=35952 | BER=3.595e-01 | SER=7.098e-01 | CorrectedErrors=0 | DetectedErrors=0 | Blocks=0 | Channels=['Rayleigh Fading']
2026-02-26 14:20:03,283 - INFO - Eb/N0=14.00 dB | Es/N0=18.77 dB | Mod=PSKModulator-8 | Gray=False | CodeRate=1.000 | Bits=100000 | BitErrors=37893 | BER=3.789e-01 | SER=7.298e-01 | CorrectedErrors=0 | DetectedErrors=0 | Blocks=0 | Channels=['Rayleigh Fading']
2026-02-26 14:20:03,496 - INFO - Eb/N0=14.00 dB | Es/N0=18.77 dB | Mod=PSKModulator-8 | Gray=False | CodeRate=1.000 | Bits=100000 | BitErrors=32561 | BER=3.256e-01 | SER=6.698e-01 | CorrectedErrors=0 | DetectedErrors=0 | Blocks=0 | Channels=['Rayleigh Fading']
2026-02-26 14:20:03,712 - INFO - Eb/N0=15.00 dB | Es/N0=19.77 dB | Mod=PSKModulator-8 | Gray=False | CodeRate=1.000 | Bits=100000 | BitErrors=32682 | BER=3.268e-01 | SER=6.698e-01 | CorrectedErrors=0 | DetectedErrors=0 | Blocks=0 | Channels=['Rayleigh Fading']
2026-02-26 14:20:03,929 - INFO - Eb/N0=15.00 dB | Es/N0=19.77 dB | Mod=PSKModulator-8 | Gray=False | CodeRate=1.000 | Bits=100000 | BitErrors=43390 | BER=4.339e-01 | SER=7.899e-01 | CorrectedErrors=0 | DetectedErrors=0 | Blocks=0 | Channels=['Rayleigh Fading']
2026-02-26 14:20:04,148 - INFO - Eb/N0=15.00 dB | Es/N0=19.77 dB | Mod=PSKModulator-8 | Gray=False | CodeRate=1.000 | Bits=100000 | BitErrors=43297 | BER=4.330e-01 | SER=7.899e-01 | CorrectedErrors=0 | DetectedErrors=0 | Blocks=0 | Channels=['Rayleigh Fading']
2026-02-26 14:20:04,367 - INFO - Eb/N0=15.00 dB | Es/N0=19.77 dB | Mod=PSKModulator-8 | Gray=False | CodeRate=1.000 | Bits=100000 | BitErrors=37854 | BER=3.785e-01 | SER=7.298e-01 | CorrectedErrors=0 | DetectedErrors=0 | Blocks=0 | Channels=['Rayleigh Fading']
2026-02-26 14:20:04,582 - INFO - Eb/N0=15.00 dB | Es/N0=19.77 dB | Mod=PSKModulator-8 | Gray=False | CodeRate=1.000 | Bits=100000 | BitErrors=19314 | BER=1.931e-01 | SER=5.297e-01 | CorrectedErrors=0 | DetectedErrors=0 | Blocks=0 | Channels=['Rayleigh Fading']
2026-02-26 14:20:04,796 - INFO - Eb/N0=16.00 dB | Es/N0=20.77 dB | Mod=PSKModulator-8 | Gray=False | CodeRate=1.000 | Bits=100000 | BitErrors=43287 | BER=4.329e-01 | SER=7.899e-01 | CorrectedErrors=0 | DetectedErrors=0 | Blocks=0 | Channels=['Rayleigh Fading']
2026-02-26 14:20:05,017 - INFO - Eb/N0=16.00 dB | Es/N0=20.77 dB | Mod=PSKModulator-8 | Gray=False | CodeRate=1.000 | Bits=100000 | BitErrors=43278 | BER=4.328e-01 | SER=7.899e-01 | CorrectedErrors=0 | DetectedErrors=0 | Blocks=0 | Channels=['Rayleigh Fading']
2026-02-26 14:20:05,231 - INFO - Eb/N0=16.00 dB | Es/N0=20.77 dB | Mod=PSKModulator-8 | Gray=False | CodeRate=1.000 | Bits=100000 | BitErrors=23375 | BER=2.338e-01 | SER=5.698e-01 | CorrectedErrors=0 | DetectedErrors=0 | Blocks=0 | Channels=['Rayleigh Fading']
2026-02-26 14:20:05,448 - INFO - Eb/N0=16.00 dB | Es/N0=20.77 dB | Mod=PSKModulator-8 | Gray=False | CodeRate=1.000 | Bits=100000 | BitErrors=19311 | BER=1.931e-01 | SER=5.297e-01 | CorrectedErrors=0 | DetectedErrors=0 | Blocks=0 | Channels=['Rayleigh Fading']
2026-02-26 14:20:05,658 - INFO - Eb/N0=16.00 dB | Es/N0=20.77 dB | Mod=PSKModulator-8 | Gray=False | CodeRate=1.000 | Bits=100000 | BitErrors=28698 | BER=2.870e-01 | SER=6.298e-01 | CorrectedErrors=0 | DetectedErrors=0 | Blocks=0 | Channels=['Rayleigh Fading']
2026-02-26 14:20:05,867 - INFO - Eb/N0=17.00 dB | Es/N0=21.77 dB | Mod=PSKModulator-8 | Gray=False | CodeRate=1.000 | Bits=100000 | BitErrors=37815 | BER=3.781e-01 | SER=7.298e-01 | CorrectedErrors=0 | DetectedErrors=0 | Blocks=0 | Channels=['Rayleigh Fading']
2026-02-26 14:20:06,080 - INFO - Eb/N0=17.00 dB | Es/N0=21.77 dB | Mod=PSKModulator-8 | Gray=False | CodeRate=1.000 | Bits=100000 | BitErrors=26720 | BER=2.672e-01 | SER=6.098e-01 | CorrectedErrors=0 | DetectedErrors=0 | Blocks=0 | Channels=['Rayleigh Fading']
2026-02-26 14:20:06,294 - INFO - Eb/N0=17.00 dB | Es/N0=21.77 dB | Mod=PSKModulator-8 | Gray=False | CodeRate=1.000 | Bits=100000 | BitErrors=26690 | BER=2.669e-01 | SER=6.098e-01 | CorrectedErrors=0 | DetectedErrors=0 | Blocks=0 | Channels=['Rayleigh Fading']
2026-02-26 14:20:06,518 - INFO - Eb/N0=17.00 dB | Es/N0=21.77 dB | Mod=PSKModulator-8 | Gray=False | CodeRate=1.000 | Bits=100000 | BitErrors=26652 | BER=2.665e-01 | SER=6.098e-01 | CorrectedErrors=0 | DetectedErrors=0 | Blocks=0 | Channels=['Rayleigh Fading']
2026-02-26 14:20:06,738 - INFO - Eb/N0=17.00 dB | Es/N0=21.77 dB | Mod=PSKModulator-8 | Gray=False | CodeRate=1.000 | Bits=100000 | BitErrors=23342 | BER=2.334e-01 | SER=5.698e-01 | CorrectedErrors=0 | DetectedErrors=0 | Blocks=0 | Channels=['Rayleigh Fading']
2026-02-26 14:20:06,957 - INFO - Eb/N0=18.00 dB | Es/N0=22.77 dB | Mod=PSKModulator-8 | Gray=False | CodeRate=1.000 | Bits=100000 | BitErrors=46751 | BER=4.675e-01 | SER=8.299e-01 | CorrectedErrors=0 | DetectedErrors=0 | Blocks=0 | Channels=['Rayleigh Fading']
2026-02-26 14:20:07,172 - INFO - Eb/N0=18.00 dB | Es/N0=22.77 dB | Mod=PSKModulator-8 | Gray=False | CodeRate=1.000 | Bits=100000 | BitErrors=23394 | BER=2.339e-01 | SER=5.698e-01 | CorrectedErrors=0 | DetectedErrors=0 | Blocks=0 | Channels=['Rayleigh Fading']
2026-02-26 14:20:07,384 - INFO - Eb/N0=18.00 dB | Es/N0=22.77 dB | Mod=PSKModulator-8 | Gray=False | CodeRate=1.000 | Bits=100000 | BitErrors=41262 | BER=4.126e-01 | SER=7.699e-01 | CorrectedErrors=0 | DetectedErrors=0 | Blocks=0 | Channels=['Rayleigh Fading']
2026-02-26 14:20:07,603 - INFO - Eb/N0=18.00 dB | Es/N0=22.77 dB | Mod=PSKModulator-8 | Gray=False | CodeRate=1.000 | Bits=100000 | BitErrors=25313 | BER=2.531e-01 | SER=5.898e-01 | CorrectedErrors=0 | DetectedErrors=0 | Blocks=0 | Channels=['Rayleigh Fading']
2026-02-26 14:20:07,816 - INFO - Eb/N0=18.00 dB | Es/N0=22.77 dB | Mod=PSKModulator-8 | Gray=False | CodeRate=1.000 | Bits=100000 | BitErrors=39943 | BER=3.994e-01 | SER=7.499e-01 | CorrectedErrors=0 | DetectedErrors=0 | Blocks=0 | Channels=['Rayleigh Fading']
2026-02-26 14:20:08,027 - INFO - Eb/N0=19.00 dB | Es/N0=23.77 dB | Mod=PSKModulator-8 | Gray=False | CodeRate=1.000 | Bits=100000 | BitErrors=27332 | BER=2.733e-01 | SER=6.098e-01 | CorrectedErrors=0 | DetectedErrors=0 | Blocks=0 | Channels=['Rayleigh Fading']
2026-02-26 14:20:08,238 - INFO - Eb/N0=19.00 dB | Es/N0=23.77 dB | Mod=PSKModulator-8 | Gray=False | CodeRate=1.000 | Bits=100000 | BitErrors=48647 | BER=4.865e-01 | SER=8.499e-01 | CorrectedErrors=0 | DetectedErrors=0 | Blocks=0 | Channels=['Rayleigh Fading']
2026-02-26 14:20:08,457 - INFO - Eb/N0=19.00 dB | Es/N0=23.77 dB | Mod=PSKModulator-8 | Gray=False | CodeRate=1.000 | Bits=100000 | BitErrors=25299 | BER=2.530e-01 | SER=5.898e-01 | CorrectedErrors=0 | DetectedErrors=0 | Blocks=0 | Channels=['Rayleigh Fading']
2026-02-26 14:20:08,674 - INFO - Eb/N0=19.00 dB | Es/N0=23.77 dB | Mod=PSKModulator-8 | Gray=False | CodeRate=1.000 | Bits=100000 | BitErrors=30649 | BER=3.065e-01 | SER=6.498e-01 | CorrectedErrors=0 | DetectedErrors=0 | Blocks=0 | Channels=['Rayleigh Fading']
2026-02-26 14:20:08,885 - INFO - Eb/N0=19.00 dB | Es/N0=23.77 dB | Mod=PSKModulator-8 | Gray=False | CodeRate=1.000 | Bits=100000 | BitErrors=19325 | BER=1.933e-01 | SER=5.297e-01 | CorrectedErrors=0 | DetectedErrors=0 | Blocks=0 | Channels=['Rayleigh Fading']
2026-02-26 14:20:09,100 - INFO - Eb/N0=20.00 dB | Es/N0=24.77 dB | Mod=PSKModulator-8 | Gray=False | CodeRate=1.000 | Bits=100000 | BitErrors=36203 | BER=3.620e-01 | SER=7.098e-01 | CorrectedErrors=0 | DetectedErrors=0 | Blocks=0 | Channels=['Rayleigh Fading']
2026-02-26 14:20:09,316 - INFO - Eb/N0=20.00 dB | Es/N0=24.77 dB | Mod=PSKModulator-8 | Gray=False | CodeRate=1.000 | Bits=100000 | BitErrors=28667 | BER=2.867e-01 | SER=6.298e-01 | CorrectedErrors=0 | DetectedErrors=0 | Blocks=0 | Channels=['Rayleigh Fading']
2026-02-26 14:20:09,540 - INFO - Eb/N0=20.00 dB | Es/N0=24.77 dB | Mod=PSKModulator-8 | Gray=False | CodeRate=1.000 | Bits=100000 | BitErrors=48064 | BER=4.806e-01 | SER=8.499e-01 | CorrectedErrors=0 | DetectedErrors=0 | Blocks=0 | Channels=['Rayleigh Fading']
2026-02-26 14:20:09,763 - INFO - Eb/N0=20.00 dB | Es/N0=24.77 dB | Mod=PSKModulator-8 | Gray=False | CodeRate=1.000 | Bits=100000 | BitErrors=41437 | BER=4.144e-01 | SER=7.699e-01 | CorrectedErrors=0 | DetectedErrors=0 | Blocks=0 | Channels=['Rayleigh Fading']
2026-02-26 14:20:09,979 - INFO - Eb/N0=20.00 dB | Es/N0=24.77 dB | Mod=PSKModulator-8 | Gray=False | CodeRate=1.000 | Bits=100000 | BitErrors=30620 | BER=3.062e-01 | SER=6.498e-01 | CorrectedErrors=0 | DetectedErrors=0 | Blocks=0 | Channels=['Rayleigh Fading']
2026-02-26 14:20:09,980 - INFO - Результаты сохранены в файл: results_PSK8_Random_20260226_142009.txt
2026-02-26 14:20:09,980 - INFO - ============================================================
2026-02-26 14:20:09,980 - INFO - СИМУЛЯЦИЯ ЗАВЕРШЕНА за 24.7 с
2026-02-26 14:20:09,980 - INFO - Результаты сохранены в results_PSK8_Random_20260226_142009.txt
2026-02-26 14:20:09,980 - INFO - ============================================================
2026-02-26 14:20:10,272 - INFO - График сохранён: Plot_PSK8_Random_20260226_142010.png
